

Microchip Technology PIC18 LITE Macro Assembler V1.21 build 54009 
                                                                                               Wed Jan 01 14:58:25 2014

Microchip Technology Omniscient Code Generator (Lite mode) build 54009
     1                           	processor	18F458
     2                           	fnconf	rparam,??,?,0
     3                           	opt	pw 120
     4                           	opt	lm
     5                           	psect	intcode,global,reloc=2,class=CODE,delta=1
     6                           	psect	cinit,global,reloc=2,class=CODE,delta=1
     7                           	psect	cstackCOMRAM,global,class=COMRAM,space=1,delta=1
     8                           	psect	text0,global,reloc=2,class=CODE,delta=1
     9                           	psect	intsave_regs,global,class=BIGRAM,space=1,delta=1
    10                           	psect	rparam,global,class=COMRAM,space=1,delta=1
    11  0000                     _INTCON	set	4082
    12  0000                     _INTCON2	set	4081
    13  0000                     _LATD	set	3980
    14  0000                     _PORTB	set	3969
    15  0000                     _RCON	set	4048
    16  0000                     _TRISB	set	3987
    17  0000                     _TRISD	set	3989
    18                           
    19 ;; *************** function _isr *****************
    20 ;; Defined at:
    21 ;;		line 4 in file "QuizGame.c"
    22 ;; Parameters:    Size  Location     Type
    23 ;;		None
    24 ;; Auto vars:     Size  Location     Type
    25 ;;  in              1   17[COMRAM] unsigned char 
    26 ;;  right           1   16[COMRAM] unsigned char 
    27 ;;  wrong           1   15[COMRAM] unsigned char 
    28 ;; Return value:  Size  Location     Type
    29 ;;		None               void
    30 ;; Registers used:
    31 ;;		wreg, status,2, status,0
    32 ;; Tracked objects:
    33 ;;		On entry : 0/0
    34 ;;		On exit  : 0/0
    35 ;;		Unchanged: 0/0
    36 ;; Data sizes:     COMRAM   BANK0   BANK1   BANK2   BANK3   BANK4   BANK5
    37 ;;      Params:         0       0       0       0       0       0       0
    38 ;;      Locals:         3       0       0       0       0       0       0
    39 ;;      Temps:         15       0       0       0       0       0       0
    40 ;;      Totals:        18       0       0       0       0       0       0
    41 ;;Total ram usage:       18 bytes
    42 ;; Hardware stack levels used:    1
    43 ;; This function calls:
    44 ;;		Nothing
    45 ;; This function is called by:
    46 ;;		Interrupt level 2
    47 ;; This function uses a non-reentrant model
    48 ;;
    49                           
    50                           	psect	intcode
    51  000008                     __pintcode:
    52                           	opt stack 0
    53                           
    54                           ; #config settings
    55  000008                     _isr:
    56                           	opt stack 30
    57                           
    58                           ;incstack = 0
    59  000008  FFFF               	dw	65535	; errata NOP
    60  00000A  CFFA F002          	movff	pclath,??_isr+1
    61  00000E  CFFB F003          	movff	pclatu,??_isr+2
    62  000012  CFE9 F004          	movff	fsr0l,??_isr+3
    63  000016  CFEA F005          	movff	fsr0h,??_isr+4
    64  00001A  CFE1 F006          	movff	fsr1l,??_isr+5
    65  00001E  CFE2 F007          	movff	fsr1h,??_isr+6
    66  000022  CFD9 F008          	movff	fsr2l,??_isr+7
    67  000026  CFDA F009          	movff	fsr2h,??_isr+8
    68  00002A  CFF3 F00A          	movff	prodl,??_isr+9
    69  00002E  CFF4 F00B          	movff	prodh,??_isr+10
    70  000032  CFF6 F00C          	movff	tblptrl,??_isr+11
    71  000036  CFF7 F00D          	movff	tblptrh,??_isr+12
    72  00003A  CFF8 F00E          	movff	tblptru,??_isr+13
    73  00003E  CFF5 F00F          	movff	tablat,??_isr+14
    74  000042                     
    75                           ;QuizGame.c: 5: unsigned char in;
    76                           ;QuizGame.c: 6: unsigned char right=0xF7, wrong=0xEF;
    77  000042  6E01               	movwf	??_isr& (0+255),c
    78  000044  0EF7               	movlw	247
    79  000046  6E11               	movwf	isr@right,c
    80  000048  5001               	movf	??_isr& (0+255),w,c
    81  00004A  6E01               	movwf	??_isr& (0+255),c
    82  00004C  0EEF               	movlw	239
    83  00004E  6E10               	movwf	isr@wrong,c
    84  000050  5001               	movf	??_isr& (0+255),w,c
    85  000052                     
    86                           ;QuizGame.c: 7: if(INTCON & 0x01)
    87  000052  A0F2               	btfss	intcon,0,c	;volatile
    88  000054  D001               	goto	i2u1_41
    89  000056  D001               	goto	i2u1_40
    90  000058                     i2u1_41:
    91  000058  D03E               	goto	i2l27
    92  00005A                     i2u1_40:
    93  00005A                     
    94                           ;QuizGame.c: 8: {
    95                           ;QuizGame.c: 9: in=PORTB;
    96  00005A  CF81 F012          	movff	3969,isr@in	;volatile
    97  00005E                     
    98                           ;QuizGame.c: 10: if((in & 0x0F) != 0x0F)
    99  00005E  5012               	movf	isr@in,w,c
   100  000060  0B0F               	andlw	15
   101  000062  0A0F               	xorlw	15
   102  000064  B4D8               	btfsc	status,2,c
   103  000066  D001               	goto	i2u2_41
   104  000068  D001               	goto	i2u2_40
   105  00006A                     i2u2_41:
   106  00006A  D033               	goto	i2l635
   107  00006C                     i2u2_40:
   108  00006C                     
   109                           ;QuizGame.c: 11: {
   110                           ;QuizGame.c: 12: if((!(in & 0x01)) && (!(in & 0x80)))
   111  00006C  B012               	btfsc	isr@in,0,c
   112  00006E  D001               	goto	i2u3_41
   113  000070  D001               	goto	i2u3_40
   114  000072                     i2u3_41:
   115  000072  D007               	goto	i2l19
   116  000074                     i2u3_40:
   117  000074  BE12               	btfsc	isr@in,7,c
   118  000076  D001               	goto	i2u4_41
   119  000078  D001               	goto	i2u4_40
   120  00007A                     i2u4_41:
   121  00007A  D003               	goto	i2l19
   122  00007C                     i2u4_40:
   123  00007C                     
   124                           ;QuizGame.c: 13: LATD=right;
   125  00007C  C011  FF8C         	movff	isr@right,3980	;volatile
   126  000080  D028               	goto	i2l635
   127  000082                     i2l19:
   128                           
   129                           ;QuizGame.c: 14: else if((!(in & 0x02)) && (!(in & 0x40)))
   130  000082  B212               	btfsc	isr@in,1,c
   131  000084  D001               	goto	i2u5_41
   132  000086  D001               	goto	i2u5_40
   133  000088                     i2u5_41:
   134  000088  D007               	goto	i2l21
   135  00008A                     i2u5_40:
   136  00008A  BC12               	btfsc	isr@in,6,c
   137  00008C  D001               	goto	i2u6_41
   138  00008E  D001               	goto	i2u6_40
   139  000090                     i2u6_41:
   140  000090  D003               	goto	i2l21
   141  000092                     i2u6_40:
   142  000092                     
   143                           ;QuizGame.c: 15: LATD=right;
   144  000092  C011  FF8C         	movff	isr@right,3980	;volatile
   145  000096  D01D               	goto	i2l635
   146  000098                     i2l21:
   147                           
   148                           ;QuizGame.c: 16: else if((!(in & 0x04)) && (!(in & 0x20)))
   149  000098  B412               	btfsc	isr@in,2,c
   150  00009A  D001               	goto	i2u7_41
   151  00009C  D001               	goto	i2u7_40
   152  00009E                     i2u7_41:
   153  00009E  D007               	goto	i2l23
   154  0000A0                     i2u7_40:
   155  0000A0  BA12               	btfsc	isr@in,5,c
   156  0000A2  D001               	goto	i2u8_41
   157  0000A4  D001               	goto	i2u8_40
   158  0000A6                     i2u8_41:
   159  0000A6  D003               	goto	i2l23
   160  0000A8                     i2u8_40:
   161  0000A8                     
   162                           ;QuizGame.c: 17: LATD=right;
   163  0000A8  C011  FF8C         	movff	isr@right,3980	;volatile
   164  0000AC  D012               	goto	i2l635
   165  0000AE                     i2l23:
   166                           
   167                           ;QuizGame.c: 18: else if((!(in & 0x08)) && (!(in & 0x10)))
   168  0000AE  B612               	btfsc	isr@in,3,c
   169  0000B0  D001               	goto	i2u9_41
   170  0000B2  D001               	goto	i2u9_40
   171  0000B4                     i2u9_41:
   172  0000B4  D007               	goto	i2l25
   173  0000B6                     i2u9_40:
   174  0000B6  B812               	btfsc	isr@in,4,c
   175  0000B8  D001               	goto	i2u10_41
   176  0000BA  D001               	goto	i2u10_40
   177  0000BC                     i2u10_41:
   178  0000BC  D003               	goto	i2l25
   179  0000BE                     i2u10_40:
   180  0000BE                     
   181                           ;QuizGame.c: 19: LATD=right;
   182  0000BE  C011  FF8C         	movff	isr@right,3980	;volatile
   183  0000C2  D007               	goto	i2l635
   184  0000C4                     i2l25:
   185                           
   186                           ;QuizGame.c: 20: else
   187                           ;QuizGame.c: 21: LATD=wrong;
   188  0000C4  C010  FF8C         	movff	isr@wrong,3980	;volatile
   189  0000C8  D004               	goto	i2l635
   190  0000CA  D003               	goto	i2l635
   191  0000CC  D002               	goto	i2l635
   192  0000CE  D001               	goto	i2l635
   193  0000D0  D000               	goto	i2l635
   194  0000D2                     i2l635:
   195                           
   196                           ;QuizGame.c: 22: }
   197                           ;QuizGame.c: 23: INTCON &= 0xFE;
   198  0000D2  90F2               	bcf	intcon,0,c	;volatile
   199  0000D4  D000               	goto	i2l27
   200  0000D6                     i2l27:
   201  0000D6  C00F  FFF5         	movff	??_isr+14,tablat
   202  0000DA  C00E  FFF8         	movff	??_isr+13,tblptru
   203  0000DE  C00D  FFF7         	movff	??_isr+12,tblptrh
   204  0000E2  C00C  FFF6         	movff	??_isr+11,tblptrl
   205  0000E6  C00B  FFF4         	movff	??_isr+10,prodh
   206  0000EA  C00A  FFF3         	movff	??_isr+9,prodl
   207  0000EE  C009  FFDA         	movff	??_isr+8,fsr2h
   208  0000F2  C008  FFD9         	movff	??_isr+7,fsr2l
   209  0000F6  C007  FFE2         	movff	??_isr+6,fsr1h
   210  0000FA  C006  FFE1         	movff	??_isr+5,fsr1l
   211  0000FE  C005  FFEA         	movff	??_isr+4,fsr0h
   212  000102  C004  FFE9         	movff	??_isr+3,fsr0l
   213  000106  C003  FFFB         	movff	??_isr+2,pclatu
   214  00010A  C002  FFFA         	movff	??_isr+1,pclath
   215  00010E  0011               	retfie		f
   216  000110  FFFF               	dw	65535	; errata NOP
   217  000112                     __end_of_isr:
   218                           	opt stack 0
   219  0000                     pclatu	equ	0xFFB
   220                           pclath	equ	0xFFA
   221                           tblptru	equ	0xFF8
   222                           tblptrh	equ	0xFF7
   223                           tblptrl	equ	0xFF6
   224                           tablat	equ	0xFF5
   225                           prodh	equ	0xFF4
   226                           prodl	equ	0xFF3
   227                           intcon	equ	0xFF2
   228                           fsr0h	equ	0xFEA
   229                           fsr0l	equ	0xFE9
   230                           fsr1h	equ	0xFE2
   231                           fsr1l	equ	0xFE1
   232                           fsr2h	equ	0xFDA
   233                           fsr2l	equ	0xFD9
   234                           status	equ	0xFD8
   235                           
   236                           	psect	cinit
   237  000138                     __pcinit:
   238                           	opt stack 0
   239  000138                     start_initialization:
   240                           	opt stack 0
   241  000138                     __initialization:
   242                           	opt stack 0
   243  000138                     end_of_initialization:
   244                           	opt stack 0
   245  000138                     __end_of__initialization:
   246                           	opt stack 0
   247  000138  0100               	movlb	0
   248  00013A  EF8C  F000         	goto	_main	;jump to C main() function
   249                           pclatu	equ	0xFFB
   250                           pclath	equ	0xFFA
   251                           tblptru	equ	0xFF8
   252                           tblptrh	equ	0xFF7
   253                           tblptrl	equ	0xFF6
   254                           tablat	equ	0xFF5
   255                           prodh	equ	0xFF4
   256                           prodl	equ	0xFF3
   257                           intcon	equ	0xFF2
   258                           fsr0h	equ	0xFEA
   259                           fsr0l	equ	0xFE9
   260                           fsr1h	equ	0xFE2
   261                           fsr1l	equ	0xFE1
   262                           fsr2h	equ	0xFDA
   263                           fsr2l	equ	0xFD9
   264                           status	equ	0xFD8
   265                           
   266                           	psect	cstackCOMRAM
   267  000001                     __pcstackCOMRAM:
   268                           	opt stack 0
   269  000001                     ??_isr:
   270  000001                     
   271                           ; 0 bytes @ 0x0
   272  000001                     	ds	15
   273  000010                     isr@wrong:
   274                           	opt stack 0
   275                           
   276                           ; 1 bytes @ 0xF
   277  000010                     	ds	1
   278  000011                     isr@right:
   279                           	opt stack 0
   280                           
   281                           ; 1 bytes @ 0x10
   282  000011                     	ds	1
   283  000012                     isr@in:
   284                           	opt stack 0
   285                           
   286                           ; 1 bytes @ 0x11
   287  000012                     	ds	1
   288  000013                     pclatu	equ	0xFFB
   289                           pclath	equ	0xFFA
   290                           tblptru	equ	0xFF8
   291                           tblptrh	equ	0xFF7
   292                           tblptrl	equ	0xFF6
   293                           tablat	equ	0xFF5
   294                           prodh	equ	0xFF4
   295                           prodl	equ	0xFF3
   296                           intcon	equ	0xFF2
   297                           fsr0h	equ	0xFEA
   298                           fsr0l	equ	0xFE9
   299                           fsr1h	equ	0xFE2
   300                           fsr1l	equ	0xFE1
   301                           fsr2h	equ	0xFDA
   302                           fsr2l	equ	0xFD9
   303                           status	equ	0xFD8
   304                           
   305                           ; 0 bytes @ 0x12
   306 ;;
   307 ;;Main: autosize = 0, tempsize = 0, incstack = 0, save=0
   308 ;;
   309 ;; *************** function _main *****************
   310 ;; Defined at:
   311 ;;		line 27 in file "QuizGame.c"
   312 ;; Parameters:    Size  Location     Type
   313 ;;		None
   314 ;; Auto vars:     Size  Location     Type
   315 ;;		None
   316 ;; Return value:  Size  Location     Type
   317 ;;		None               void
   318 ;; Registers used:
   319 ;;		wreg, status,2, status,0
   320 ;; Tracked objects:
   321 ;;		On entry : 0/0
   322 ;;		On exit  : 0/0
   323 ;;		Unchanged: 0/0
   324 ;; Data sizes:     COMRAM   BANK0   BANK1   BANK2   BANK3   BANK4   BANK5
   325 ;;      Params:         0       0       0       0       0       0       0
   326 ;;      Locals:         0       0       0       0       0       0       0
   327 ;;      Temps:          0       0       0       0       0       0       0
   328 ;;      Totals:         0       0       0       0       0       0       0
   329 ;;Total ram usage:        0 bytes
   330 ;; Hardware stack levels required when called:    1
   331 ;; This function calls:
   332 ;;		Nothing
   333 ;; This function is called by:
   334 ;;		Startup code after reset
   335 ;; This function uses a non-reentrant model
   336 ;;
   337                           
   338                           	psect	text0
   339  000116                     __ptext0:
   340                           	opt stack 0
   341  000116  FFFF               	dw	65535	; assembler added errata NOP
   342  000118                     _main:
   343                           	opt stack 30
   344                           
   345                           ;incstack = 0
   346  000118  FFFF               	dw	65535
   347                           
   348                           ;QuizGame.c: 28: TRISD=0x00;
   349                           
   350                           ;incstack = 0
   351  00011A  0E00               	movlw	0
   352  00011C  6E95               	movwf	3989,c	;volatile
   353                           
   354                           ;QuizGame.c: 29: TRISB = 0xFF;
   355  00011E  6893               	setf	3987,c	;volatile
   356                           
   357                           ;QuizGame.c: 30: RCON &= 0x7F;
   358  000120  9ED0               	bcf	4048,7,c	;volatile
   359                           
   360                           ;QuizGame.c: 31: INTCON = 0xC8;
   361  000122  0EC8               	movlw	200
   362  000124  6EF2               	movwf	intcon,c	;volatile
   363                           
   364                           ;QuizGame.c: 32: INTCON2 &= 0x01;
   365  000126  0E01               	movlw	1
   366  000128  16F1               	andwf	intcon2,f,c	;volatile
   367  00012A                     l30:
   368  00012A  FFFF               	dw	65535	; assembler added errata NOP
   369  00012C  D7FE               	goto	l30
   370  00012E                     __end_of_main:
   371                           	opt stack 0
   372  00012E  FFFF               	dw	65535	; assembler added errata NOP
   373                           pclatu	equ	0xFFB
   374                           pclath	equ	0xFFA
   375                           tblptru	equ	0xFF8
   376                           tblptrh	equ	0xFF7
   377                           tblptrl	equ	0xFF6
   378                           tablat	equ	0xFF5
   379                           prodh	equ	0xFF4
   380                           prodl	equ	0xFF3
   381                           intcon	equ	0xFF2
   382                           intcon2	equ	0xFF1
   383                           fsr0h	equ	0xFEA
   384                           fsr0l	equ	0xFE9
   385                           fsr1h	equ	0xFE2
   386                           fsr1l	equ	0xFE1
   387                           fsr2h	equ	0xFDA
   388                           fsr2l	equ	0xFD9
   389                           status	equ	0xFD8
   390                           pclatu	equ	0xFFB
   391                           pclath	equ	0xFFA
   392                           tblptru	equ	0xFF8
   393                           tblptrh	equ	0xFF7
   394                           tblptrl	equ	0xFF6
   395                           tablat	equ	0xFF5
   396                           prodh	equ	0xFF4
   397                           prodl	equ	0xFF3
   398                           intcon	equ	0xFF2
   399                           intcon2	equ	0xFF1
   400                           fsr0h	equ	0xFEA
   401                           fsr0l	equ	0xFE9
   402                           fsr1h	equ	0xFE2
   403                           fsr1l	equ	0xFE1
   404                           fsr2h	equ	0xFDA
   405                           fsr2l	equ	0xFD9
   406                           status	equ	0xFD8
   407                           
   408                           	psect	rparam
   409  0000                     pclatu	equ	0xFFB
   410                           pclath	equ	0xFFA
   411                           tblptru	equ	0xFF8
   412                           tblptrh	equ	0xFF7
   413                           tblptrl	equ	0xFF6
   414                           tablat	equ	0xFF5
   415                           prodh	equ	0xFF4
   416                           prodl	equ	0xFF3
   417                           intcon	equ	0xFF2
   418                           intcon2	equ	0xFF1
   419                           fsr0h	equ	0xFEA
   420                           fsr0l	equ	0xFE9
   421                           fsr1h	equ	0xFE2
   422                           fsr1l	equ	0xFE1
   423                           fsr2h	equ	0xFDA
   424                           fsr2l	equ	0xFD9
   425                           status	equ	0xFD8


Data Sizes:
    Strings     0
    Constant    0
    Data        0
    BSS         0
    Persistent  0
    Stack       0

Auto Spaces:
    Space          Size  Autos    Used
    COMRAM           95     18      18
    BANK0           160      0       0
    BANK1           256      0       0
    BANK2           256      0       0
    BANK3           256      0       0
    BANK4           256      0       0
    BANK5           256      0       0

Pointer List with Targets:

    None.

Critical Paths under _main in COMRAM

    None.

Critical Paths under _isr in COMRAM

    None.

Critical Paths under _main in BANK0

    None.

Critical Paths under _isr in BANK0

    None.

Critical Paths under _main in BANK1

    None.

Critical Paths under _isr in BANK1

    None.

Critical Paths under _main in BANK2

    None.

Critical Paths under _isr in BANK2

    None.

Critical Paths under _main in BANK3

    None.

Critical Paths under _isr in BANK3

    None.

Critical Paths under _main in BANK4

    None.

Critical Paths under _isr in BANK4

    None.

Critical Paths under _main in BANK5

    None.

Critical Paths under _isr in BANK5

    None.

Call Graph Tables:

 ---------------------------------------------------------------------------------
 (Depth) Function   	        Calls       Base Space   Used Autos Params    Refs
 ---------------------------------------------------------------------------------
 (0) _main                                                 0     0      0       0
 ---------------------------------------------------------------------------------
 Estimated maximum stack depth 0
 ---------------------------------------------------------------------------------
 (Depth) Function   	        Calls       Base Space   Used Autos Params    Refs
 ---------------------------------------------------------------------------------
 (1) _isr                                                 18    18      0     210
                                              0 COMRAM    18    18      0
 ---------------------------------------------------------------------------------
 Estimated maximum stack depth 1
 ---------------------------------------------------------------------------------

 Call Graph Graphs:

 _main (ROOT)

 _isr (ROOT)

 Address spaces:
Name               Size   Autos  Total    Cost      Usage
BITCOMRAM           5F      0       0       0        0.0%
EEDATA             100      0       0       0        0.0%
NULL                 0      0       0       0        0.0%
CODE                 0      0       0       0        0.0%
COMRAM              5F     12      12       1       18.9%
STACK                0      0       0       2        0.0%
BITBANK0            A0      0       0       3        0.0%
BANK0               A0      0       0       4        0.0%
BITBANK1           100      0       0       5        0.0%
BANK1              100      0       0       6        0.0%
BITBANK2           100      0       0       7        0.0%
BANK2              100      0       0       8        0.0%
ABS                  0      0       0       9        0.0%
BITBANK3           100      0       0      10        0.0%
BANK3              100      0       0      11        0.0%
BITBANK4           100      0       0      12        0.0%
BANK4              100      0       0      13        0.0%
BITBANK5           100      0       0      14        0.0%
BANK5              100      0       0      15        0.0%
BIGRAM             5FF      0       0      16        0.0%
DATA                 0      0       0      17        0.0%
BITSFR_1             0      0       0      40        0.0%
SFR_1                0      0       0      40        0.0%
BITSFR               0      0       0      40        0.0%
SFR                  0      0       0      40        0.0%


Microchip Technology PIC18 Macro Assembler V1.21 build 54009 
Symbol Table                                                                                   Wed Jan 01 14:58:25 2014

                                                             l30 012A  
                                                    __CFG_OSC$HS 000000  
                                                            _isr 0008  
                                                   __CFG_WDT$OFF 000000  
                                                           ?_isr 0001  
                                                           _LATD 000F8C  
                                                           i2l20 00D0  
                                                           i2l21 0098  
                                                           i2l22 00CE  
                                                           i2l23 00AE  
                                                           i2l24 00CC  
                                                           i2l17 00D6  
                                                           i2l25 00C4  
                                                           i2l18 00D2  
                                                           i2l26 00CA  
                                                           i2l19 0082  
                                                           i2l27 00D6  
                                                           _RCON 000FD0  
                                                           _main 0118  
                                                           fsr0h 000FEA  
                                                           fsr1h 000FE2  
                                                           fsr0l 000FE9  
                                                           fsr2h 000FDA  
                                                           fsr1l 000FE1  
                                                           fsr2l 000FD9  
                                                           pclat 000FFA  
                                                           prodh 000FF4  
                                                           prodl 000FF3  
                                                           start 0112  
                                                          ??_isr 0001  
                                                          ?_main 0001  
                                                          i2l611 0052  
                                                          i2l621 007C  
                                                          i2l613 005A  
                                                          i2l631 00B6  
                                                          i2l623 008A  
                                                          i2l615 005E  
                                                          i2l633 00BE  
                                                          i2l625 0092  
                                                          i2l617 006C  
                                                          i2l609 0042  
                                                          i2l627 00A0  
                                                          i2l619 0074  
                                                          i2l635 00D2  
                                                          i2l629 00A8  
                                                          _PORTB 000F81  
                                                          _TRISB 000F93  
                                                          _TRISD 000F95  
                                                          isr@in 0012  
                                                          tablat 000FF5  
                                                          status 000FD8  
                                                __initialization 0138  
                                                   __end_of_main 012E  
                                                         ??_main 0013  
                                                  __activetblptr 000000  
                                                         _INTCON 000FF2  
                                                         i2u1_40 005A  
                                                         i2u1_41 0058  
                                                         i2u2_40 006C  
                                                         i2u2_41 006A  
                                                         i2u3_40 0074  
                                                         i2u3_41 0072  
                                                         i2u4_40 007C  
                                                         i2u4_41 007A  
                                                         i2u5_40 008A  
                                                         i2u5_41 0088  
                                                         i2u6_40 0092  
                                                         i2u6_41 0090  
                                                         i2u7_40 00A0  
                                                         i2u7_41 009E  
                                                         i2u8_40 00A8  
                                                         i2u8_41 00A6  
                                                         i2u9_40 00B6  
                                                         i2u9_41 00B4  
                                                         tblptrh 000FF7  
                                                         tblptrl 000FF6  
                                                         tblptru 000FF8  
                                                     __accesstop 0060  
                                        __end_of__initialization 0138  
                                                 __pcstackCOMRAM 0001  
                                                        _INTCON2 000FF1  
                                                        i2u10_40 00BE  
                                                        i2u10_41 00BC  
                                                        __Hparam 0000  
                                                        __Lparam 0000  
                                                        __pcinit 0138  
                                                        __ramtop 0600  
                                                        __ptext0 0116  
                                                   __size_of_isr 010A  
                                           end_of_initialization 0138  
                                            start_initialization 0138  
                                                    __end_of_isr 0112  
                                                      __pintcode 0008  
                                                       __Hrparam 0000  
                                                       __Lrparam 0000  
                                                  __size_of_main 0016  
                                                       isr@right 0011  
                                                       isr@wrong 0010  
                                                       intlevel2 0134  
