


ARM Macro Assembler    Page 1 


    1 00000000         ;/******************************************************
                       ***********************
    2 00000000         ; * @file:    startup_SAM3N.s
    3 00000000         ; * @purpose: CMSIS Cortex-M3 Core Device Startup File
    4 00000000         ; *           for the Atmel SAM3N Device Series
    5 00000000         ; * @version: V1.10
    6 00000000         ; * @date:    16. August 2013
    7 00000000         ; *------- <<< Use Configuration Wizard in Context Menu 
                       >>> ------------------
    8 00000000         ; *
    9 00000000         ; * Copyright (C) 2010-2013 ARM Limited. All rights rese
                       rved.
   10 00000000         ; * ARM Limited (ARM) is supplying this software for use
                        with Cortex-M3
   11 00000000         ; * processor based microcontrollers.  This file can be 
                       freely distributed
   12 00000000         ; * within development tools that are supporting such AR
                       M based processors.
   13 00000000         ; *
   14 00000000         ; * THIS SOFTWARE IS PROVIDED "AS IS".  NO WARRANTIES, W
                       HETHER EXPRESS, IMPLIED
   15 00000000         ; * OR STATUTORY, INCLUDING, BUT NOT LIMITED TO, IMPLIED
                        WARRANTIES OF
   16 00000000         ; * MERCHANTABILITY AND FITNESS FOR A PARTICULAR PURPOSE
                        APPLY TO THIS SOFTWARE.
   17 00000000         ; * ARM SHALL NOT, IN ANY CIRCUMSTANCES, BE LIABLE FOR S
                       PECIAL, INCIDENTAL, OR
   18 00000000         ; * CONSEQUENTIAL DAMAGES, FOR ANY REASON WHATSOEVER.
   19 00000000         ; *
   20 00000000         ; ******************************************************
                       ***********************/
   21 00000000         
   22 00000000         
   23 00000000         ; <h> Stack Configuration
   24 00000000         ;   <o> Stack Size (in Bytes) <0x0-0xFFFFFFFF:8>
   25 00000000         ; </h>
   26 00000000         
   27 00000000 00000200 
                       Stack_Size
                               EQU              0x00000200
   28 00000000         
   29 00000000                 AREA             STACK, NOINIT, READWRITE, ALIGN
=3
   30 00000000         Stack_Mem
                               SPACE            Stack_Size
   31 00000200         __initial_sp
   32 00000200         
   33 00000200         
   34 00000200         ; <h> Heap Configuration
   35 00000200         ;   <o>  Heap Size (in Bytes) <0x0-0xFFFFFFFF:8>
   36 00000200         ; </h>
   37 00000200         
   38 00000200 00000200 
                       Heap_Size
                               EQU              0x00000200
   39 00000200         
   40 00000200                 AREA             HEAP, NOINIT, READWRITE, ALIGN=
3
   41 00000000         __heap_base



ARM Macro Assembler    Page 2 


   42 00000000         Heap_Mem
                               SPACE            Heap_Size
   43 00000200         __heap_limit
   44 00000200         
   45 00000200         
   46 00000200                 PRESERVE8
   47 00000200                 THUMB
   48 00000200         
   49 00000200         
   50 00000200         ; Vector Table Mapped to Address 0 at Reset
   51 00000200         
   52 00000200                 AREA             RESET, DATA, READONLY
   53 00000000                 EXPORT           __Vectors
   54 00000000         
   55 00000000 00000000 
                       __Vectors
                               DCD              __initial_sp ;  0: Top of Stack
                                                            
   56 00000004 00000000        DCD              Reset_Handler 
                                                            ;  1: Reset Handler
                                                            
   57 00000008 00000000        DCD              NMI_Handler ;  2: NMI Handler
   58 0000000C 00000000        DCD              HardFault_Handler ;  3: Hard Fa
                                                            ult Handler
   59 00000010 00000000        DCD              MemManage_Handler ;  4: MPU Fau
                                                            lt Handler
   60 00000014 00000000        DCD              BusFault_Handler ;  5: Bus Faul
                                                            t Handler
   61 00000018 00000000        DCD              UsageFault_Handler ;  6: Usage 
                                                            Fault Handler
   62 0000001C 00000000        DCD              0           ;  7: Reserved
   63 00000020 00000000        DCD              0           ;  8: Reserved
   64 00000024 00000000        DCD              0           ;  9: Reserved
   65 00000028 00000000        DCD              0           ; 10: Reserved
   66 0000002C 00000000        DCD              SVC_Handler ; 11: SVCall Handle
                                                            r
   67 00000030 00000000        DCD              DebugMon_Handler ; 12: Debug Mo
                                                            nitor Handler
   68 00000034 00000000        DCD              0           ; 13: Reserved
   69 00000038 00000000        DCD              PendSV_Handler ; 14: PendSV Han
                                                            dler
   70 0000003C 00000000        DCD              SysTick_Handler ; 15: SysTick H
                                                            andler
   71 00000040         
   72 00000040         ; External Interrupts
   73 00000040 00000000        DCD              SUPC_IRQHandler ;  0: Supply Co
                                                            ntroller (SUPC)
   74 00000044 00000000        DCD              RSTC_IRQHandler ;  1: Reset Con
                                                            troller (RSTC)
   75 00000048 00000000        DCD              RTC_IRQHandler ;  2: Real Time 
                                                            Clock (RTC)
   76 0000004C 00000000        DCD              RTT_IRQHandler ;  3: Real Time 
                                                            Timer (RTT)
   77 00000050 00000000        DCD              WDT_IRQHandler ;  4: Watchdog T
                                                            imer (WDT)
   78 00000054 00000000        DCD              PMC_IRQHandler ;  5: Power Mana
                                                            gement Controller (
                                                            PMC)
   79 00000058 00000000        DCD              EFC_IRQHandler ;  6: Enhanced F



ARM Macro Assembler    Page 3 


                                                            lash Controller (EF
                                                            C)
   80 0000005C 00000000        DCD              0           ;  7: Reserved
   81 00000060 00000000        DCD              UART0_IRQHandler ;  8: UART 0 (
                                                            UART0)
   82 00000064 00000000        DCD              UART1_IRQHandler ;  9: UART 1 (
                                                            UART1)
   83 00000068 00000000        DCD              0           ; 10: Reserved
   84 0000006C 00000000        DCD              PIOA_IRQHandler ; 11: Parallel 
                                                            I/O Controller A (P
                                                            IOA)
   85 00000070 00000000        DCD              PIOB_IRQHandler ; 12: Parallel 
                                                            I/O Controller B (P
                                                            IOB)
   86 00000074 00000000        DCD              PIOC_IRQHandler ; 13: Parallel 
                                                            I/O Controller C (P
                                                            IOC)
   87 00000078 00000000        DCD              USART0_IRQHandler ; 14: USART 0
                                                             (USART0)
   88 0000007C 00000000        DCD              USART1_IRQHandler ; 15: USART 1
                                                             (USART1)
   89 00000080 00000000        DCD              0           ; 16: Reserved
   90 00000084 00000000        DCD              0           ; 17: Reserved
   91 00000088 00000000        DCD              0           ; 18: Reserved
   92 0000008C 00000000        DCD              TWI0_IRQHandler ; 19: Two Wire 
                                                            Interface 0 (TWI0)
   93 00000090 00000000        DCD              TWI1_IRQHandler ; 20: Two Wire 
                                                            Interface 1 (TWI1)
   94 00000094 00000000        DCD              SPI_IRQHandler ; 21: Serial Per
                                                            ipheral Interface (
                                                            SPI)
   95 00000098 00000000        DCD              0           ; 22: Reserved
   96 0000009C 00000000        DCD              TC0_IRQHandler ; 23: Timer/Coun
                                                            ter 0 (TC0)
   97 000000A0 00000000        DCD              TC1_IRQHandler ; 24: Timer/Coun
                                                            ter 1 (TC1)
   98 000000A4 00000000        DCD              TC2_IRQHandler ; 25: Timer/Coun
                                                            ter 2 (TC2)
   99 000000A8 00000000        DCD              TC3_IRQHandler ; 26: Timer/Coun
                                                            ter 3 (TC3)
  100 000000AC 00000000        DCD              TC4_IRQHandler ; 27: Timer/Coun
                                                            ter 4 (TC4)
  101 000000B0 00000000        DCD              TC5_IRQHandler ; 28: Timer/Coun
                                                            ter 5 (TC5)
  102 000000B4 00000000        DCD              ADC_IRQHandler ; 29: Analog To 
                                                            Digital Converter (
                                                            ADC)
  103 000000B8 00000000        DCD              DACC_IRQHandler ; 30: Digital T
                                                            o Analog Converter 
                                                            (DACC)
  104 000000BC 00000000        DCD              PWM_IRQHandler ; 31: Pulse Widt
                                                            h Modulation (PWM)
  105 000000C0         
  106 000000C0                 AREA             |.text|, CODE, READONLY
  107 00000000         
  108 00000000         
  109 00000000         ; Reset Handler
  110 00000000         
  111 00000000         Reset_Handler



ARM Macro Assembler    Page 4 


                               PROC
  112 00000000                 EXPORT           Reset_Handler             [WEAK
]
  113 00000000                 IMPORT           SystemInit
  114 00000000                 IMPORT           __main
  115 00000000 4809            LDR              R0, =SystemInit
  116 00000002 4780            BLX              R0
  117 00000004 4809            LDR              R0, =__main
  118 00000006 4700            BX               R0
  119 00000008                 ENDP
  120 00000008         
  121 00000008         
  122 00000008         ; Dummy Exception Handlers (infinite loops which can be 
                       modified)
  123 00000008         
  124 00000008         NMI_Handler
                               PROC
  125 00000008                 EXPORT           NMI_Handler               [WEAK
]
  126 00000008 E7FE            B                .
  127 0000000A                 ENDP
  129 0000000A         HardFault_Handler
                               PROC
  130 0000000A                 EXPORT           HardFault_Handler         [WEAK
]
  131 0000000A E7FE            B                .
  132 0000000C                 ENDP
  134 0000000C         MemManage_Handler
                               PROC
  135 0000000C                 EXPORT           MemManage_Handler         [WEAK
]
  136 0000000C E7FE            B                .
  137 0000000E                 ENDP
  139 0000000E         BusFault_Handler
                               PROC
  140 0000000E                 EXPORT           BusFault_Handler          [WEAK
]
  141 0000000E E7FE            B                .
  142 00000010                 ENDP
  144 00000010         UsageFault_Handler
                               PROC
  145 00000010                 EXPORT           UsageFault_Handler        [WEAK
]
  146 00000010 E7FE            B                .
  147 00000012                 ENDP
  148 00000012         SVC_Handler
                               PROC
  149 00000012                 EXPORT           SVC_Handler               [WEAK
]
  150 00000012 E7FE            B                .
  151 00000014                 ENDP
  153 00000014         DebugMon_Handler
                               PROC
  154 00000014                 EXPORT           DebugMon_Handler          [WEAK
]
  155 00000014 E7FE            B                .
  156 00000016                 ENDP
  157 00000016         PendSV_Handler
                               PROC



ARM Macro Assembler    Page 5 


  158 00000016                 EXPORT           PendSV_Handler            [WEAK
]
  159 00000016 E7FE            B                .
  160 00000018                 ENDP
  161 00000018         SysTick_Handler
                               PROC
  162 00000018                 EXPORT           SysTick_Handler           [WEAK
]
  163 00000018 E7FE            B                .
  164 0000001A                 ENDP
  165 0000001A         
  166 0000001A         Default_Handler
                               PROC
  167 0000001A         
  168 0000001A                 EXPORT           SUPC_IRQHandler           [WEAK
]
  169 0000001A                 EXPORT           RSTC_IRQHandler           [WEAK
]
  170 0000001A                 EXPORT           RTC_IRQHandler            [WEAK
]
  171 0000001A                 EXPORT           RTT_IRQHandler            [WEAK
]
  172 0000001A                 EXPORT           WDT_IRQHandler            [WEAK
]
  173 0000001A                 EXPORT           PMC_IRQHandler            [WEAK
]
  174 0000001A                 EXPORT           EFC_IRQHandler            [WEAK
]
  175 0000001A                 EXPORT           UART0_IRQHandler          [WEAK
]
  176 0000001A                 EXPORT           UART1_IRQHandler          [WEAK
]
  177 0000001A                 EXPORT           PIOA_IRQHandler           [WEAK
]
  178 0000001A                 EXPORT           PIOB_IRQHandler           [WEAK
]
  179 0000001A                 EXPORT           PIOC_IRQHandler           [WEAK
]
  180 0000001A                 EXPORT           USART0_IRQHandler         [WEAK
]
  181 0000001A                 EXPORT           USART1_IRQHandler         [WEAK
]
  182 0000001A                 EXPORT           TWI0_IRQHandler           [WEAK
]
  183 0000001A                 EXPORT           TWI1_IRQHandler           [WEAK
]
  184 0000001A                 EXPORT           SPI_IRQHandler            [WEAK
]
  185 0000001A                 EXPORT           TC0_IRQHandler            [WEAK
]
  186 0000001A                 EXPORT           TC1_IRQHandler            [WEAK
]
  187 0000001A                 EXPORT           TC2_IRQHandler            [WEAK
]
  188 0000001A                 EXPORT           TC3_IRQHandler            [WEAK
]
  189 0000001A                 EXPORT           TC4_IRQHandler            [WEAK
]
  190 0000001A                 EXPORT           TC5_IRQHandler            [WEAK



ARM Macro Assembler    Page 6 


]
  191 0000001A                 EXPORT           ADC_IRQHandler            [WEAK
]
  192 0000001A                 EXPORT           DACC_IRQHandler           [WEAK
]
  193 0000001A                 EXPORT           PWM_IRQHandler            [WEAK
]
  194 0000001A         
  195 0000001A         SUPC_IRQHandler
  196 0000001A         RSTC_IRQHandler
  197 0000001A         RTC_IRQHandler
  198 0000001A         RTT_IRQHandler
  199 0000001A         WDT_IRQHandler
  200 0000001A         PMC_IRQHandler
  201 0000001A         EFC_IRQHandler
  202 0000001A         UART0_IRQHandler
  203 0000001A         UART1_IRQHandler
  204 0000001A         PIOA_IRQHandler
  205 0000001A         PIOB_IRQHandler
  206 0000001A         PIOC_IRQHandler
  207 0000001A         USART0_IRQHandler
  208 0000001A         USART1_IRQHandler
  209 0000001A         TWI0_IRQHandler
  210 0000001A         TWI1_IRQHandler
  211 0000001A         SPI_IRQHandler
  212 0000001A         TC0_IRQHandler
  213 0000001A         TC1_IRQHandler
  214 0000001A         TC2_IRQHandler
  215 0000001A         TC3_IRQHandler
  216 0000001A         TC4_IRQHandler
  217 0000001A         TC5_IRQHandler
  218 0000001A         ADC_IRQHandler
  219 0000001A         DACC_IRQHandler
  220 0000001A         PWM_IRQHandler
  221 0000001A E7FE            B                .
  222 0000001C         
  223 0000001C                 ENDP
  224 0000001C         
  225 0000001C         
  226 0000001C                 ALIGN
  227 0000001C         
  228 0000001C         
  229 0000001C         ; User Initial Stack & Heap
  230 0000001C         
  231 0000001C                 IF               :DEF:__MICROLIB
  238 0000001C         
  239 0000001C                 IMPORT           __use_two_region_memory
  240 0000001C                 EXPORT           __user_initial_stackheap
  241 0000001C         __user_initial_stackheap
  242 0000001C         
  243 0000001C 4804            LDR              R0, =  Heap_Mem
  244 0000001E 4905            LDR              R1, =(Stack_Mem + Stack_Size)
  245 00000020 4A05            LDR              R2, = (Heap_Mem +  Heap_Size)
  246 00000022 4B06            LDR              R3, = Stack_Mem
  247 00000024 4770            BX               LR
  248 00000026         
  249 00000026 00 00           ALIGN
  250 00000028         
  251 00000028                 ENDIF



ARM Macro Assembler    Page 7 


  252 00000028         
  253 00000028         
  254 00000028                 END
              00000000 
              00000000 
              00000000 
              00000200 
              00000200 
              00000000 
Command Line: --debug --xref --diag_suppress=9931 --cpu=Cortex-M3 --apcs=interw
ork --depend=.\objects\startup_sam3n.d -o.\objects\startup_sam3n.o -IE:\Documen
ts\Work\MyWork\ECS\UsingSAM3N\RTE -IC:\Keil_v5\ARM\PACK\ARM\CMSIS\4.3.0\CMSIS\I
nclude -IC:\Keil_v5\ARM\PACK\ARM\CMSIS\4.3.0\CMSIS\RTOS\RTX\INC -IC:\Keil_v5\AR
M\PACK\Keil\SAM3_DFP\1.1.0\Device\SAM3N\Include --predefine="__RTX SETA 1" --pr
edefine="__EVAL SETA 1" --predefine="__UVISION_VERSION SETA 516" --predefine="_
RTE_ SETA 1" --predefine="__SAM3N4C__ SETA 1" --list=.\listings\startup_sam3n.l
st RTE\Device\ATSAM3N4A\startup_SAM3N.s



ARM Macro Assembler    Page 1 Alphabetic symbol ordering
Relocatable symbols

STACK 00000000

Symbol: STACK
   Definitions
      At line 29 in file RTE\Device\ATSAM3N4A\startup_SAM3N.s
   Uses
      None
Comment: STACK unused
Stack_Mem 00000000

Symbol: Stack_Mem
   Definitions
      At line 30 in file RTE\Device\ATSAM3N4A\startup_SAM3N.s
   Uses
      At line 244 in file RTE\Device\ATSAM3N4A\startup_SAM3N.s
      At line 246 in file RTE\Device\ATSAM3N4A\startup_SAM3N.s

__initial_sp 00000200

Symbol: __initial_sp
   Definitions
      At line 31 in file RTE\Device\ATSAM3N4A\startup_SAM3N.s
   Uses
      At line 55 in file RTE\Device\ATSAM3N4A\startup_SAM3N.s
Comment: __initial_sp used once
3 symbols



ARM Macro Assembler    Page 1 Alphabetic symbol ordering
Relocatable symbols

HEAP 00000000

Symbol: HEAP
   Definitions
      At line 40 in file RTE\Device\ATSAM3N4A\startup_SAM3N.s
   Uses
      None
Comment: HEAP unused
Heap_Mem 00000000

Symbol: Heap_Mem
   Definitions
      At line 42 in file RTE\Device\ATSAM3N4A\startup_SAM3N.s
   Uses
      At line 243 in file RTE\Device\ATSAM3N4A\startup_SAM3N.s
      At line 245 in file RTE\Device\ATSAM3N4A\startup_SAM3N.s

__heap_base 00000000

Symbol: __heap_base
   Definitions
      At line 41 in file RTE\Device\ATSAM3N4A\startup_SAM3N.s
   Uses
      None
Comment: __heap_base unused
__heap_limit 00000200

Symbol: __heap_limit
   Definitions
      At line 43 in file RTE\Device\ATSAM3N4A\startup_SAM3N.s
   Uses
      None
Comment: __heap_limit unused
4 symbols



ARM Macro Assembler    Page 1 Alphabetic symbol ordering
Relocatable symbols

RESET 00000000

Symbol: RESET
   Definitions
      At line 52 in file RTE\Device\ATSAM3N4A\startup_SAM3N.s
   Uses
      None
Comment: RESET unused
__Vectors 00000000

Symbol: __Vectors
   Definitions
      At line 55 in file RTE\Device\ATSAM3N4A\startup_SAM3N.s
   Uses
      At line 53 in file RTE\Device\ATSAM3N4A\startup_SAM3N.s
Comment: __Vectors used once
2 symbols



ARM Macro Assembler    Page 1 Alphabetic symbol ordering
Relocatable symbols

.text 00000000

Symbol: .text
   Definitions
      At line 106 in file RTE\Device\ATSAM3N4A\startup_SAM3N.s
   Uses
      None
Comment: .text unused
ADC_IRQHandler 0000001A

Symbol: ADC_IRQHandler
   Definitions
      At line 218 in file RTE\Device\ATSAM3N4A\startup_SAM3N.s
   Uses
      At line 102 in file RTE\Device\ATSAM3N4A\startup_SAM3N.s
      At line 191 in file RTE\Device\ATSAM3N4A\startup_SAM3N.s

BusFault_Handler 0000000E

Symbol: BusFault_Handler
   Definitions
      At line 139 in file RTE\Device\ATSAM3N4A\startup_SAM3N.s
   Uses
      At line 60 in file RTE\Device\ATSAM3N4A\startup_SAM3N.s
      At line 140 in file RTE\Device\ATSAM3N4A\startup_SAM3N.s

DACC_IRQHandler 0000001A

Symbol: DACC_IRQHandler
   Definitions
      At line 219 in file RTE\Device\ATSAM3N4A\startup_SAM3N.s
   Uses
      At line 103 in file RTE\Device\ATSAM3N4A\startup_SAM3N.s
      At line 192 in file RTE\Device\ATSAM3N4A\startup_SAM3N.s

DebugMon_Handler 00000014

Symbol: DebugMon_Handler
   Definitions
      At line 153 in file RTE\Device\ATSAM3N4A\startup_SAM3N.s
   Uses
      At line 67 in file RTE\Device\ATSAM3N4A\startup_SAM3N.s
      At line 154 in file RTE\Device\ATSAM3N4A\startup_SAM3N.s

Default_Handler 0000001A

Symbol: Default_Handler
   Definitions
      At line 166 in file RTE\Device\ATSAM3N4A\startup_SAM3N.s
   Uses
      None
Comment: Default_Handler unused
EFC_IRQHandler 0000001A

Symbol: EFC_IRQHandler
   Definitions
      At line 201 in file RTE\Device\ATSAM3N4A\startup_SAM3N.s
   Uses
      At line 79 in file RTE\Device\ATSAM3N4A\startup_SAM3N.s



ARM Macro Assembler    Page 2 Alphabetic symbol ordering
Relocatable symbols

      At line 174 in file RTE\Device\ATSAM3N4A\startup_SAM3N.s

HardFault_Handler 0000000A

Symbol: HardFault_Handler
   Definitions
      At line 129 in file RTE\Device\ATSAM3N4A\startup_SAM3N.s
   Uses
      At line 58 in file RTE\Device\ATSAM3N4A\startup_SAM3N.s
      At line 130 in file RTE\Device\ATSAM3N4A\startup_SAM3N.s

MemManage_Handler 0000000C

Symbol: MemManage_Handler
   Definitions
      At line 134 in file RTE\Device\ATSAM3N4A\startup_SAM3N.s
   Uses
      At line 59 in file RTE\Device\ATSAM3N4A\startup_SAM3N.s
      At line 135 in file RTE\Device\ATSAM3N4A\startup_SAM3N.s

NMI_Handler 00000008

Symbol: NMI_Handler
   Definitions
      At line 124 in file RTE\Device\ATSAM3N4A\startup_SAM3N.s
   Uses
      At line 57 in file RTE\Device\ATSAM3N4A\startup_SAM3N.s
      At line 125 in file RTE\Device\ATSAM3N4A\startup_SAM3N.s

PIOA_IRQHandler 0000001A

Symbol: PIOA_IRQHandler
   Definitions
      At line 204 in file RTE\Device\ATSAM3N4A\startup_SAM3N.s
   Uses
      At line 84 in file RTE\Device\ATSAM3N4A\startup_SAM3N.s
      At line 177 in file RTE\Device\ATSAM3N4A\startup_SAM3N.s

PIOB_IRQHandler 0000001A

Symbol: PIOB_IRQHandler
   Definitions
      At line 205 in file RTE\Device\ATSAM3N4A\startup_SAM3N.s
   Uses
      At line 85 in file RTE\Device\ATSAM3N4A\startup_SAM3N.s
      At line 178 in file RTE\Device\ATSAM3N4A\startup_SAM3N.s

PIOC_IRQHandler 0000001A

Symbol: PIOC_IRQHandler
   Definitions
      At line 206 in file RTE\Device\ATSAM3N4A\startup_SAM3N.s
   Uses
      At line 86 in file RTE\Device\ATSAM3N4A\startup_SAM3N.s
      At line 179 in file RTE\Device\ATSAM3N4A\startup_SAM3N.s

PMC_IRQHandler 0000001A

Symbol: PMC_IRQHandler



ARM Macro Assembler    Page 3 Alphabetic symbol ordering
Relocatable symbols

   Definitions
      At line 200 in file RTE\Device\ATSAM3N4A\startup_SAM3N.s
   Uses
      At line 78 in file RTE\Device\ATSAM3N4A\startup_SAM3N.s
      At line 173 in file RTE\Device\ATSAM3N4A\startup_SAM3N.s

PWM_IRQHandler 0000001A

Symbol: PWM_IRQHandler
   Definitions
      At line 220 in file RTE\Device\ATSAM3N4A\startup_SAM3N.s
   Uses
      At line 104 in file RTE\Device\ATSAM3N4A\startup_SAM3N.s
      At line 193 in file RTE\Device\ATSAM3N4A\startup_SAM3N.s

PendSV_Handler 00000016

Symbol: PendSV_Handler
   Definitions
      At line 157 in file RTE\Device\ATSAM3N4A\startup_SAM3N.s
   Uses
      At line 69 in file RTE\Device\ATSAM3N4A\startup_SAM3N.s
      At line 158 in file RTE\Device\ATSAM3N4A\startup_SAM3N.s

RSTC_IRQHandler 0000001A

Symbol: RSTC_IRQHandler
   Definitions
      At line 196 in file RTE\Device\ATSAM3N4A\startup_SAM3N.s
   Uses
      At line 74 in file RTE\Device\ATSAM3N4A\startup_SAM3N.s
      At line 169 in file RTE\Device\ATSAM3N4A\startup_SAM3N.s

RTC_IRQHandler 0000001A

Symbol: RTC_IRQHandler
   Definitions
      At line 197 in file RTE\Device\ATSAM3N4A\startup_SAM3N.s
   Uses
      At line 75 in file RTE\Device\ATSAM3N4A\startup_SAM3N.s
      At line 170 in file RTE\Device\ATSAM3N4A\startup_SAM3N.s

RTT_IRQHandler 0000001A

Symbol: RTT_IRQHandler
   Definitions
      At line 198 in file RTE\Device\ATSAM3N4A\startup_SAM3N.s
   Uses
      At line 76 in file RTE\Device\ATSAM3N4A\startup_SAM3N.s
      At line 171 in file RTE\Device\ATSAM3N4A\startup_SAM3N.s

Reset_Handler 00000000

Symbol: Reset_Handler
   Definitions
      At line 111 in file RTE\Device\ATSAM3N4A\startup_SAM3N.s
   Uses
      At line 56 in file RTE\Device\ATSAM3N4A\startup_SAM3N.s
      At line 112 in file RTE\Device\ATSAM3N4A\startup_SAM3N.s



ARM Macro Assembler    Page 4 Alphabetic symbol ordering
Relocatable symbols


SPI_IRQHandler 0000001A

Symbol: SPI_IRQHandler
   Definitions
      At line 211 in file RTE\Device\ATSAM3N4A\startup_SAM3N.s
   Uses
      At line 94 in file RTE\Device\ATSAM3N4A\startup_SAM3N.s
      At line 184 in file RTE\Device\ATSAM3N4A\startup_SAM3N.s

SUPC_IRQHandler 0000001A

Symbol: SUPC_IRQHandler
   Definitions
      At line 195 in file RTE\Device\ATSAM3N4A\startup_SAM3N.s
   Uses
      At line 73 in file RTE\Device\ATSAM3N4A\startup_SAM3N.s
      At line 168 in file RTE\Device\ATSAM3N4A\startup_SAM3N.s

SVC_Handler 00000012

Symbol: SVC_Handler
   Definitions
      At line 148 in file RTE\Device\ATSAM3N4A\startup_SAM3N.s
   Uses
      At line 66 in file RTE\Device\ATSAM3N4A\startup_SAM3N.s
      At line 149 in file RTE\Device\ATSAM3N4A\startup_SAM3N.s

SysTick_Handler 00000018

Symbol: SysTick_Handler
   Definitions
      At line 161 in file RTE\Device\ATSAM3N4A\startup_SAM3N.s
   Uses
      At line 70 in file RTE\Device\ATSAM3N4A\startup_SAM3N.s
      At line 162 in file RTE\Device\ATSAM3N4A\startup_SAM3N.s

TC0_IRQHandler 0000001A

Symbol: TC0_IRQHandler
   Definitions
      At line 212 in file RTE\Device\ATSAM3N4A\startup_SAM3N.s
   Uses
      At line 96 in file RTE\Device\ATSAM3N4A\startup_SAM3N.s
      At line 185 in file RTE\Device\ATSAM3N4A\startup_SAM3N.s

TC1_IRQHandler 0000001A

Symbol: TC1_IRQHandler
   Definitions
      At line 213 in file RTE\Device\ATSAM3N4A\startup_SAM3N.s
   Uses
      At line 97 in file RTE\Device\ATSAM3N4A\startup_SAM3N.s
      At line 186 in file RTE\Device\ATSAM3N4A\startup_SAM3N.s

TC2_IRQHandler 0000001A

Symbol: TC2_IRQHandler
   Definitions



ARM Macro Assembler    Page 5 Alphabetic symbol ordering
Relocatable symbols

      At line 214 in file RTE\Device\ATSAM3N4A\startup_SAM3N.s
   Uses
      At line 98 in file RTE\Device\ATSAM3N4A\startup_SAM3N.s
      At line 187 in file RTE\Device\ATSAM3N4A\startup_SAM3N.s

TC3_IRQHandler 0000001A

Symbol: TC3_IRQHandler
   Definitions
      At line 215 in file RTE\Device\ATSAM3N4A\startup_SAM3N.s
   Uses
      At line 99 in file RTE\Device\ATSAM3N4A\startup_SAM3N.s
      At line 188 in file RTE\Device\ATSAM3N4A\startup_SAM3N.s

TC4_IRQHandler 0000001A

Symbol: TC4_IRQHandler
   Definitions
      At line 216 in file RTE\Device\ATSAM3N4A\startup_SAM3N.s
   Uses
      At line 100 in file RTE\Device\ATSAM3N4A\startup_SAM3N.s
      At line 189 in file RTE\Device\ATSAM3N4A\startup_SAM3N.s

TC5_IRQHandler 0000001A

Symbol: TC5_IRQHandler
   Definitions
      At line 217 in file RTE\Device\ATSAM3N4A\startup_SAM3N.s
   Uses
      At line 101 in file RTE\Device\ATSAM3N4A\startup_SAM3N.s
      At line 190 in file RTE\Device\ATSAM3N4A\startup_SAM3N.s

TWI0_IRQHandler 0000001A

Symbol: TWI0_IRQHandler
   Definitions
      At line 209 in file RTE\Device\ATSAM3N4A\startup_SAM3N.s
   Uses
      At line 92 in file RTE\Device\ATSAM3N4A\startup_SAM3N.s
      At line 182 in file RTE\Device\ATSAM3N4A\startup_SAM3N.s

TWI1_IRQHandler 0000001A

Symbol: TWI1_IRQHandler
   Definitions
      At line 210 in file RTE\Device\ATSAM3N4A\startup_SAM3N.s
   Uses
      At line 93 in file RTE\Device\ATSAM3N4A\startup_SAM3N.s
      At line 183 in file RTE\Device\ATSAM3N4A\startup_SAM3N.s

UART0_IRQHandler 0000001A

Symbol: UART0_IRQHandler
   Definitions
      At line 202 in file RTE\Device\ATSAM3N4A\startup_SAM3N.s
   Uses
      At line 81 in file RTE\Device\ATSAM3N4A\startup_SAM3N.s
      At line 175 in file RTE\Device\ATSAM3N4A\startup_SAM3N.s




ARM Macro Assembler    Page 6 Alphabetic symbol ordering
Relocatable symbols

UART1_IRQHandler 0000001A

Symbol: UART1_IRQHandler
   Definitions
      At line 203 in file RTE\Device\ATSAM3N4A\startup_SAM3N.s
   Uses
      At line 82 in file RTE\Device\ATSAM3N4A\startup_SAM3N.s
      At line 176 in file RTE\Device\ATSAM3N4A\startup_SAM3N.s

USART0_IRQHandler 0000001A

Symbol: USART0_IRQHandler
   Definitions
      At line 207 in file RTE\Device\ATSAM3N4A\startup_SAM3N.s
   Uses
      At line 87 in file RTE\Device\ATSAM3N4A\startup_SAM3N.s
      At line 180 in file RTE\Device\ATSAM3N4A\startup_SAM3N.s

USART1_IRQHandler 0000001A

Symbol: USART1_IRQHandler
   Definitions
      At line 208 in file RTE\Device\ATSAM3N4A\startup_SAM3N.s
   Uses
      At line 88 in file RTE\Device\ATSAM3N4A\startup_SAM3N.s
      At line 181 in file RTE\Device\ATSAM3N4A\startup_SAM3N.s

UsageFault_Handler 00000010

Symbol: UsageFault_Handler
   Definitions
      At line 144 in file RTE\Device\ATSAM3N4A\startup_SAM3N.s
   Uses
      At line 61 in file RTE\Device\ATSAM3N4A\startup_SAM3N.s
      At line 145 in file RTE\Device\ATSAM3N4A\startup_SAM3N.s

WDT_IRQHandler 0000001A

Symbol: WDT_IRQHandler
   Definitions
      At line 199 in file RTE\Device\ATSAM3N4A\startup_SAM3N.s
   Uses
      At line 77 in file RTE\Device\ATSAM3N4A\startup_SAM3N.s
      At line 172 in file RTE\Device\ATSAM3N4A\startup_SAM3N.s

__user_initial_stackheap 0000001C

Symbol: __user_initial_stackheap
   Definitions
      At line 241 in file RTE\Device\ATSAM3N4A\startup_SAM3N.s
   Uses
      At line 240 in file RTE\Device\ATSAM3N4A\startup_SAM3N.s
Comment: __user_initial_stackheap used once
39 symbols



ARM Macro Assembler    Page 1 Alphabetic symbol ordering
Absolute symbols

Heap_Size 00000200

Symbol: Heap_Size
   Definitions
      At line 38 in file RTE\Device\ATSAM3N4A\startup_SAM3N.s
   Uses
      At line 42 in file RTE\Device\ATSAM3N4A\startup_SAM3N.s
      At line 245 in file RTE\Device\ATSAM3N4A\startup_SAM3N.s

Stack_Size 00000200

Symbol: Stack_Size
   Definitions
      At line 27 in file RTE\Device\ATSAM3N4A\startup_SAM3N.s
   Uses
      At line 30 in file RTE\Device\ATSAM3N4A\startup_SAM3N.s
      At line 244 in file RTE\Device\ATSAM3N4A\startup_SAM3N.s

2 symbols



ARM Macro Assembler    Page 1 Alphabetic symbol ordering
External symbols

SystemInit 00000000

Symbol: SystemInit
   Definitions
      At line 113 in file RTE\Device\ATSAM3N4A\startup_SAM3N.s
   Uses
      At line 115 in file RTE\Device\ATSAM3N4A\startup_SAM3N.s
Comment: SystemInit used once
__main 00000000

Symbol: __main
   Definitions
      At line 114 in file RTE\Device\ATSAM3N4A\startup_SAM3N.s
   Uses
      At line 117 in file RTE\Device\ATSAM3N4A\startup_SAM3N.s
Comment: __main used once
__use_two_region_memory 00000000

Symbol: __use_two_region_memory
   Definitions
      At line 239 in file RTE\Device\ATSAM3N4A\startup_SAM3N.s
   Uses
      None
Comment: __use_two_region_memory unused
3 symbols
392 symbols in table
