

Microchip Technology PIC18 LITE Macro Assembler V1.21 build 54009 
                                                                                               Tue Dec 31 12:38:18 2013

Microchip Technology Omniscient Code Generator (Lite mode) build 54009
     1                           	processor	18F458
     2                           	fnconf	rparam,??,?,0
     3                           	opt	pw 120
     4                           	opt	lm
     5                           	psect	intcode,global,reloc=2,class=CODE,delta=1
     6                           	psect	cinit,global,reloc=2,class=CODE,delta=1
     7                           	psect	cstackCOMRAM,global,class=COMRAM,space=1,delta=1
     8                           	psect	text0,global,reloc=2,class=CODE,delta=1
     9                           	psect	intsave_regs,global,class=BIGRAM,space=1,delta=1
    10                           	psect	rparam,global,class=COMRAM,space=1,delta=1
    11  0000                     _CCP1CON	set	4029
    12  0000                     _CCPR1H	set	4031
    13  0000                     _CCPR1L	set	4030
    14  0000                     _ECCP1CON	set	4026
    15  0000                     _INTCON	set	4082
    16  0000                     _IPR1	set	3999
    17  0000                     _PIE1	set	3997
    18  0000                     _PIR1	set	3998
    19  0000                     _PORTD	set	3971
    20  0000                     _RCON	set	4048
    21  0000                     _T1CON	set	4045
    22  0000                     _T3CON	set	4017
    23  0000                     _TMR1H	set	4047
    24  0000                     _TMR1L	set	4046
    25  0000                     _TRISC	set	3988
    26  0000                     _TRISD	set	3989
    27                           
    28 ;; *************** function _isr *****************
    29 ;; Defined at:
    30 ;;		line 7 in file "Gen1KHz.c"
    31 ;; Parameters:    Size  Location     Type
    32 ;;		None
    33 ;; Auto vars:     Size  Location     Type
    34 ;;		None
    35 ;; Return value:  Size  Location     Type
    36 ;;		None               void
    37 ;; Registers used:
    38 ;;		wreg, status,2, status,0
    39 ;; Tracked objects:
    40 ;;		On entry : 0/0
    41 ;;		On exit  : 0/0
    42 ;;		Unchanged: 0/0
    43 ;; Data sizes:     COMRAM   BANK0   BANK1   BANK2   BANK3   BANK4   BANK5
    44 ;;      Params:         0       0       0       0       0       0       0
    45 ;;      Locals:         0       0       0       0       0       0       0
    46 ;;      Temps:         14       0       0       0       0       0       0
    47 ;;      Totals:        14       0       0       0       0       0       0
    48 ;;Total ram usage:       14 bytes
    49 ;; Hardware stack levels used:    1
    50 ;; This function calls:
    51 ;;		Nothing
    52 ;; This function is called by:
    53 ;;		Interrupt level 2
    54 ;; This function uses a non-reentrant model
    55 ;;
    56                           
    57                           	psect	intcode
    58  000008                     __pintcode:
    59                           	opt stack 0
    60                           
    61                           ; #config settings
    62  000008                     _isr:
    63                           	opt stack 30
    64                           
    65                           ;incstack = 0
    66  000008  FFFF               	dw	65535	; errata NOP
    67  00000A  CFFA F001          	movff	pclath,??_isr
    68  00000E  CFFB F002          	movff	pclatu,??_isr+1
    69  000012  CFE9 F003          	movff	fsr0l,??_isr+2
    70  000016  CFEA F004          	movff	fsr0h,??_isr+3
    71  00001A  CFE1 F005          	movff	fsr1l,??_isr+4
    72  00001E  CFE2 F006          	movff	fsr1h,??_isr+5
    73  000022  CFD9 F007          	movff	fsr2l,??_isr+6
    74  000026  CFDA F008          	movff	fsr2h,??_isr+7
    75  00002A  CFF3 F009          	movff	prodl,??_isr+8
    76  00002E  CFF4 F00A          	movff	prodh,??_isr+9
    77  000032  CFF6 F00B          	movff	tblptrl,??_isr+10
    78  000036  CFF7 F00C          	movff	tblptrh,??_isr+11
    79  00003A  CFF8 F00D          	movff	tblptru,??_isr+12
    80  00003E  CFF5 F00E          	movff	tablat,??_isr+13
    81  000042                     
    82                           ;Gen1KHz.c: 8: if(PIR1 & 0x04)
    83  000042  A49E               	btfss	3998,2,c	;volatile
    84  000044  D001               	goto	i2u1_41
    85  000046  D001               	goto	i2u1_40
    86  000048                     i2u1_41:
    87  000048  D006               	goto	i2l36
    88  00004A                     i2u1_40:
    89  00004A                     
    90                           ;Gen1KHz.c: 9: {
    91                           ;Gen1KHz.c: 10: PIR1 &= 0xFB;
    92  00004A  949E               	bcf	3998,2,c	;volatile
    93  00004C                     
    94                           ;Gen1KHz.c: 11: TMR1H = 0x00;
    95  00004C  0E00               	movlw	0
    96  00004E  6ECF               	movwf	4047,c	;volatile
    97  000050                     
    98                           ;Gen1KHz.c: 12: TMR1L = 0x00;
    99  000050  0E00               	movlw	0
   100  000052  6ECE               	movwf	4046,c	;volatile
   101  000054  D000               	goto	i2l36
   102  000056                     i2l36:
   103  000056  C00E  FFF5         	movff	??_isr+13,tablat
   104  00005A  C00D  FFF8         	movff	??_isr+12,tblptru
   105  00005E  C00C  FFF7         	movff	??_isr+11,tblptrh
   106  000062  C00B  FFF6         	movff	??_isr+10,tblptrl
   107  000066  C00A  FFF4         	movff	??_isr+9,prodh
   108  00006A  C009  FFF3         	movff	??_isr+8,prodl
   109  00006E  C008  FFDA         	movff	??_isr+7,fsr2h
   110  000072  C007  FFD9         	movff	??_isr+6,fsr2l
   111  000076  C006  FFE2         	movff	??_isr+5,fsr1h
   112  00007A  C005  FFE1         	movff	??_isr+4,fsr1l
   113  00007E  C004  FFEA         	movff	??_isr+3,fsr0h
   114  000082  C003  FFE9         	movff	??_isr+2,fsr0l
   115  000086  C002  FFFB         	movff	??_isr+1,pclatu
   116  00008A  C001  FFFA         	movff	??_isr,pclath
   117  00008E  0011               	retfie		f
   118  000090  FFFF               	dw	65535	; errata NOP
   119  000092                     __end_of_isr:
   120                           	opt stack 0
   121  0000                     pclatu	equ	0xFFB
   122                           pclath	equ	0xFFA
   123                           tblptru	equ	0xFF8
   124                           tblptrh	equ	0xFF7
   125                           tblptrl	equ	0xFF6
   126                           tablat	equ	0xFF5
   127                           prodh	equ	0xFF4
   128                           prodl	equ	0xFF3
   129                           fsr0h	equ	0xFEA
   130                           fsr0l	equ	0xFE9
   131                           fsr1h	equ	0xFE2
   132                           fsr1l	equ	0xFE1
   133                           fsr2h	equ	0xFDA
   134                           fsr2l	equ	0xFD9
   135                           
   136                           	psect	cinit
   137  0000DE                     __pcinit:
   138                           	opt stack 0
   139  0000DE                     start_initialization:
   140                           	opt stack 0
   141  0000DE                     __initialization:
   142                           	opt stack 0
   143  0000DE                     end_of_initialization:
   144                           	opt stack 0
   145  0000DE                     __end_of__initialization:
   146                           	opt stack 0
   147  0000DE  0100               	movlb	0
   148  0000E0  EF4C  F000         	goto	_main	;jump to C main() function
   149                           pclatu	equ	0xFFB
   150                           pclath	equ	0xFFA
   151                           tblptru	equ	0xFF8
   152                           tblptrh	equ	0xFF7
   153                           tblptrl	equ	0xFF6
   154                           tablat	equ	0xFF5
   155                           prodh	equ	0xFF4
   156                           prodl	equ	0xFF3
   157                           fsr0h	equ	0xFEA
   158                           fsr0l	equ	0xFE9
   159                           fsr1h	equ	0xFE2
   160                           fsr1l	equ	0xFE1
   161                           fsr2h	equ	0xFDA
   162                           fsr2l	equ	0xFD9
   163                           
   164                           	psect	cstackCOMRAM
   165  000001                     __pcstackCOMRAM:
   166                           	opt stack 0
   167  000001                     ??_isr:
   168  000001                     
   169                           ; 0 bytes @ 0x0
   170  000001                     	ds	14
   171  00000F                     pclatu	equ	0xFFB
   172                           pclath	equ	0xFFA
   173                           tblptru	equ	0xFF8
   174                           tblptrh	equ	0xFF7
   175                           tblptrl	equ	0xFF6
   176                           tablat	equ	0xFF5
   177                           prodh	equ	0xFF4
   178                           prodl	equ	0xFF3
   179                           fsr0h	equ	0xFEA
   180                           fsr0l	equ	0xFE9
   181                           fsr1h	equ	0xFE2
   182                           fsr1l	equ	0xFE1
   183                           fsr2h	equ	0xFDA
   184                           fsr2l	equ	0xFD9
   185                           
   186                           ; 0 bytes @ 0xE
   187 ;;
   188 ;;Main: autosize = 0, tempsize = 0, incstack = 0, save=0
   189 ;;
   190 ;; *************** function _main *****************
   191 ;; Defined at:
   192 ;;		line 16 in file "Gen1KHz.c"
   193 ;; Parameters:    Size  Location     Type
   194 ;;		None
   195 ;; Auto vars:     Size  Location     Type
   196 ;;		None
   197 ;; Return value:  Size  Location     Type
   198 ;;		None               void
   199 ;; Registers used:
   200 ;;		wreg, status,2, status,0
   201 ;; Tracked objects:
   202 ;;		On entry : 0/0
   203 ;;		On exit  : 0/0
   204 ;;		Unchanged: 0/0
   205 ;; Data sizes:     COMRAM   BANK0   BANK1   BANK2   BANK3   BANK4   BANK5
   206 ;;      Params:         0       0       0       0       0       0       0
   207 ;;      Locals:         0       0       0       0       0       0       0
   208 ;;      Temps:          0       0       0       0       0       0       0
   209 ;;      Totals:         0       0       0       0       0       0       0
   210 ;;Total ram usage:        0 bytes
   211 ;; Hardware stack levels required when called:    1
   212 ;; This function calls:
   213 ;;		Nothing
   214 ;; This function is called by:
   215 ;;		Startup code after reset
   216 ;; This function uses a non-reentrant model
   217 ;;
   218                           
   219                           	psect	text0
   220  000096                     __ptext0:
   221                           	opt stack 0
   222  000096  FFFF               	dw	65535	; assembler added errata NOP
   223  000098                     _main:
   224                           	opt stack 30
   225                           
   226                           ;incstack = 0
   227  000098  FFFF               	dw	65535
   228                           
   229                           ;Gen1KHz.c: 17: RCON &= 0x7F;
   230                           
   231                           ;incstack = 0
   232  00009A  9ED0               	bcf	4048,7,c	;volatile
   233                           
   234                           ;Gen1KHz.c: 18: INTCON = 0xC0;
   235  00009C  0EC0               	movlw	192
   236  00009E  6EF2               	movwf	intcon,c	;volatile
   237                           
   238                           ;Gen1KHz.c: 19: TRISC = 0xFF;
   239  0000A0  6894               	setf	3988,c	;volatile
   240                           
   241                           ;Gen1KHz.c: 20: PIR1 = 0x00;
   242  0000A2  0E00               	movlw	0
   243  0000A4  6E9E               	movwf	3998,c	;volatile
   244                           
   245                           ;Gen1KHz.c: 21: IPR1 = 0xFF;
   246  0000A6  689F               	setf	3999,c	;volatile
   247                           
   248                           ;Gen1KHz.c: 22: PIE1 = 0x04;
   249  0000A8  0E04               	movlw	4
   250  0000AA  6E9D               	movwf	3997,c	;volatile
   251                           
   252                           ;Gen1KHz.c: 23: T1CON = 0x85;
   253  0000AC  0E85               	movlw	133
   254  0000AE  6ECD               	movwf	4045,c	;volatile
   255                           
   256                           ;Gen1KHz.c: 24: T3CON = 0x00;
   257  0000B0  0E00               	movlw	0
   258  0000B2  6EB1               	movwf	4017,c	;volatile
   259                           
   260                           ;Gen1KHz.c: 25: CCP1CON = 0x02;
   261  0000B4  0E02               	movlw	2
   262  0000B6  6EBD               	movwf	4029,c	;volatile
   263                           
   264                           ;Gen1KHz.c: 26: CCPR1H = 0x01;
   265  0000B8  0E01               	movlw	1
   266  0000BA  6EBF               	movwf	4031,c	;volatile
   267                           
   268                           ;Gen1KHz.c: 27: CCPR1L = 0xF4;
   269  0000BC  0EF4               	movlw	244
   270  0000BE  6EBE               	movwf	4030,c	;volatile
   271                           
   272                           ;Gen1KHz.c: 28: ECCP1CON = 0x00;
   273  0000C0  0E00               	movlw	0
   274  0000C2  6EBA               	movwf	4026,c	;volatile
   275                           
   276                           ;Gen1KHz.c: 29: TRISD = 0xFE;
   277  0000C4  0EFE               	movlw	254
   278  0000C6  6E95               	movwf	3989,c	;volatile
   279                           
   280                           ;Gen1KHz.c: 30: PORTD = 0x01;
   281  0000C8  0E01               	movlw	1
   282  0000CA  6E83               	movwf	3971,c	;volatile
   283                           
   284                           ;Gen1KHz.c: 31: TRISC = 0xFB;
   285  0000CC  0EFB               	movlw	251
   286  0000CE  6E94               	movwf	3988,c	;volatile
   287  0000D0                     l39:
   288  0000D0  FFFF               	dw	65535	; assembler added errata NOP
   289  0000D2  D7FE               	goto	l39
   290  0000D4                     __end_of_main:
   291                           	opt stack 0
   292  0000D4  FFFF               	dw	65535	; assembler added errata NOP
   293                           pclatu	equ	0xFFB
   294                           pclath	equ	0xFFA
   295                           tblptru	equ	0xFF8
   296                           tblptrh	equ	0xFF7
   297                           tblptrl	equ	0xFF6
   298                           tablat	equ	0xFF5
   299                           prodh	equ	0xFF4
   300                           prodl	equ	0xFF3
   301                           intcon	equ	0xFF2
   302                           fsr0h	equ	0xFEA
   303                           fsr0l	equ	0xFE9
   304                           fsr1h	equ	0xFE2
   305                           fsr1l	equ	0xFE1
   306                           fsr2h	equ	0xFDA
   307                           fsr2l	equ	0xFD9
   308                           pclatu	equ	0xFFB
   309                           pclath	equ	0xFFA
   310                           tblptru	equ	0xFF8
   311                           tblptrh	equ	0xFF7
   312                           tblptrl	equ	0xFF6
   313                           tablat	equ	0xFF5
   314                           prodh	equ	0xFF4
   315                           prodl	equ	0xFF3
   316                           intcon	equ	0xFF2
   317                           fsr0h	equ	0xFEA
   318                           fsr0l	equ	0xFE9
   319                           fsr1h	equ	0xFE2
   320                           fsr1l	equ	0xFE1
   321                           fsr2h	equ	0xFDA
   322                           fsr2l	equ	0xFD9
   323                           
   324                           	psect	rparam
   325  0000                     pclatu	equ	0xFFB
   326                           pclath	equ	0xFFA
   327                           tblptru	equ	0xFF8
   328                           tblptrh	equ	0xFF7
   329                           tblptrl	equ	0xFF6
   330                           tablat	equ	0xFF5
   331                           prodh	equ	0xFF4
   332                           prodl	equ	0xFF3
   333                           intcon	equ	0xFF2
   334                           fsr0h	equ	0xFEA
   335                           fsr0l	equ	0xFE9
   336                           fsr1h	equ	0xFE2
   337                           fsr1l	equ	0xFE1
   338                           fsr2h	equ	0xFDA
   339                           fsr2l	equ	0xFD9


Data Sizes:
    Strings     0
    Constant    0
    Data        0
    BSS         0
    Persistent  0
    Stack       0

Auto Spaces:
    Space          Size  Autos    Used
    COMRAM           95     14      14
    BANK0           160      0       0
    BANK1           256      0       0
    BANK2           256      0       0
    BANK3           256      0       0
    BANK4           256      0       0
    BANK5           256      0       0

Pointer List with Targets:

    None.

Critical Paths under _main in COMRAM

    None.

Critical Paths under _isr in COMRAM

    None.

Critical Paths under _main in BANK0

    None.

Critical Paths under _isr in BANK0

    None.

Critical Paths under _main in BANK1

    None.

Critical Paths under _isr in BANK1

    None.

Critical Paths under _main in BANK2

    None.

Critical Paths under _isr in BANK2

    None.

Critical Paths under _main in BANK3

    None.

Critical Paths under _isr in BANK3

    None.

Critical Paths under _main in BANK4

    None.

Critical Paths under _isr in BANK4

    None.

Critical Paths under _main in BANK5

    None.

Critical Paths under _isr in BANK5

    None.

Call Graph Tables:

 ---------------------------------------------------------------------------------
 (Depth) Function   	        Calls       Base Space   Used Autos Params    Refs
 ---------------------------------------------------------------------------------
 (0) _main                                                 0     0      0       0
 ---------------------------------------------------------------------------------
 Estimated maximum stack depth 0
 ---------------------------------------------------------------------------------
 (Depth) Function   	        Calls       Base Space   Used Autos Params    Refs
 ---------------------------------------------------------------------------------
 (1) _isr                                                 14    14      0       0
                                              0 COMRAM    14    14      0
 ---------------------------------------------------------------------------------
 Estimated maximum stack depth 1
 ---------------------------------------------------------------------------------

 Call Graph Graphs:

 _main (ROOT)

 _isr (ROOT)

 Address spaces:
Name               Size   Autos  Total    Cost      Usage
BITCOMRAM           5F      0       0       0        0.0%
EEDATA             100      0       0       0        0.0%
NULL                 0      0       0       0        0.0%
CODE                 0      0       0       0        0.0%
COMRAM              5F      E       E       1       14.7%
STACK                0      0       0       2        0.0%
BITBANK0            A0      0       0       3        0.0%
BANK0               A0      0       0       4        0.0%
BITBANK1           100      0       0       5        0.0%
BANK1              100      0       0       6        0.0%
BITBANK2           100      0       0       7        0.0%
BANK2              100      0       0       8        0.0%
ABS                  0      0       0       9        0.0%
BITBANK3           100      0       0      10        0.0%
BANK3              100      0       0      11        0.0%
BITBANK4           100      0       0      12        0.0%
BANK4              100      0       0      13        0.0%
BITBANK5           100      0       0      14        0.0%
BANK5              100      0       0      15        0.0%
BIGRAM             5FF      0       0      16        0.0%
DATA                 0      0       0      17        0.0%
BITSFR_1             0      0       0      40        0.0%
SFR_1                0      0       0      40        0.0%
BITSFR               0      0       0      40        0.0%
SFR                  0      0       0      40        0.0%


Microchip Technology PIC18 Macro Assembler V1.21 build 54009 
Symbol Table                                                                                   Tue Dec 31 12:38:18 2013

                                                            l39 00D0  
                                                   __CFG_OSC$HS 000000  
                                                           _isr 0008  
                                                  __CFG_WDT$OFF 000000  
                                                          ?_isr 0001  
                                                          _IPR1 000F9F  
                                                          _PIE1 000F9D  
                                                          _PIR1 000F9E  
                                                          i2l35 0056  
                                                          i2l36 0056  
                                                          _RCON 000FD0  
                                                          _main 0098  
                                                          fsr0h 000FEA  
                                                          fsr1h 000FE2  
                                                          fsr0l 000FE9  
                                                          fsr2h 000FDA  
                                                          fsr1l 000FE1  
                                                          fsr2l 000FD9  
                                                          pclat 000FFA  
                                                          prodh 000FF4  
                                                          prodl 000FF3  
                                                          start 0092  
                                                         ??_isr 0001  
                                                         ?_main 0001  
                                                         _T1CON 000FCD  
                                                         _T3CON 000FB1  
                                                         i2l620 004A  
                                                         i2l622 004C  
                                                         i2l624 0050  
                                                         i2l618 0042  
                                                         _TMR1H 000FCF  
                                                         _TMR1L 000FCE  
                                                         _PORTD 000F83  
                                                         _TRISC 000F94  
                                                         _TRISD 000F95  
                                                         tablat 000FF5  
                                               __initialization 00DE  
                                                  __end_of_main 00D4  
                                                        ??_main 000F  
                                                 __activetblptr 000000  
                                                        _CCPR1H 000FBF  
                                                        _CCPR1L 000FBE  
                                                        _INTCON 000FF2  
                                                        i2u1_40 004A  
                                                        i2u1_41 0048  
                                                        tblptrh 000FF7  
                                                        tblptrl 000FF6  
                                                        tblptru 000FF8  
                                                    __accesstop 0060  
                                       __end_of__initialization 00DE  
                                                __pcstackCOMRAM 0001  
                                                       _CCP1CON 000FBD  
                                                       __Hparam 0000  
                                                       __Lparam 0000  
                                                       __pcinit 00DE  
                                                       __ramtop 0600  
                                                       __ptext0 0096  
                                                  __size_of_isr 008A  
                                          end_of_initialization 00DE  
                                           start_initialization 00DE  
                                                   __end_of_isr 0092  
                                                     __pintcode 0008  
                                                      _ECCP1CON 000FBA  
                                                      __Hrparam 0000  
                                                      __Lrparam 0000  
                                                 __size_of_main 003C  
                                                      intlevel2 00DA  
