

Microchip Technology PIC18 LITE Macro Assembler V1.21 build 54009 
                                                                                               Tue Dec 31 22:16:32 2013

Microchip Technology Omniscient Code Generator (Lite mode) build 54009
     1                           	processor	18F458
     2                           	fnconf	rparam,??,?,0
     3                           	opt	pw 120
     4                           	opt	lm
     5                           	psect	intcode,global,reloc=2,class=CODE,delta=1
     6                           	psect	cinit,global,reloc=2,class=CODE,delta=1
     7                           	psect	cstackCOMRAM,global,class=COMRAM,space=1,delta=1
     8                           	psect	text0,global,reloc=2,class=CODE,delta=1
     9                           	psect	intsave_regs,global,class=BIGRAM,space=1,delta=1
    10                           	psect	rparam,global,class=COMRAM,space=1,delta=1
    11  0000                     _INTCON	set	4082
    12  0000                     _LATD	set	3980
    13  0000                     _RCON	set	4048
    14  0000                     _T0CON	set	4053
    15  0000                     _TMR0H	set	4055
    16  0000                     _TMR0L	set	4054
    17  0000                     _TRISD	set	3989
    18                           
    19 ;; *************** function _isr *****************
    20 ;; Defined at:
    21 ;;		line 4 in file "Blink10Hz.c"
    22 ;; Parameters:    Size  Location     Type
    23 ;;		None
    24 ;; Auto vars:     Size  Location     Type
    25 ;;		None
    26 ;; Return value:  Size  Location     Type
    27 ;;		None               void
    28 ;; Registers used:
    29 ;;		wreg, status,2, status,0
    30 ;; Tracked objects:
    31 ;;		On entry : 0/0
    32 ;;		On exit  : 0/0
    33 ;;		Unchanged: 0/0
    34 ;; Data sizes:     COMRAM   BANK0   BANK1   BANK2   BANK3   BANK4   BANK5
    35 ;;      Params:         0       0       0       0       0       0       0
    36 ;;      Locals:         0       0       0       0       0       0       0
    37 ;;      Temps:         14       0       0       0       0       0       0
    38 ;;      Totals:        14       0       0       0       0       0       0
    39 ;;Total ram usage:       14 bytes
    40 ;; Hardware stack levels used:    1
    41 ;; This function calls:
    42 ;;		Nothing
    43 ;; This function is called by:
    44 ;;		Interrupt level 2
    45 ;; This function uses a non-reentrant model
    46 ;;
    47                           
    48                           	psect	intcode
    49  000008                     __pintcode:
    50                           	opt stack 0
    51                           
    52                           ; #config settings
    53  000008                     _isr:
    54                           	opt stack 30
    55                           
    56                           ;incstack = 0
    57  000008  FFFF               	dw	65535	; errata NOP
    58  00000A  CFFA F001          	movff	pclath,??_isr
    59  00000E  CFFB F002          	movff	pclatu,??_isr+1
    60  000012  CFE9 F003          	movff	fsr0l,??_isr+2
    61  000016  CFEA F004          	movff	fsr0h,??_isr+3
    62  00001A  CFE1 F005          	movff	fsr1l,??_isr+4
    63  00001E  CFE2 F006          	movff	fsr1h,??_isr+5
    64  000022  CFD9 F007          	movff	fsr2l,??_isr+6
    65  000026  CFDA F008          	movff	fsr2h,??_isr+7
    66  00002A  CFF3 F009          	movff	prodl,??_isr+8
    67  00002E  CFF4 F00A          	movff	prodh,??_isr+9
    68  000032  CFF6 F00B          	movff	tblptrl,??_isr+10
    69  000036  CFF7 F00C          	movff	tblptrh,??_isr+11
    70  00003A  CFF8 F00D          	movff	tblptru,??_isr+12
    71  00003E  CFF5 F00E          	movff	tablat,??_isr+13
    72  000042                     
    73                           ;Blink10Hz.c: 5: if(INTCON & 0x04)
    74  000042  A4F2               	btfss	intcon,2,c	;volatile
    75  000044  D001               	goto	i2u1_41
    76  000046  D001               	goto	i2u1_40
    77  000048                     i2u1_41:
    78  000048  D008               	goto	i2l18
    79  00004A                     i2u1_40:
    80  00004A                     
    81                           ;Blink10Hz.c: 6: {
    82                           ;Blink10Hz.c: 8: LATD ^= 0xC0;
    83  00004A  0EC0               	movlw	192
    84  00004C  1A8C               	xorwf	3980,f,c	;volatile
    85  00004E                     
    86                           ;Blink10Hz.c: 9: INTCON &= 0xFB;
    87  00004E  94F2               	bcf	intcon,2,c	;volatile
    88  000050                     
    89                           ;Blink10Hz.c: 10: TMR0H=0xFE;
    90  000050  0EFE               	movlw	254
    91  000052  6ED7               	movwf	4055,c	;volatile
    92  000054                     
    93                           ;Blink10Hz.c: 11: TMR0L=0x79;
    94  000054  0E79               	movlw	121
    95  000056  6ED6               	movwf	4054,c	;volatile
    96  000058  D000               	goto	i2l18
    97  00005A                     i2l18:
    98  00005A  C00E  FFF5         	movff	??_isr+13,tablat
    99  00005E  C00D  FFF8         	movff	??_isr+12,tblptru
   100  000062  C00C  FFF7         	movff	??_isr+11,tblptrh
   101  000066  C00B  FFF6         	movff	??_isr+10,tblptrl
   102  00006A  C00A  FFF4         	movff	??_isr+9,prodh
   103  00006E  C009  FFF3         	movff	??_isr+8,prodl
   104  000072  C008  FFDA         	movff	??_isr+7,fsr2h
   105  000076  C007  FFD9         	movff	??_isr+6,fsr2l
   106  00007A  C006  FFE2         	movff	??_isr+5,fsr1h
   107  00007E  C005  FFE1         	movff	??_isr+4,fsr1l
   108  000082  C004  FFEA         	movff	??_isr+3,fsr0h
   109  000086  C003  FFE9         	movff	??_isr+2,fsr0l
   110  00008A  C002  FFFB         	movff	??_isr+1,pclatu
   111  00008E  C001  FFFA         	movff	??_isr,pclath
   112  000092  0011               	retfie		f
   113  000094  FFFF               	dw	65535	; errata NOP
   114  000096                     __end_of_isr:
   115                           	opt stack 0
   116  0000                     pclatu	equ	0xFFB
   117                           pclath	equ	0xFFA
   118                           tblptru	equ	0xFF8
   119                           tblptrh	equ	0xFF7
   120                           tblptrl	equ	0xFF6
   121                           tablat	equ	0xFF5
   122                           prodh	equ	0xFF4
   123                           prodl	equ	0xFF3
   124                           intcon	equ	0xFF2
   125                           fsr0h	equ	0xFEA
   126                           fsr0l	equ	0xFE9
   127                           fsr1h	equ	0xFE2
   128                           fsr1l	equ	0xFE1
   129                           fsr2h	equ	0xFDA
   130                           fsr2l	equ	0xFD9
   131                           
   132                           	psect	cinit
   133  0000C6                     __pcinit:
   134                           	opt stack 0
   135  0000C6                     start_initialization:
   136                           	opt stack 0
   137  0000C6                     __initialization:
   138                           	opt stack 0
   139  0000C6                     end_of_initialization:
   140                           	opt stack 0
   141  0000C6                     __end_of__initialization:
   142                           	opt stack 0
   143  0000C6  0100               	movlb	0
   144  0000C8  EF4E  F000         	goto	_main	;jump to C main() function
   145                           pclatu	equ	0xFFB
   146                           pclath	equ	0xFFA
   147                           tblptru	equ	0xFF8
   148                           tblptrh	equ	0xFF7
   149                           tblptrl	equ	0xFF6
   150                           tablat	equ	0xFF5
   151                           prodh	equ	0xFF4
   152                           prodl	equ	0xFF3
   153                           intcon	equ	0xFF2
   154                           fsr0h	equ	0xFEA
   155                           fsr0l	equ	0xFE9
   156                           fsr1h	equ	0xFE2
   157                           fsr1l	equ	0xFE1
   158                           fsr2h	equ	0xFDA
   159                           fsr2l	equ	0xFD9
   160                           
   161                           	psect	cstackCOMRAM
   162  000001                     __pcstackCOMRAM:
   163                           	opt stack 0
   164  000001                     ??_isr:
   165  000001                     
   166                           ; 0 bytes @ 0x0
   167  000001                     	ds	14
   168  00000F                     pclatu	equ	0xFFB
   169                           pclath	equ	0xFFA
   170                           tblptru	equ	0xFF8
   171                           tblptrh	equ	0xFF7
   172                           tblptrl	equ	0xFF6
   173                           tablat	equ	0xFF5
   174                           prodh	equ	0xFF4
   175                           prodl	equ	0xFF3
   176                           intcon	equ	0xFF2
   177                           fsr0h	equ	0xFEA
   178                           fsr0l	equ	0xFE9
   179                           fsr1h	equ	0xFE2
   180                           fsr1l	equ	0xFE1
   181                           fsr2h	equ	0xFDA
   182                           fsr2l	equ	0xFD9
   183                           
   184                           ; 0 bytes @ 0xE
   185 ;;
   186 ;;Main: autosize = 0, tempsize = 0, incstack = 0, save=0
   187 ;;
   188 ;; *************** function _main *****************
   189 ;; Defined at:
   190 ;;		line 16 in file "Blink10Hz.c"
   191 ;; Parameters:    Size  Location     Type
   192 ;;		None
   193 ;; Auto vars:     Size  Location     Type
   194 ;;		None
   195 ;; Return value:  Size  Location     Type
   196 ;;		None               void
   197 ;; Registers used:
   198 ;;		wreg, status,2, status,0
   199 ;; Tracked objects:
   200 ;;		On entry : 0/0
   201 ;;		On exit  : 0/0
   202 ;;		Unchanged: 0/0
   203 ;; Data sizes:     COMRAM   BANK0   BANK1   BANK2   BANK3   BANK4   BANK5
   204 ;;      Params:         0       0       0       0       0       0       0
   205 ;;      Locals:         0       0       0       0       0       0       0
   206 ;;      Temps:          0       0       0       0       0       0       0
   207 ;;      Totals:         0       0       0       0       0       0       0
   208 ;;Total ram usage:        0 bytes
   209 ;; Hardware stack levels required when called:    1
   210 ;; This function calls:
   211 ;;		Nothing
   212 ;; This function is called by:
   213 ;;		Startup code after reset
   214 ;; This function uses a non-reentrant model
   215 ;;
   216                           
   217                           	psect	text0
   218  00009A                     __ptext0:
   219                           	opt stack 0
   220  00009A  FFFF               	dw	65535	; assembler added errata NOP
   221  00009C                     _main:
   222                           	opt stack 30
   223                           
   224                           ;incstack = 0
   225  00009C  FFFF               	dw	65535
   226                           
   227                           ;Blink10Hz.c: 17: TRISD = 0x00;
   228                           
   229                           ;incstack = 0
   230  00009E  0E00               	movlw	0
   231  0000A0  6E95               	movwf	3989,c	;volatile
   232                           
   233                           ;Blink10Hz.c: 18: RCON &= 0x7F;
   234  0000A2  9ED0               	bcf	4048,7,c	;volatile
   235                           
   236                           ;Blink10Hz.c: 19: INTCON = 0xE0;
   237  0000A4  0EE0               	movlw	224
   238  0000A6  6EF2               	movwf	intcon,c	;volatile
   239                           
   240                           ;Blink10Hz.c: 20: T0CON = 0x97;
   241  0000A8  0E97               	movlw	151
   242  0000AA  6ED5               	movwf	4053,c	;volatile
   243                           
   244                           ;Blink10Hz.c: 21: TMR0H = 0xFE;
   245  0000AC  0EFE               	movlw	254
   246  0000AE  6ED7               	movwf	4055,c	;volatile
   247                           
   248                           ;Blink10Hz.c: 23: TMR0L = 0x79;
   249  0000B0  0E79               	movlw	121
   250  0000B2  6ED6               	movwf	4054,c	;volatile
   251                           
   252                           ;Blink10Hz.c: 25: LATD = 0x7F;
   253  0000B4  0E7F               	movlw	127
   254  0000B6  6E8C               	movwf	3980,c	;volatile
   255  0000B8                     l21:
   256  0000B8  FFFF               	dw	65535	; assembler added errata NOP
   257  0000BA  D7FE               	goto	l21
   258  0000BC                     __end_of_main:
   259                           	opt stack 0
   260  0000BC  FFFF               	dw	65535	; assembler added errata NOP
   261                           pclatu	equ	0xFFB
   262                           pclath	equ	0xFFA
   263                           tblptru	equ	0xFF8
   264                           tblptrh	equ	0xFF7
   265                           tblptrl	equ	0xFF6
   266                           tablat	equ	0xFF5
   267                           prodh	equ	0xFF4
   268                           prodl	equ	0xFF3
   269                           intcon	equ	0xFF2
   270                           fsr0h	equ	0xFEA
   271                           fsr0l	equ	0xFE9
   272                           fsr1h	equ	0xFE2
   273                           fsr1l	equ	0xFE1
   274                           fsr2h	equ	0xFDA
   275                           fsr2l	equ	0xFD9
   276                           pclatu	equ	0xFFB
   277                           pclath	equ	0xFFA
   278                           tblptru	equ	0xFF8
   279                           tblptrh	equ	0xFF7
   280                           tblptrl	equ	0xFF6
   281                           tablat	equ	0xFF5
   282                           prodh	equ	0xFF4
   283                           prodl	equ	0xFF3
   284                           intcon	equ	0xFF2
   285                           fsr0h	equ	0xFEA
   286                           fsr0l	equ	0xFE9
   287                           fsr1h	equ	0xFE2
   288                           fsr1l	equ	0xFE1
   289                           fsr2h	equ	0xFDA
   290                           fsr2l	equ	0xFD9
   291                           
   292                           	psect	rparam
   293  0000                     pclatu	equ	0xFFB
   294                           pclath	equ	0xFFA
   295                           tblptru	equ	0xFF8
   296                           tblptrh	equ	0xFF7
   297                           tblptrl	equ	0xFF6
   298                           tablat	equ	0xFF5
   299                           prodh	equ	0xFF4
   300                           prodl	equ	0xFF3
   301                           intcon	equ	0xFF2
   302                           fsr0h	equ	0xFEA
   303                           fsr0l	equ	0xFE9
   304                           fsr1h	equ	0xFE2
   305                           fsr1l	equ	0xFE1
   306                           fsr2h	equ	0xFDA
   307                           fsr2l	equ	0xFD9


Data Sizes:
    Strings     0
    Constant    0
    Data        0
    BSS         0
    Persistent  0
    Stack       0

Auto Spaces:
    Space          Size  Autos    Used
    COMRAM           95     14      14
    BANK0           160      0       0
    BANK1           256      0       0
    BANK2           256      0       0
    BANK3           256      0       0
    BANK4           256      0       0
    BANK5           256      0       0

Pointer List with Targets:

    None.

Critical Paths under _main in COMRAM

    None.

Critical Paths under _isr in COMRAM

    None.

Critical Paths under _main in BANK0

    None.

Critical Paths under _isr in BANK0

    None.

Critical Paths under _main in BANK1

    None.

Critical Paths under _isr in BANK1

    None.

Critical Paths under _main in BANK2

    None.

Critical Paths under _isr in BANK2

    None.

Critical Paths under _main in BANK3

    None.

Critical Paths under _isr in BANK3

    None.

Critical Paths under _main in BANK4

    None.

Critical Paths under _isr in BANK4

    None.

Critical Paths under _main in BANK5

    None.

Critical Paths under _isr in BANK5

    None.

Call Graph Tables:

 ---------------------------------------------------------------------------------
 (Depth) Function   	        Calls       Base Space   Used Autos Params    Refs
 ---------------------------------------------------------------------------------
 (0) _main                                                 0     0      0       0
 ---------------------------------------------------------------------------------
 Estimated maximum stack depth 0
 ---------------------------------------------------------------------------------
 (Depth) Function   	        Calls       Base Space   Used Autos Params    Refs
 ---------------------------------------------------------------------------------
 (1) _isr                                                 14    14      0       0
                                              0 COMRAM    14    14      0
 ---------------------------------------------------------------------------------
 Estimated maximum stack depth 1
 ---------------------------------------------------------------------------------

 Call Graph Graphs:

 _main (ROOT)

 _isr (ROOT)

 Address spaces:
Name               Size   Autos  Total    Cost      Usage
BITCOMRAM           5F      0       0       0        0.0%
EEDATA             100      0       0       0        0.0%
NULL                 0      0       0       0        0.0%
CODE                 0      0       0       0        0.0%
COMRAM              5F      E       E       1       14.7%
STACK                0      0       0       2        0.0%
BITBANK0            A0      0       0       3        0.0%
BANK0               A0      0       0       4        0.0%
BITBANK1           100      0       0       5        0.0%
BANK1              100      0       0       6        0.0%
BITBANK2           100      0       0       7        0.0%
BANK2              100      0       0       8        0.0%
ABS                  0      0       0       9        0.0%
BITBANK3           100      0       0      10        0.0%
BANK3              100      0       0      11        0.0%
BITBANK4           100      0       0      12        0.0%
BANK4              100      0       0      13        0.0%
BITBANK5           100      0       0      14        0.0%
BANK5              100      0       0      15        0.0%
BIGRAM             5FF      0       0      16        0.0%
DATA                 0      0       0      17        0.0%
BITSFR_1             0      0       0      40        0.0%
SFR_1                0      0       0      40        0.0%
BITSFR               0      0       0      40        0.0%
SFR                  0      0       0      40        0.0%


Microchip Technology PIC18 Macro Assembler V1.21 build 54009 
Symbol Table                                                                                   Tue Dec 31 22:16:32 2013

                                                              l21 00B8  
                                                     __CFG_OSC$HS 000000  
                                                             _isr 0008  
                                                    __CFG_WDT$OFF 000000  
                                                            ?_isr 0001  
                                                            _LATD 000F8C  
                                                            i2l17 005A  
                                                            i2l18 005A  
                                                            _RCON 000FD0  
                                                            _main 009C  
                                                            fsr0h 000FEA  
                                                            fsr1h 000FE2  
                                                            fsr0l 000FE9  
                                                            fsr2h 000FDA  
                                                            fsr1l 000FE1  
                                                            fsr2l 000FD9  
                                                            pclat 000FFA  
                                                            prodh 000FF4  
                                                            prodl 000FF3  
                                                            start 0096  
                                                           ??_isr 0001  
                                                           ?_main 0001  
                                                           _T0CON 000FD5  
                                                           i2l600 0042  
                                                           i2l602 004A  
                                                           i2l604 004E  
                                                           i2l606 0050  
                                                           i2l608 0054  
                                                           _TMR0H 000FD7  
                                                           _TMR0L 000FD6  
                                                           _TRISD 000F95  
                                                           tablat 000FF5  
                                                 __initialization 00C6  
                                                    __end_of_main 00BC  
                                                          ??_main 000F  
                                                   __activetblptr 000000  
                                                          _INTCON 000FF2  
                                                          i2u1_40 004A  
                                                          i2u1_41 0048  
                                                          tblptrh 000FF7  
                                                          tblptrl 000FF6  
                                                          tblptru 000FF8  
                                                      __accesstop 0060  
                                         __end_of__initialization 00C6  
                                                  __pcstackCOMRAM 0001  
                                                         __Hparam 0000  
                                                         __Lparam 0000  
                                                         __pcinit 00C6  
                                                         __ramtop 0600  
                                                         __ptext0 009A  
                                                    __size_of_isr 008E  
                                            end_of_initialization 00C6  
                                             start_initialization 00C6  
                                                     __end_of_isr 0096  
                                                       __pintcode 0008  
                                                        __Hrparam 0000  
                                                        __Lrparam 0000  
                                                   __size_of_main 0020  
                                                        intlevel2 00C2  
