

Microchip Technology PIC18 LITE Macro Assembler V1.21 build 54009 
                                                                                               Thu Jan 02 19:38:59 2014

Microchip Technology Omniscient Code Generator (Lite mode) build 54009
     1                           	processor	18F458
     2                           	fnconf	rparam,??,?,0
     3                           	opt	pw 120
     4                           	opt	lm
     5                           	psect	intcode,global,reloc=2,class=CODE,delta=1
     6                           	psect	cinit,global,reloc=2,class=CODE,delta=1
     7                           	psect	cstackCOMRAM,global,class=COMRAM,space=1,delta=1
     8                           	psect	text0,global,reloc=2,class=CODE,delta=1
     9                           	psect	intsave_regs,global,class=BIGRAM,space=1,delta=1
    10                           	psect	rparam,global,class=COMRAM,space=1,delta=1
    11  0000                     _ECCP1CON	set	4026
    12  0000                     _ECCPR1L	set	4027
    13  0000                     _INTCON	set	4082
    14  0000                     _INTCON2	set	4081
    15  0000                     _PIR1	set	3998
    16  0000                     _PORTB	set	3969
    17  0000                     _PR2	set	4043
    18  0000                     _RCON	set	4048
    19  0000                     _T2CON	set	4042
    20  0000                     _TRISB	set	3987
    21  0000                     _TRISD	set	3989
    22                           
    23 ;; *************** function _isr *****************
    24 ;; Defined at:
    25 ;;		line 6 in file "AboSalah.c"
    26 ;; Parameters:    Size  Location     Type
    27 ;;		None
    28 ;; Auto vars:     Size  Location     Type
    29 ;;  in              1   14[COMRAM] unsigned char 
    30 ;; Return value:  Size  Location     Type
    31 ;;		None               void
    32 ;; Registers used:
    33 ;;		wreg, status,2, status,0
    34 ;; Tracked objects:
    35 ;;		On entry : 0/0
    36 ;;		On exit  : 0/0
    37 ;;		Unchanged: 0/0
    38 ;; Data sizes:     COMRAM   BANK0   BANK1   BANK2   BANK3   BANK4   BANK5
    39 ;;      Params:         0       0       0       0       0       0       0
    40 ;;      Locals:         1       0       0       0       0       0       0
    41 ;;      Temps:         14       0       0       0       0       0       0
    42 ;;      Totals:        15       0       0       0       0       0       0
    43 ;;Total ram usage:       15 bytes
    44 ;; Hardware stack levels used:    1
    45 ;; This function calls:
    46 ;;		Nothing
    47 ;; This function is called by:
    48 ;;		Interrupt level 2
    49 ;; This function uses a non-reentrant model
    50 ;;
    51                           
    52                           	psect	intcode
    53  000008                     __pintcode:
    54                           	opt stack 0
    55                           
    56                           ; #config settings
    57  000008                     _isr:
    58                           	opt stack 30
    59                           
    60                           ;incstack = 0
    61  000008  FFFF               	dw	65535	; errata NOP
    62  00000A  CFFA F001          	movff	pclath,??_isr
    63  00000E  CFFB F002          	movff	pclatu,??_isr+1
    64  000012  CFE9 F003          	movff	fsr0l,??_isr+2
    65  000016  CFEA F004          	movff	fsr0h,??_isr+3
    66  00001A  CFE1 F005          	movff	fsr1l,??_isr+4
    67  00001E  CFE2 F006          	movff	fsr1h,??_isr+5
    68  000022  CFD9 F007          	movff	fsr2l,??_isr+6
    69  000026  CFDA F008          	movff	fsr2h,??_isr+7
    70  00002A  CFF3 F009          	movff	prodl,??_isr+8
    71  00002E  CFF4 F00A          	movff	prodh,??_isr+9
    72  000032  CFF6 F00B          	movff	tblptrl,??_isr+10
    73  000036  CFF7 F00C          	movff	tblptrh,??_isr+11
    74  00003A  CFF8 F00D          	movff	tblptru,??_isr+12
    75  00003E  CFF5 F00E          	movff	tablat,??_isr+13
    76  000042                     
    77                           ;AboSalah.c: 7: unsigned char in;
    78                           ;AboSalah.c: 8: if(INTCON & 0x01)
    79  000042  A0F2               	btfss	intcon,0,c	;volatile
    80  000044  D001               	goto	i2u1_41
    81  000046  D001               	goto	i2u1_40
    82  000048                     i2u1_41:
    83  000048  D02D               	goto	i2l33
    84  00004A                     i2u1_40:
    85  00004A                     
    86                           ;AboSalah.c: 9: {
    87                           ;AboSalah.c: 10: in = PORTB;
    88  00004A  CF81 F00F          	movff	3969,isr@in	;volatile
    89  00004E                     
    90                           ;AboSalah.c: 11: INTCON &= 0xFE;
    91  00004E  90F2               	bcf	intcon,0,c	;volatile
    92  000050                     
    93                           ;AboSalah.c: 12: if((in & 0xC0) != 0xC0)
    94  000050  500F               	movf	isr@in,w,c
    95  000052  0BC0               	andlw	192
    96  000054  0AC0               	xorlw	192
    97  000056  B4D8               	btfsc	status,2,c
    98  000058  D001               	goto	i2u2_41
    99  00005A  D001               	goto	i2u2_40
   100  00005C                     i2u2_41:
   101  00005C  D023               	goto	i2l33
   102  00005E                     i2u2_40:
   103  00005E                     
   104                           ;AboSalah.c: 13: {
   105                           ;AboSalah.c: 14: TRISD = 0xFF;
   106  00005E  6895               	setf	3989,c	;volatile
   107  000060                     
   108                           ;AboSalah.c: 15: PR2 = 0x28;
   109  000060  0E28               	movlw	40
   110  000062  6ECB               	movwf	4043,c	;volatile
   111                           
   112                           ;AboSalah.c: 16: ECCPR1L = 0x05;
   113  000064  0E05               	movlw	5
   114  000066  6EBB               	movwf	4027,c	;volatile
   115  000068                     
   116                           ;AboSalah.c: 17: if(!(PORTB & 0x80))
   117  000068  BE81               	btfsc	3969,7,c	;volatile
   118  00006A  D001               	goto	i2u3_41
   119  00006C  D001               	goto	i2u3_40
   120  00006E                     i2u3_41:
   121  00006E  D003               	goto	i2l27
   122  000070                     i2u3_40:
   123  000070                     
   124                           ;AboSalah.c: 18: {
   125                           ;AboSalah.c: 19: ECCP1CON = 0x4C;
   126  000070  0E4C               	movlw	76
   127  000072  6EBA               	movwf	4026,c	;volatile
   128                           
   129                           ;AboSalah.c: 20: }
   130  000074  D007               	goto	i2l28
   131  000076                     i2l27:
   132                           
   133                           ;AboSalah.c: 21: else if(!(PORTB & 0x40))
   134  000076  BC81               	btfsc	3969,6,c	;volatile
   135  000078  D001               	goto	i2u4_41
   136  00007A  D001               	goto	i2u4_40
   137  00007C                     i2u4_41:
   138  00007C  D003               	goto	i2l28
   139  00007E                     i2u4_40:
   140  00007E                     
   141                           ;AboSalah.c: 22: {
   142                           ;AboSalah.c: 23: ECCP1CON = 0xCC;
   143  00007E  0ECC               	movlw	204
   144  000080  6EBA               	movwf	4026,c	;volatile
   145  000082  D000               	goto	i2l28
   146  000084                     i2l28:
   147                           
   148                           ;AboSalah.c: 24: }
   149                           ;AboSalah.c: 25: PIR1 = 0x00;
   150  000084  0E00               	movlw	0
   151  000086  6E9E               	movwf	3998,c	;volatile
   152                           
   153                           ;AboSalah.c: 26: T2CON = 0x04;
   154  000088  0E04               	movlw	4
   155  00008A  6ECA               	movwf	4042,c	;volatile
   156                           
   157                           ;AboSalah.c: 27: while(!PIR1);
   158  00008C  D001               	goto	i2l633
   159  00008E  D000               	goto	i2l633
   160  000090                     i2l633:
   161  000090  509E               	movf	3998,w,c	;volatile
   162  000092  B4D8               	btfsc	status,2,c
   163  000094  D001               	goto	i2u5_41
   164  000096  D001               	goto	i2u5_40
   165  000098                     i2u5_41:
   166  000098  D7FB               	goto	i2l633
   167  00009A                     i2u5_40:
   168  00009A  D000               	goto	i2l635
   169  00009C                     i2l635:
   170                           
   171                           ;AboSalah.c: 28: TRISD &= 0x0F;
   172  00009C  0E0F               	movlw	15
   173  00009E  1695               	andwf	3989,f,c	;volatile
   174  0000A0  D001               	goto	i2l33
   175  0000A2  D000               	goto	i2l33
   176  0000A4                     i2l33:
   177  0000A4  C00E  FFF5         	movff	??_isr+13,tablat
   178  0000A8  C00D  FFF8         	movff	??_isr+12,tblptru
   179  0000AC  C00C  FFF7         	movff	??_isr+11,tblptrh
   180  0000B0  C00B  FFF6         	movff	??_isr+10,tblptrl
   181  0000B4  C00A  FFF4         	movff	??_isr+9,prodh
   182  0000B8  C009  FFF3         	movff	??_isr+8,prodl
   183  0000BC  C008  FFDA         	movff	??_isr+7,fsr2h
   184  0000C0  C007  FFD9         	movff	??_isr+6,fsr2l
   185  0000C4  C006  FFE2         	movff	??_isr+5,fsr1h
   186  0000C8  C005  FFE1         	movff	??_isr+4,fsr1l
   187  0000CC  C004  FFEA         	movff	??_isr+3,fsr0h
   188  0000D0  C003  FFE9         	movff	??_isr+2,fsr0l
   189  0000D4  C002  FFFB         	movff	??_isr+1,pclatu
   190  0000D8  C001  FFFA         	movff	??_isr,pclath
   191  0000DC  0011               	retfie		f
   192  0000DE  FFFF               	dw	65535	; errata NOP
   193  0000E0                     __end_of_isr:
   194                           	opt stack 0
   195  0000                     pclatu	equ	0xFFB
   196                           pclath	equ	0xFFA
   197                           tblptru	equ	0xFF8
   198                           tblptrh	equ	0xFF7
   199                           tblptrl	equ	0xFF6
   200                           tablat	equ	0xFF5
   201                           prodh	equ	0xFF4
   202                           prodl	equ	0xFF3
   203                           intcon	equ	0xFF2
   204                           fsr0h	equ	0xFEA
   205                           fsr0l	equ	0xFE9
   206                           fsr1h	equ	0xFE2
   207                           fsr1l	equ	0xFE1
   208                           fsr2h	equ	0xFDA
   209                           fsr2l	equ	0xFD9
   210                           status	equ	0xFD8
   211                           
   212                           	psect	cinit
   213  000102                     __pcinit:
   214                           	opt stack 0
   215  000102                     start_initialization:
   216                           	opt stack 0
   217  000102                     __initialization:
   218                           	opt stack 0
   219  000102                     end_of_initialization:
   220                           	opt stack 0
   221  000102                     __end_of__initialization:
   222                           	opt stack 0
   223  000102  0100               	movlb	0
   224  000104  EF73  F000         	goto	_main	;jump to C main() function
   225                           pclatu	equ	0xFFB
   226                           pclath	equ	0xFFA
   227                           tblptru	equ	0xFF8
   228                           tblptrh	equ	0xFF7
   229                           tblptrl	equ	0xFF6
   230                           tablat	equ	0xFF5
   231                           prodh	equ	0xFF4
   232                           prodl	equ	0xFF3
   233                           intcon	equ	0xFF2
   234                           fsr0h	equ	0xFEA
   235                           fsr0l	equ	0xFE9
   236                           fsr1h	equ	0xFE2
   237                           fsr1l	equ	0xFE1
   238                           fsr2h	equ	0xFDA
   239                           fsr2l	equ	0xFD9
   240                           status	equ	0xFD8
   241                           
   242                           	psect	cstackCOMRAM
   243  000001                     __pcstackCOMRAM:
   244                           	opt stack 0
   245  000001                     ??_isr:
   246  000001                     
   247                           ; 0 bytes @ 0x0
   248  000001                     	ds	14
   249  00000F                     isr@in:
   250                           	opt stack 0
   251                           
   252                           ; 1 bytes @ 0xE
   253  00000F                     	ds	1
   254  000010                     pclatu	equ	0xFFB
   255                           pclath	equ	0xFFA
   256                           tblptru	equ	0xFF8
   257                           tblptrh	equ	0xFF7
   258                           tblptrl	equ	0xFF6
   259                           tablat	equ	0xFF5
   260                           prodh	equ	0xFF4
   261                           prodl	equ	0xFF3
   262                           intcon	equ	0xFF2
   263                           fsr0h	equ	0xFEA
   264                           fsr0l	equ	0xFE9
   265                           fsr1h	equ	0xFE2
   266                           fsr1l	equ	0xFE1
   267                           fsr2h	equ	0xFDA
   268                           fsr2l	equ	0xFD9
   269                           status	equ	0xFD8
   270                           
   271                           ; 0 bytes @ 0xF
   272 ;;
   273 ;;Main: autosize = 0, tempsize = 0, incstack = 0, save=0
   274 ;;
   275 ;; *************** function _main *****************
   276 ;; Defined at:
   277 ;;		line 33 in file "AboSalah.c"
   278 ;; Parameters:    Size  Location     Type
   279 ;;		None
   280 ;; Auto vars:     Size  Location     Type
   281 ;;		None
   282 ;; Return value:  Size  Location     Type
   283 ;;		None               void
   284 ;; Registers used:
   285 ;;		wreg, status,2, status,0
   286 ;; Tracked objects:
   287 ;;		On entry : 0/0
   288 ;;		On exit  : 0/0
   289 ;;		Unchanged: 0/0
   290 ;; Data sizes:     COMRAM   BANK0   BANK1   BANK2   BANK3   BANK4   BANK5
   291 ;;      Params:         0       0       0       0       0       0       0
   292 ;;      Locals:         0       0       0       0       0       0       0
   293 ;;      Temps:          0       0       0       0       0       0       0
   294 ;;      Totals:         0       0       0       0       0       0       0
   295 ;;Total ram usage:        0 bytes
   296 ;; Hardware stack levels required when called:    1
   297 ;; This function calls:
   298 ;;		Nothing
   299 ;; This function is called by:
   300 ;;		Startup code after reset
   301 ;; This function uses a non-reentrant model
   302 ;;
   303                           
   304                           	psect	text0
   305  0000E4                     __ptext0:
   306                           	opt stack 0
   307  0000E4  FFFF               	dw	65535	; assembler added errata NOP
   308  0000E6                     _main:
   309                           	opt stack 30
   310                           
   311                           ;incstack = 0
   312  0000E6  FFFF               	dw	65535
   313                           
   314                           ;AboSalah.c: 34: RCON &= 0xEF;
   315                           
   316                           ;incstack = 0
   317  0000E8  98D0               	bcf	4048,4,c	;volatile
   318                           
   319                           ;AboSalah.c: 35: INTCON = 0xC8;
   320  0000EA  0EC8               	movlw	200
   321  0000EC  6EF2               	movwf	intcon,c	;volatile
   322                           
   323                           ;AboSalah.c: 36: INTCON2 = 0x01;
   324  0000EE  0E01               	movlw	1
   325  0000F0  6EF1               	movwf	intcon2,c	;volatile
   326                           
   327                           ;AboSalah.c: 37: TRISB = 0xFF;
   328  0000F2  6893               	setf	3987,c	;volatile
   329  0000F4                     l36:
   330  0000F4  FFFF               	dw	65535	; assembler added errata NOP
   331  0000F6  D7FE               	goto	l36
   332  0000F8                     __end_of_main:
   333                           	opt stack 0
   334  0000F8  FFFF               	dw	65535	; assembler added errata NOP
   335                           pclatu	equ	0xFFB
   336                           pclath	equ	0xFFA
   337                           tblptru	equ	0xFF8
   338                           tblptrh	equ	0xFF7
   339                           tblptrl	equ	0xFF6
   340                           tablat	equ	0xFF5
   341                           prodh	equ	0xFF4
   342                           prodl	equ	0xFF3
   343                           intcon	equ	0xFF2
   344                           intcon2	equ	0xFF1
   345                           fsr0h	equ	0xFEA
   346                           fsr0l	equ	0xFE9
   347                           fsr1h	equ	0xFE2
   348                           fsr1l	equ	0xFE1
   349                           fsr2h	equ	0xFDA
   350                           fsr2l	equ	0xFD9
   351                           status	equ	0xFD8
   352                           pclatu	equ	0xFFB
   353                           pclath	equ	0xFFA
   354                           tblptru	equ	0xFF8
   355                           tblptrh	equ	0xFF7
   356                           tblptrl	equ	0xFF6
   357                           tablat	equ	0xFF5
   358                           prodh	equ	0xFF4
   359                           prodl	equ	0xFF3
   360                           intcon	equ	0xFF2
   361                           intcon2	equ	0xFF1
   362                           fsr0h	equ	0xFEA
   363                           fsr0l	equ	0xFE9
   364                           fsr1h	equ	0xFE2
   365                           fsr1l	equ	0xFE1
   366                           fsr2h	equ	0xFDA
   367                           fsr2l	equ	0xFD9
   368                           status	equ	0xFD8
   369                           
   370                           	psect	rparam
   371  0000                     pclatu	equ	0xFFB
   372                           pclath	equ	0xFFA
   373                           tblptru	equ	0xFF8
   374                           tblptrh	equ	0xFF7
   375                           tblptrl	equ	0xFF6
   376                           tablat	equ	0xFF5
   377                           prodh	equ	0xFF4
   378                           prodl	equ	0xFF3
   379                           intcon	equ	0xFF2
   380                           intcon2	equ	0xFF1
   381                           fsr0h	equ	0xFEA
   382                           fsr0l	equ	0xFE9
   383                           fsr1h	equ	0xFE2
   384                           fsr1l	equ	0xFE1
   385                           fsr2h	equ	0xFDA
   386                           fsr2l	equ	0xFD9
   387                           status	equ	0xFD8


Data Sizes:
    Strings     0
    Constant    0
    Data        0
    BSS         0
    Persistent  0
    Stack       0

Auto Spaces:
    Space          Size  Autos    Used
    COMRAM           95     15      15
    BANK0           160      0       0
    BANK1           256      0       0
    BANK2           256      0       0
    BANK3           256      0       0
    BANK4           256      0       0
    BANK5           256      0       0

Pointer List with Targets:

    None.

Critical Paths under _main in COMRAM

    None.

Critical Paths under _isr in COMRAM

    None.

Critical Paths under _main in BANK0

    None.

Critical Paths under _isr in BANK0

    None.

Critical Paths under _main in BANK1

    None.

Critical Paths under _isr in BANK1

    None.

Critical Paths under _main in BANK2

    None.

Critical Paths under _isr in BANK2

    None.

Critical Paths under _main in BANK3

    None.

Critical Paths under _isr in BANK3

    None.

Critical Paths under _main in BANK4

    None.

Critical Paths under _isr in BANK4

    None.

Critical Paths under _main in BANK5

    None.

Critical Paths under _isr in BANK5

    None.

Call Graph Tables:

 ---------------------------------------------------------------------------------
 (Depth) Function   	        Calls       Base Space   Used Autos Params    Refs
 ---------------------------------------------------------------------------------
 (0) _main                                                 0     0      0       0
 ---------------------------------------------------------------------------------
 Estimated maximum stack depth 0
 ---------------------------------------------------------------------------------
 (Depth) Function   	        Calls       Base Space   Used Autos Params    Refs
 ---------------------------------------------------------------------------------
 (1) _isr                                                 15    15      0      15
                                              0 COMRAM    15    15      0
 ---------------------------------------------------------------------------------
 Estimated maximum stack depth 1
 ---------------------------------------------------------------------------------

 Call Graph Graphs:

 _main (ROOT)

 _isr (ROOT)

 Address spaces:
Name               Size   Autos  Total    Cost      Usage
BITCOMRAM           5F      0       0       0        0.0%
EEDATA             100      0       0       0        0.0%
NULL                 0      0       0       0        0.0%
CODE                 0      0       0       0        0.0%
COMRAM              5F      F       F       1       15.8%
STACK                0      0       0       2        0.0%
BITBANK0            A0      0       0       3        0.0%
BANK0               A0      0       0       4        0.0%
BITBANK1           100      0       0       5        0.0%
BANK1              100      0       0       6        0.0%
BITBANK2           100      0       0       7        0.0%
BANK2              100      0       0       8        0.0%
ABS                  0      0       0       9        0.0%
BITBANK3           100      0       0      10        0.0%
BANK3              100      0       0      11        0.0%
BITBANK4           100      0       0      12        0.0%
BANK4              100      0       0      13        0.0%
BITBANK5           100      0       0      14        0.0%
BANK5              100      0       0      15        0.0%
BIGRAM             5FF      0       0      16        0.0%
DATA                 0      0       0      17        0.0%
BITSFR_1             0      0       0      40        0.0%
SFR_1                0      0       0      40        0.0%
BITSFR               0      0       0      40        0.0%
SFR                  0      0       0      40        0.0%


Microchip Technology PIC18 Macro Assembler V1.21 build 54009 
Symbol Table                                                                                   Thu Jan 02 19:38:59 2014

                                                             l36 00F4  
                                                    __CFG_OSC$HS 000000  
                                                            _PR2 000FCB  
                                                            _isr 0008  
                                                   __CFG_WDT$OFF 000000  
                                                           ?_isr 0001  
                                                           i2l30 0090  
                                                           i2l31 008E  
                                                           i2l32 009C  
                                                           i2l25 00A4  
                                                           i2l33 00A4  
                                                           _PIR1 000F9E  
                                                           i2l26 00A2  
                                                           i2l27 0076  
                                                           i2l28 0084  
                                                           i2l29 0084  
                                                           _RCON 000FD0  
                                                           _main 00E6  
                                                           fsr0h 000FEA  
                                                           fsr1h 000FE2  
                                                           fsr0l 000FE9  
                                                           fsr2h 000FDA  
                                                           fsr1l 000FE1  
                                                           fsr2l 000FD9  
                                                           pclat 000FFA  
                                                           prodh 000FF4  
                                                           prodl 000FF3  
                                                           start 00E0  
                                                          ??_isr 0001  
                                                          ?_main 0001  
                                                          _T2CON 000FCA  
                                                          i2l621 0050  
                                                          i2l631 007E  
                                                          i2l623 005E  
                                                          i2l615 0042  
                                                          i2l633 0090  
                                                          i2l625 0060  
                                                          i2l617 004A  
                                                          i2l635 009C  
                                                          i2l627 0068  
                                                          i2l619 004E  
                                                          i2l629 0070  
                                                          _PORTB 000F81  
                                                          _TRISB 000F93  
                                                          _TRISD 000F95  
                                                          isr@in 000F  
                                                          tablat 000FF5  
                                                          status 000FD8  
                                                __initialization 0102  
                                                   __end_of_main 00F8  
                                                         ??_main 0010  
                                                  __activetblptr 000000  
                                                         _INTCON 000FF2  
                                                         i2u1_40 004A  
                                                         i2u1_41 0048  
                                                         i2u2_40 005E  
                                                         i2u2_41 005C  
                                                         i2u3_40 0070  
                                                         i2u3_41 006E  
                                                         i2u4_40 007E  
                                                         i2u4_41 007C  
                                                         i2u5_40 009A  
                                                         i2u5_41 0098  
                                                         tblptrh 000FF7  
                                                         tblptrl 000FF6  
                                                         tblptru 000FF8  
                                                     __accesstop 0060  
                                        __end_of__initialization 0102  
                                                 __pcstackCOMRAM 0001  
                                                        _ECCPR1L 000FBB  
                                                        _INTCON2 000FF1  
                                                        __Hparam 0000  
                                                        __Lparam 0000  
                                                        __pcinit 0102  
                                                        __ramtop 0600  
                                                        __ptext0 00E4  
                                                   __size_of_isr 00D8  
                                           end_of_initialization 0102  
                                            start_initialization 0102  
                                                    __end_of_isr 00E0  
                                                      __pintcode 0008  
                                                       _ECCP1CON 000FBA  
                                                       __Hrparam 0000  
                                                       __Lrparam 0000  
                                                  __size_of_main 0012  
                                                       intlevel2 00FE  
