

Microchip Technology PIC18 LITE Macro Assembler V1.21 build 54009 
                                                                                               Tue Dec 31 11:15:45 2013

Microchip Technology Omniscient Code Generator (Lite mode) build 54009
     1                           	processor	18F458
     2                           	fnconf	rparam,??,?,0
     3                           	opt	pw 120
     4                           	opt	lm
     5                           	psect	intcode,global,reloc=2,class=CODE,delta=1
     6                           	psect	cinit,global,reloc=2,class=CODE,delta=1
     7                           	psect	bssCOMRAM,global,class=COMRAM,space=1,delta=1
     8                           	psect	cstackCOMRAM,global,class=COMRAM,space=1,delta=1
     9                           	psect	text0,global,reloc=2,class=CODE,delta=1
    10                           	psect	intsave_regs,global,class=BIGRAM,space=1,delta=1
    11                           	psect	rparam,global,class=COMRAM,space=1,delta=1
    12  0000                     _CCP1CON	set	4029
    13  0000                     _CCPR1H	set	4031
    14  0000                     _CCPR1L	set	4030
    15  0000                     _ECCP1CON	set	4026
    16  0000                     _INTCON	set	4082
    17  0000                     _IPR1	set	3999
    18  0000                     _PIE1	set	3997
    19  0000                     _PIR1	set	3998
    20  0000                     _PORTD	set	3971
    21  0000                     _RCON	set	4048
    22  0000                     _T1CON	set	4045
    23  0000                     _T3CON	set	4017
    24  0000                     _TRISC	set	3988
    25  0000                     _TRISD	set	3989
    26                           
    27 ;; *************** function _isr *****************
    28 ;; Defined at:
    29 ;;		line 8 in file "SpeedIndication.c"
    30 ;; Parameters:    Size  Location     Type
    31 ;;		None
    32 ;; Auto vars:     Size  Location     Type
    33 ;;  cur_t1          4   31[COMRAM] unsigned long 
    34 ;;  tcks            4   26[COMRAM] unsigned long 
    35 ;;  temp            1   30[COMRAM] unsigned char 
    36 ;; Return value:  Size  Location     Type
    37 ;;		None               void
    38 ;; Registers used:
    39 ;;		wreg, status,2, status,0
    40 ;; Tracked objects:
    41 ;;		On entry : 0/0
    42 ;;		On exit  : 0/0
    43 ;;		Unchanged: 0/0
    44 ;; Data sizes:     COMRAM   BANK0   BANK1   BANK2   BANK3   BANK4   BANK5
    45 ;;      Params:         0       0       0       0       0       0       0
    46 ;;      Locals:         9       0       0       0       0       0       0
    47 ;;      Temps:         26       0       0       0       0       0       0
    48 ;;      Totals:        35       0       0       0       0       0       0
    49 ;;Total ram usage:       35 bytes
    50 ;; Hardware stack levels used:    1
    51 ;; This function calls:
    52 ;;		Nothing
    53 ;; This function is called by:
    54 ;;		Interrupt level 2
    55 ;; This function uses a non-reentrant model
    56 ;;
    57                           
    58                           	psect	intcode
    59  000008                     __pintcode:
    60                           	opt stack 0
    61                           
    62                           ; #config settings
    63  000008                     _isr:
    64                           	opt stack 30
    65                           
    66                           ;incstack = 0
    67  000008  FFFF               	dw	65535	; errata NOP
    68  00000A  CFFA F00D          	movff	pclath,??_isr+12
    69  00000E  CFFB F00E          	movff	pclatu,??_isr+13
    70  000012  CFE9 F00F          	movff	fsr0l,??_isr+14
    71  000016  CFEA F010          	movff	fsr0h,??_isr+15
    72  00001A  CFE1 F011          	movff	fsr1l,??_isr+16
    73  00001E  CFE2 F012          	movff	fsr1h,??_isr+17
    74  000022  CFD9 F013          	movff	fsr2l,??_isr+18
    75  000026  CFDA F014          	movff	fsr2h,??_isr+19
    76  00002A  CFF3 F015          	movff	prodl,??_isr+20
    77  00002E  CFF4 F016          	movff	prodh,??_isr+21
    78  000032  CFF6 F017          	movff	tblptrl,??_isr+22
    79  000036  CFF7 F018          	movff	tblptrh,??_isr+23
    80  00003A  CFF8 F019          	movff	tblptru,??_isr+24
    81  00003E  CFF5 F01A          	movff	tablat,??_isr+25
    82  000042                     
    83                           ;SpeedIndication.c: 9: unsigned long int cur_t1, tcks;
    84                           ;SpeedIndication.c: 10: unsigned char temp;
    85                           ;SpeedIndication.c: 11: if(PIR1 & 0x01)
    86  000042  A09E               	btfss	3998,0,c	;volatile
    87  000044  D001               	goto	i2u1_41
    88  000046  D001               	goto	i2u1_40
    89  000048                     i2u1_41:
    90  000048  D009               	goto	i2l632
    91  00004A                     i2u1_40:
    92  00004A                     
    93                           ;SpeedIndication.c: 12: {
    94                           ;SpeedIndication.c: 13: PIR1 &= 0xFE;
    95  00004A  909E               	bcf	3998,0,c	;volatile
    96  00004C                     
    97                           ;SpeedIndication.c: 14: if(ovfs < 2)
    98  00004C  0E02               	movlw	2
    99  00004E  6028               	cpfslt	_ovfs,c
   100  000050  D001               	goto	i2u2_41
   101  000052  D001               	goto	i2u2_40
   102  000054                     i2u2_41:
   103  000054  D003               	goto	i2l632
   104  000056                     i2u2_40:
   105  000056                     
   106                           ;SpeedIndication.c: 15: ++ovfs;
   107  000056  2A28               	incf	_ovfs,f,c
   108  000058  D001               	goto	i2l632
   109  00005A  D000               	goto	i2l632
   110  00005C                     i2l632:
   111                           
   112                           ;SpeedIndication.c: 16: }
   113                           ;SpeedIndication.c: 17: if(PIR1 & 0x04)
   114  00005C  A49E               	btfss	3998,2,c	;volatile
   115  00005E  D001               	goto	i2u3_41
   116  000060  D001               	goto	i2u3_40
   117  000062                     i2u3_41:
   118  000062  D06E               	goto	i2l42
   119  000064                     i2u3_40:
   120  000064                     
   121                           ;SpeedIndication.c: 18: {
   122                           ;SpeedIndication.c: 19: PIR1 &= 0xFB;
   123  000064  949E               	bcf	3998,2,c	;volatile
   124  000066                     
   125                           ;SpeedIndication.c: 20: if(ovfs < 2)
   126  000066  0E02               	movlw	2
   127  000068  6028               	cpfslt	_ovfs,c
   128  00006A  D001               	goto	i2u4_41
   129  00006C  D001               	goto	i2u4_40
   130  00006E                     i2u4_41:
   131  00006E  D061               	goto	i2l658
   132  000070                     i2u4_40:
   133  000070                     
   134                           ;SpeedIndication.c: 21: {
   135                           ;SpeedIndication.c: 22: temp = CCPR1L;
   136  000070  CFBE F01F          	movff	4030,isr@temp	;volatile
   137  000074                     
   138                           ;SpeedIndication.c: 23: cur_t1 = CCPR1H;
   139  000074  50BF               	movf	4031,w,c	;volatile
   140  000076  6E20               	movwf	isr@cur_t1,c
   141  000078  6A21               	clrf	isr@cur_t1+1,c
   142  00007A  6A22               	clrf	isr@cur_t1+2,c
   143  00007C  6A23               	clrf	isr@cur_t1+3,c
   144  00007E                     
   145                           ;SpeedIndication.c: 24: cur_t1 <<= 8;
   146  00007E  C022  F023         	movff	isr@cur_t1+2,isr@cur_t1+3
   147  000082  C021  F022         	movff	isr@cur_t1+1,isr@cur_t1+2
   148  000086  C020  F021         	movff	isr@cur_t1,isr@cur_t1+1
   149  00008A  6A20               	clrf	isr@cur_t1,c
   150  00008C                     
   151                           ;SpeedIndication.c: 25: cur_t1 |= temp;
   152  00008C  501F               	movf	isr@temp,w,c
   153  00008E  1220               	iorwf	isr@cur_t1,f,c
   154  000090                     
   155                           ;SpeedIndication.c: 26: tcks = (((unsigned long int)ovfs)*((unsigned long int)65536))-pr
      +                          ev_t1+cur_t1;
   156  000090  C024  F001         	movff	_prev_t1,??_isr
   157  000094  C025  F002         	movff	_prev_t1+1,??_isr+1
   158  000098  C026  F003         	movff	_prev_t1+2,??_isr+2
   159  00009C  C027  F004         	movff	_prev_t1+3,??_isr+3
   160  0000A0  1E01               	comf	??_isr,f,c
   161  0000A2  1E02               	comf	??_isr+1,f,c
   162  0000A4  1E03               	comf	??_isr+2,f,c
   163  0000A6  1E04               	comf	??_isr+3,f,c
   164  0000A8  2A01               	incf	??_isr,f,c
   165  0000AA  0E00               	movlw	0
   166  0000AC  2202               	addwfc	??_isr+1,f,c
   167  0000AE  2203               	addwfc	??_isr+2,f,c
   168  0000B0  2204               	addwfc	??_isr+3,f,c
   169  0000B2  C028  F005         	movff	_ovfs,??_isr+4
   170  0000B6  6A06               	clrf	(??_isr+5)& (0+255),c
   171  0000B8  6A07               	clrf	(??_isr+6)& (0+255),c
   172  0000BA  6A08               	clrf	(??_isr+7)& (0+255),c
   173  0000BC  C006  F008         	movff	??_isr+5,??_isr+7
   174  0000C0  C005  F007         	movff	??_isr+4,??_isr+6
   175  0000C4  6A06               	clrf	??_isr+5,c
   176  0000C6  6A05               	clrf	??_isr+4,c
   177  0000C8  5001               	movf	??_isr,w,c
   178  0000CA  2405               	addwf	??_isr+4,w,c
   179  0000CC  6E09               	movwf	(??_isr+8)& (0+255),c
   180  0000CE  5002               	movf	??_isr+1,w,c
   181  0000D0  2006               	addwfc	??_isr+5,w,c
   182  0000D2  6E0A               	movwf	(??_isr+9)& (0+255),c
   183  0000D4  5003               	movf	??_isr+2,w,c
   184  0000D6  2007               	addwfc	??_isr+6,w,c
   185  0000D8  6E0B               	movwf	(??_isr+10)& (0+255),c
   186  0000DA  5004               	movf	??_isr+3,w,c
   187  0000DC  2008               	addwfc	??_isr+7,w,c
   188  0000DE  6E0C               	movwf	(??_isr+11)& (0+255),c
   189  0000E0  5020               	movf	isr@cur_t1,w,c
   190  0000E2  2409               	addwf	??_isr+8,w,c
   191  0000E4  6E1B               	movwf	isr@tcks,c
   192  0000E6  5021               	movf	isr@cur_t1+1,w,c
   193  0000E8  200A               	addwfc	??_isr+9,w,c
   194  0000EA  6E1C               	movwf	isr@tcks+1,c
   195  0000EC  5022               	movf	isr@cur_t1+2,w,c
   196  0000EE  200B               	addwfc	??_isr+10,w,c
   197  0000F0  6E1D               	movwf	isr@tcks+2,c
   198  0000F2  5023               	movf	isr@cur_t1+3,w,c
   199  0000F4  200C               	addwfc	??_isr+11,w,c
   200  0000F6  6E1E               	movwf	isr@tcks+3,c
   201  0000F8                     
   202                           ;SpeedIndication.c: 27: if(tcks < 1000)
   203  0000F8  0EE8               	movlw	232
   204  0000FA  5C1B               	subwf	isr@tcks,w,c
   205  0000FC  0E03               	movlw	3
   206  0000FE  581C               	subwfb	isr@tcks+1,w,c
   207  000100  0E00               	movlw	0
   208  000102  581D               	subwfb	isr@tcks+2,w,c
   209  000104  0E00               	movlw	0
   210  000106  581E               	subwfb	isr@tcks+3,w,c
   211  000108  B0D8               	btfsc	status,0,c
   212  00010A  D001               	goto	i2u5_41
   213  00010C  D001               	goto	i2u5_40
   214  00010E                     i2u5_41:
   215  00010E  D002               	goto	i2l652
   216  000110                     i2u5_40:
   217  000110                     
   218                           ;SpeedIndication.c: 28: PORTD &= 0xFE;
   219  000110  9083               	bcf	3971,0,c	;volatile
   220  000112  D002               	goto	i2l654
   221  000114                     i2l652:
   222                           
   223                           ;SpeedIndication.c: 29: else
   224                           ;SpeedIndication.c: 30: PORTD |= 0x01;
   225  000114  8083               	bsf	3971,0,c	;volatile
   226  000116  D000               	goto	i2l654
   227  000118                     i2l654:
   228                           
   229                           ;SpeedIndication.c: 31: prev_t1 = cur_t1;
   230  000118  C020  F024         	movff	isr@cur_t1,_prev_t1
   231  00011C  C021  F025         	movff	isr@cur_t1+1,_prev_t1+1
   232  000120  C022  F026         	movff	isr@cur_t1+2,_prev_t1+2
   233  000124  C023  F027         	movff	isr@cur_t1+3,_prev_t1+3
   234  000128                     
   235                           ;SpeedIndication.c: 32: ovfs = 0;
   236  000128  6E01               	movwf	??_isr& (0+255),c
   237  00012A  0E00               	movlw	0
   238  00012C  6E28               	movwf	_ovfs,c
   239  00012E  5001               	movf	??_isr& (0+255),w,c
   240                           
   241                           ;SpeedIndication.c: 33: }
   242  000130  D007               	goto	i2l42
   243  000132                     i2l658:
   244                           
   245                           ;SpeedIndication.c: 34: else
   246                           ;SpeedIndication.c: 35: {
   247                           ;SpeedIndication.c: 36: PORTD |= 0x01;
   248  000132  8083               	bsf	3971,0,c	;volatile
   249  000134                     
   250                           ;SpeedIndication.c: 37: ovfs = 0;
   251  000134  6E01               	movwf	??_isr& (0+255),c
   252  000136  0E00               	movlw	0
   253  000138  6E28               	movwf	_ovfs,c
   254  00013A  5001               	movf	??_isr& (0+255),w,c
   255  00013C  D001               	goto	i2l42
   256  00013E  D000               	goto	i2l42
   257  000140                     i2l42:
   258  000140  C01A  FFF5         	movff	??_isr+25,tablat
   259  000144  C019  FFF8         	movff	??_isr+24,tblptru
   260  000148  C018  FFF7         	movff	??_isr+23,tblptrh
   261  00014C  C017  FFF6         	movff	??_isr+22,tblptrl
   262  000150  C016  FFF4         	movff	??_isr+21,prodh
   263  000154  C015  FFF3         	movff	??_isr+20,prodl
   264  000158  C014  FFDA         	movff	??_isr+19,fsr2h
   265  00015C  C013  FFD9         	movff	??_isr+18,fsr2l
   266  000160  C012  FFE2         	movff	??_isr+17,fsr1h
   267  000164  C011  FFE1         	movff	??_isr+16,fsr1l
   268  000168  C010  FFEA         	movff	??_isr+15,fsr0h
   269  00016C  C00F  FFE9         	movff	??_isr+14,fsr0l
   270  000170  C00E  FFFB         	movff	??_isr+13,pclatu
   271  000174  C00D  FFFA         	movff	??_isr+12,pclath
   272  000178  0011               	retfie		f
   273  00017A  FFFF               	dw	65535	; errata NOP
   274  00017C                     __end_of_isr:
   275                           	opt stack 0
   276  0000                     pclatu	equ	0xFFB
   277                           pclath	equ	0xFFA
   278                           tblptru	equ	0xFF8
   279                           tblptrh	equ	0xFF7
   280                           tblptrl	equ	0xFF6
   281                           tablat	equ	0xFF5
   282                           prodh	equ	0xFF4
   283                           prodl	equ	0xFF3
   284                           fsr0h	equ	0xFEA
   285                           fsr0l	equ	0xFE9
   286                           fsr1h	equ	0xFE2
   287                           fsr1l	equ	0xFE1
   288                           fsr2h	equ	0xFDA
   289                           fsr2l	equ	0xFD9
   290                           status	equ	0xFD8
   291                           
   292                           	psect	cinit
   293  0001B6                     __pcinit:
   294                           	opt stack 0
   295  0001B6                     start_initialization:
   296                           	opt stack 0
   297  0001B6                     __initialization:
   298                           	opt stack 0
   299                           
   300                           ; Clear objects allocated to COMRAM (5 bytes)
   301  0001B6  6A28               	clrf	(__pbssCOMRAM+4)& (0+255),c
   302  0001B8  6A27               	clrf	(__pbssCOMRAM+3)& (0+255),c
   303  0001BA  6A26               	clrf	(__pbssCOMRAM+2)& (0+255),c
   304  0001BC  6A25               	clrf	(__pbssCOMRAM+1)& (0+255),c
   305  0001BE  6A24               	clrf	__pbssCOMRAM& (0+255),c
   306  0001C0                     end_of_initialization:
   307                           	opt stack 0
   308  0001C0                     __end_of__initialization:
   309                           	opt stack 0
   310  0001C0  0100               	movlb	0
   311  0001C2  EFC1  F000         	goto	_main	;jump to C main() function
   312                           pclatu	equ	0xFFB
   313                           pclath	equ	0xFFA
   314                           tblptru	equ	0xFF8
   315                           tblptrh	equ	0xFF7
   316                           tblptrl	equ	0xFF6
   317                           tablat	equ	0xFF5
   318                           prodh	equ	0xFF4
   319                           prodl	equ	0xFF3
   320                           fsr0h	equ	0xFEA
   321                           fsr0l	equ	0xFE9
   322                           fsr1h	equ	0xFE2
   323                           fsr1l	equ	0xFE1
   324                           fsr2h	equ	0xFDA
   325                           fsr2l	equ	0xFD9
   326                           status	equ	0xFD8
   327                           
   328                           	psect	bssCOMRAM
   329  000024                     __pbssCOMRAM:
   330                           	opt stack 0
   331  000024                     _prev_t1:
   332                           	opt stack 0
   333  000024                     	ds	4
   334  000028                     _ovfs:
   335                           	opt stack 0
   336  000028                     	ds	1
   337                           pclatu	equ	0xFFB
   338                           pclath	equ	0xFFA
   339                           tblptru	equ	0xFF8
   340                           tblptrh	equ	0xFF7
   341                           tblptrl	equ	0xFF6
   342                           tablat	equ	0xFF5
   343                           prodh	equ	0xFF4
   344                           prodl	equ	0xFF3
   345                           fsr0h	equ	0xFEA
   346                           fsr0l	equ	0xFE9
   347                           fsr1h	equ	0xFE2
   348                           fsr1l	equ	0xFE1
   349                           fsr2h	equ	0xFDA
   350                           fsr2l	equ	0xFD9
   351                           status	equ	0xFD8
   352                           
   353                           	psect	cstackCOMRAM
   354  000001                     __pcstackCOMRAM:
   355                           	opt stack 0
   356  000001                     ??_isr:
   357  000001                     
   358                           ; 0 bytes @ 0x0
   359  000001                     	ds	26
   360  00001B                     isr@tcks:
   361                           	opt stack 0
   362                           
   363                           ; 4 bytes @ 0x1A
   364  00001B                     	ds	4
   365  00001F                     isr@temp:
   366                           	opt stack 0
   367                           
   368                           ; 1 bytes @ 0x1E
   369  00001F                     	ds	1
   370  000020                     isr@cur_t1:
   371                           	opt stack 0
   372                           
   373                           ; 4 bytes @ 0x1F
   374  000020                     	ds	4
   375  000024                     pclatu	equ	0xFFB
   376                           pclath	equ	0xFFA
   377                           tblptru	equ	0xFF8
   378                           tblptrh	equ	0xFF7
   379                           tblptrl	equ	0xFF6
   380                           tablat	equ	0xFF5
   381                           prodh	equ	0xFF4
   382                           prodl	equ	0xFF3
   383                           fsr0h	equ	0xFEA
   384                           fsr0l	equ	0xFE9
   385                           fsr1h	equ	0xFE2
   386                           fsr1l	equ	0xFE1
   387                           fsr2h	equ	0xFDA
   388                           fsr2l	equ	0xFD9
   389                           status	equ	0xFD8
   390                           
   391                           ; 0 bytes @ 0x23
   392 ;;
   393 ;;Main: autosize = 0, tempsize = 0, incstack = 0, save=0
   394 ;;
   395 ;; *************** function _main *****************
   396 ;; Defined at:
   397 ;;		line 42 in file "SpeedIndication.c"
   398 ;; Parameters:    Size  Location     Type
   399 ;;		None
   400 ;; Auto vars:     Size  Location     Type
   401 ;;		None
   402 ;; Return value:  Size  Location     Type
   403 ;;		None               void
   404 ;; Registers used:
   405 ;;		wreg, status,2, status,0
   406 ;; Tracked objects:
   407 ;;		On entry : 0/0
   408 ;;		On exit  : 0/0
   409 ;;		Unchanged: 0/0
   410 ;; Data sizes:     COMRAM   BANK0   BANK1   BANK2   BANK3   BANK4   BANK5
   411 ;;      Params:         0       0       0       0       0       0       0
   412 ;;      Locals:         0       0       0       0       0       0       0
   413 ;;      Temps:          0       0       0       0       0       0       0
   414 ;;      Totals:         0       0       0       0       0       0       0
   415 ;;Total ram usage:        0 bytes
   416 ;; Hardware stack levels required when called:    1
   417 ;; This function calls:
   418 ;;		Nothing
   419 ;; This function is called by:
   420 ;;		Startup code after reset
   421 ;; This function uses a non-reentrant model
   422 ;;
   423                           
   424                           	psect	text0
   425  000180                     __ptext0:
   426                           	opt stack 0
   427  000180  FFFF               	dw	65535	; assembler added errata NOP
   428  000182                     _main:
   429                           	opt stack 30
   430                           
   431                           ;incstack = 0
   432  000182  FFFF               	dw	65535
   433                           
   434                           ;SpeedIndication.c: 43: RCON &= 0x7F;
   435                           
   436                           ;incstack = 0
   437  000184  9ED0               	bcf	4048,7,c	;volatile
   438                           
   439                           ;SpeedIndication.c: 44: INTCON = 0xC0;
   440  000186  0EC0               	movlw	192
   441  000188  6EF2               	movwf	intcon,c	;volatile
   442                           
   443                           ;SpeedIndication.c: 45: PIR1 = 0x00;
   444  00018A  0E00               	movlw	0
   445  00018C  6E9E               	movwf	3998,c	;volatile
   446                           
   447                           ;SpeedIndication.c: 46: PIE1 = 0x05;
   448  00018E  0E05               	movlw	5
   449  000190  6E9D               	movwf	3997,c	;volatile
   450                           
   451                           ;SpeedIndication.c: 47: IPR1 = 0xFF;
   452  000192  689F               	setf	3999,c	;volatile
   453                           
   454                           ;SpeedIndication.c: 48: TRISD = 0xFE;
   455  000194  0EFE               	movlw	254
   456  000196  6E95               	movwf	3989,c	;volatile
   457                           
   458                           ;SpeedIndication.c: 49: PORTD = 0xFF;
   459  000198  6883               	setf	3971,c	;volatile
   460                           
   461                           ;SpeedIndication.c: 50: TRISC = 0xFB;
   462  00019A  0EFB               	movlw	251
   463  00019C  6E94               	movwf	3988,c	;volatile
   464                           
   465                           ;SpeedIndication.c: 51: T1CON = 0x85;
   466  00019E  0E85               	movlw	133
   467  0001A0  6ECD               	movwf	4045,c	;volatile
   468                           
   469                           ;SpeedIndication.c: 52: T3CON = 0x00;
   470  0001A2  0E00               	movlw	0
   471  0001A4  6EB1               	movwf	4017,c	;volatile
   472                           
   473                           ;SpeedIndication.c: 53: ECCP1CON = 0x00;
   474  0001A6  0E00               	movlw	0
   475  0001A8  6EBA               	movwf	4026,c	;volatile
   476                           
   477                           ;SpeedIndication.c: 54: CCP1CON = 0x05;
   478  0001AA  0E05               	movlw	5
   479  0001AC  6EBD               	movwf	4029,c	;volatile
   480                           
   481                           ;SpeedIndication.c: 55: TRISC |= 0x04;
   482  0001AE  8494               	bsf	3988,2,c	;volatile
   483  0001B0                     l45:
   484  0001B0  FFFF               	dw	65535	; assembler added errata NOP
   485  0001B2  D7FE               	goto	l45
   486  0001B4                     __end_of_main:
   487                           	opt stack 0
   488  0001B4  FFFF               	dw	65535	; assembler added errata NOP
   489                           pclatu	equ	0xFFB
   490                           pclath	equ	0xFFA
   491                           tblptru	equ	0xFF8
   492                           tblptrh	equ	0xFF7
   493                           tblptrl	equ	0xFF6
   494                           tablat	equ	0xFF5
   495                           prodh	equ	0xFF4
   496                           prodl	equ	0xFF3
   497                           intcon	equ	0xFF2
   498                           fsr0h	equ	0xFEA
   499                           fsr0l	equ	0xFE9
   500                           fsr1h	equ	0xFE2
   501                           fsr1l	equ	0xFE1
   502                           fsr2h	equ	0xFDA
   503                           fsr2l	equ	0xFD9
   504                           status	equ	0xFD8
   505                           pclatu	equ	0xFFB
   506                           pclath	equ	0xFFA
   507                           tblptru	equ	0xFF8
   508                           tblptrh	equ	0xFF7
   509                           tblptrl	equ	0xFF6
   510                           tablat	equ	0xFF5
   511                           prodh	equ	0xFF4
   512                           prodl	equ	0xFF3
   513                           intcon	equ	0xFF2
   514                           fsr0h	equ	0xFEA
   515                           fsr0l	equ	0xFE9
   516                           fsr1h	equ	0xFE2
   517                           fsr1l	equ	0xFE1
   518                           fsr2h	equ	0xFDA
   519                           fsr2l	equ	0xFD9
   520                           status	equ	0xFD8
   521                           
   522                           	psect	rparam
   523  0000                     pclatu	equ	0xFFB
   524                           pclath	equ	0xFFA
   525                           tblptru	equ	0xFF8
   526                           tblptrh	equ	0xFF7
   527                           tblptrl	equ	0xFF6
   528                           tablat	equ	0xFF5
   529                           prodh	equ	0xFF4
   530                           prodl	equ	0xFF3
   531                           intcon	equ	0xFF2
   532                           fsr0h	equ	0xFEA
   533                           fsr0l	equ	0xFE9
   534                           fsr1h	equ	0xFE2
   535                           fsr1l	equ	0xFE1
   536                           fsr2h	equ	0xFDA
   537                           fsr2l	equ	0xFD9
   538                           status	equ	0xFD8


Data Sizes:
    Strings     0
    Constant    0
    Data        0
    BSS         5
    Persistent  0
    Stack       0

Auto Spaces:
    Space          Size  Autos    Used
    COMRAM           95     35      40
    BANK0           160      0       0
    BANK1           256      0       0
    BANK2           256      0       0
    BANK3           256      0       0
    BANK4           256      0       0
    BANK5           256      0       0

Pointer List with Targets:

    None.

Critical Paths under _main in COMRAM

    None.

Critical Paths under _isr in COMRAM

    None.

Critical Paths under _main in BANK0

    None.

Critical Paths under _isr in BANK0

    None.

Critical Paths under _main in BANK1

    None.

Critical Paths under _isr in BANK1

    None.

Critical Paths under _main in BANK2

    None.

Critical Paths under _isr in BANK2

    None.

Critical Paths under _main in BANK3

    None.

Critical Paths under _isr in BANK3

    None.

Critical Paths under _main in BANK4

    None.

Critical Paths under _isr in BANK4

    None.

Critical Paths under _main in BANK5

    None.

Critical Paths under _isr in BANK5

    None.

Call Graph Tables:

 ---------------------------------------------------------------------------------
 (Depth) Function   	        Calls       Base Space   Used Autos Params    Refs
 ---------------------------------------------------------------------------------
 (0) _main                                                 0     0      0       0
 ---------------------------------------------------------------------------------
 Estimated maximum stack depth 0
 ---------------------------------------------------------------------------------
 (Depth) Function   	        Calls       Base Space   Used Autos Params    Refs
 ---------------------------------------------------------------------------------
 (1) _isr                                                 35    35      0      60
                                              0 COMRAM    35    35      0
 ---------------------------------------------------------------------------------
 Estimated maximum stack depth 1
 ---------------------------------------------------------------------------------

 Call Graph Graphs:

 _main (ROOT)

 _isr (ROOT)

 Address spaces:
Name               Size   Autos  Total    Cost      Usage
BIGRAM             5FF      0       0      16        0.0%
EEDATA             100      0       0       0        0.0%
BITBANK5           100      0       0      14        0.0%
BANK5              100      0       0      15        0.0%
BITBANK4           100      0       0      12        0.0%
BANK4              100      0       0      13        0.0%
BITBANK3           100      0       0      10        0.0%
BANK3              100      0       0      11        0.0%
BITBANK2           100      0       0       7        0.0%
BANK2              100      0       0       8        0.0%
BITBANK1           100      0       0       5        0.0%
BANK1              100      0       0       6        0.0%
BITBANK0            A0      0       0       3        0.0%
BANK0               A0      0       0       4        0.0%
BITCOMRAM           5F      0       0       0        0.0%
COMRAM              5F     23      28       1       42.1%
BITSFR_1             0      0       0      40        0.0%
SFR_1                0      0       0      40        0.0%
BITSFR               0      0       0      40        0.0%
SFR                  0      0       0      40        0.0%
STACK                0      0       0       2        0.0%
NULL                 0      0       0       0        0.0%
ABS                  0      0      28       9        0.0%
DATA                 0      0      28      17        0.0%
CODE                 0      0       0       0        0.0%


Microchip Technology PIC18 Macro Assembler V1.21 build 54009 
Symbol Table                                                                                   Tue Dec 31 11:15:45 2013

                                                                    l45 01B0  
                                                           __CFG_OSC$HS 000000  
                                                                   _isr 0008  
                                                          __CFG_WDT$OFF 000000  
                                                                  ?_isr 0001  
                                                                  _IPR1 000F9F  
                                                                  _PIE1 000F9D  
                                                                  i2l40 0118  
                                                                  i2l41 013E  
                                                                  _PIR1 000F9E  
                                                                  i2l42 0140  
                                                                  i2l35 005C  
                                                                  i2l36 005A  
                                                                  i2l37 0140  
                                                                  i2l38 0132  
                                                                  i2l39 0114  
                                                                  _RCON 000FD0  
                                                                  _main 0182  
                                                                  _ovfs 0028  
                                                                  fsr0h 000FEA  
                                                                  fsr1h 000FE2  
                                                                  fsr0l 000FE9  
                                                                  fsr2h 000FDA  
                                                                  fsr1l 000FE1  
                                                                  fsr2l 000FD9  
                                                                  pclat 000FFA  
                                                                  prodh 000FF4  
                                                                  prodl 000FF3  
                                                                  start 017C  
                                                                 ??_isr 0001  
                                                                 ?_main 0001  
                                                                 _T1CON 000FCD  
                                                                 _T3CON 000FB1  
                                                                 i2l630 0056  
                                                                 i2l640 0074  
                                                                 i2l632 005C  
                                                                 i2l624 0042  
                                                                 i2l650 0110  
                                                                 i2l642 007E  
                                                                 i2l634 0064  
                                                                 i2l626 004A  
                                                                 i2l660 0134  
                                                                 i2l652 0114  
                                                                 i2l644 008C  
                                                                 i2l636 0066  
                                                                 i2l628 004C  
                                                                 i2l654 0118  
                                                                 i2l646 0090  
                                                                 i2l638 0070  
                                                                 i2l656 0128  
                                                                 i2l648 00F8  
                                                                 i2l658 0132  
                                                                 _PORTD 000F83  
                                                                 _TRISC 000F94  
                                                                 _TRISD 000F95  
                                                                 tablat 000FF5  
                                                                 status 000FD8  
                                                       __initialization 01B6  
                                                          __end_of_main 01B4  
                                                                ??_main 0024  
                                                         __activetblptr 000000  
                                                                _CCPR1H 000FBF  
                                                                _CCPR1L 000FBE  
                                                                _INTCON 000FF2  
                                                                i2u1_40 004A  
                                                                i2u1_41 0048  
                                                                i2u2_40 0056  
                                                                i2u2_41 0054  
                                                                i2u3_40 0064  
                                                                i2u3_41 0062  
                                                                i2u4_40 0070  
                                                                i2u4_41 006E  
                                                                i2u5_40 0110  
                                                                i2u5_41 010E  
                                                                tblptrh 000FF7  
                                                                tblptrl 000FF6  
                                                                tblptru 000FF8  
                                                            __accesstop 0060  
                                               __end_of__initialization 01C0  
                                                        __pcstackCOMRAM 0001  
                                                               _CCP1CON 000FBD  
                                                               __Hparam 0000  
                                                               __Lparam 0000  
                                                               __pcinit 01B6  
                                                               __ramtop 0600  
                                                               __ptext0 0180  
                                                          __size_of_isr 0174  
                                                               _prev_t1 0024  
                                                  end_of_initialization 01C0  
                                                               isr@tcks 001B  
                                                               isr@temp 001F  
                                                   start_initialization 01B6  
                                                           __end_of_isr 017C  
                                                           __pbssCOMRAM 0024  
                                                             __pintcode 0008  
                                                              _ECCP1CON 000FBA  
                                                             isr@cur_t1 0020  
                                                              __Hrparam 0000  
                                                              __Lrparam 0000  
                                                         __size_of_main 0032  
                                                              intlevel2 01CA  
