

Microchip Technology PIC18 LITE Macro Assembler V1.21 build 54009 
                                                                                               Wed Jan 01 13:36:20 2014

Microchip Technology Omniscient Code Generator (Lite mode) build 54009
     1                           	processor	18F458
     2                           	fnconf	rparam,??,?,0
     3                           	opt	pw 120
     4                           	opt	lm
     5                           	psect	intcode,global,reloc=2,class=CODE,delta=1
     6                           	psect	cinit,global,reloc=2,class=CODE,delta=1
     7                           	psect	bssCOMRAM,global,class=COMRAM,space=1,delta=1
     8                           	psect	cstackCOMRAM,global,class=COMRAM,space=1,delta=1
     9                           	psect	text0,global,reloc=2,class=CODE,delta=1
    10                           	psect	intsave_regs,global,class=BIGRAM,space=1,delta=1
    11                           	psect	rparam,global,class=COMRAM,space=1,delta=1
    12  0000                     _INTCON	set	4082
    13  0000                     _INTCON2	set	4081
    14  0000                     _INTCON3	set	4080
    15  0000                     _IPR1	set	3999
    16  0000                     _LATD	set	3980
    17  0000                     _PIE1	set	3997
    18  0000                     _PIR1	set	3998
    19  0000                     _RCON	set	4048
    20  0000                     _T1CON	set	4045
    21  0000                     _TMR1H	set	4047
    22  0000                     _TMR1L	set	4046
    23  0000                     _TRISB	set	3987
    24  0000                     _TRISD	set	3989
    25                           
    26 ;; *************** function _isr *****************
    27 ;; Defined at:
    28 ;;		line 5 in file "Stopwatch.c"
    29 ;; Parameters:    Size  Location     Type
    30 ;;		None
    31 ;; Auto vars:     Size  Location     Type
    32 ;;		None
    33 ;; Return value:  Size  Location     Type
    34 ;;		None               void
    35 ;; Registers used:
    36 ;;		wreg, status,2, status,0
    37 ;; Tracked objects:
    38 ;;		On entry : 0/0
    39 ;;		On exit  : 0/0
    40 ;;		Unchanged: 0/0
    41 ;; Data sizes:     COMRAM   BANK0   BANK1   BANK2   BANK3   BANK4   BANK5
    42 ;;      Params:         0       0       0       0       0       0       0
    43 ;;      Locals:         0       0       0       0       0       0       0
    44 ;;      Temps:         15       0       0       0       0       0       0
    45 ;;      Totals:        15       0       0       0       0       0       0
    46 ;;Total ram usage:       15 bytes
    47 ;; Hardware stack levels used:    1
    48 ;; This function calls:
    49 ;;		Nothing
    50 ;; This function is called by:
    51 ;;		Interrupt level 2
    52 ;; This function uses a non-reentrant model
    53 ;;
    54                           
    55                           	psect	intcode
    56  000008                     __pintcode:
    57                           	opt stack 0
    58                           
    59                           ; #config settings
    60  000008                     _isr:
    61                           	opt stack 30
    62                           
    63                           ;incstack = 0
    64  000008  FFFF               	dw	65535	; errata NOP
    65  00000A  CFFA F002          	movff	pclath,??_isr+1
    66  00000E  CFFB F003          	movff	pclatu,??_isr+2
    67  000012  CFE9 F004          	movff	fsr0l,??_isr+3
    68  000016  CFEA F005          	movff	fsr0h,??_isr+4
    69  00001A  CFE1 F006          	movff	fsr1l,??_isr+5
    70  00001E  CFE2 F007          	movff	fsr1h,??_isr+6
    71  000022  CFD9 F008          	movff	fsr2l,??_isr+7
    72  000026  CFDA F009          	movff	fsr2h,??_isr+8
    73  00002A  CFF3 F00A          	movff	prodl,??_isr+9
    74  00002E  CFF4 F00B          	movff	prodh,??_isr+10
    75  000032  CFF6 F00C          	movff	tblptrl,??_isr+11
    76  000036  CFF7 F00D          	movff	tblptrh,??_isr+12
    77  00003A  CFF8 F00E          	movff	tblptru,??_isr+13
    78  00003E  CFF5 F00F          	movff	tablat,??_isr+14
    79  000042                     
    80                           ;Stopwatch.c: 6: if(PIR1 & 0x01)
    81  000042  A09E               	btfss	3998,0,c	;volatile
    82  000044  D001               	goto	i2u1_41
    83  000046  D001               	goto	i2u1_40
    84  000048                     i2u1_41:
    85  000048  D01B               	goto	i2l635
    86  00004A                     i2u1_40:
    87  00004A                     
    88                           ;Stopwatch.c: 7: {
    89                           ;Stopwatch.c: 8: PIR1 &= 0xFE;
    90  00004A  909E               	bcf	3998,0,c	;volatile
    91  00004C                     
    92                           ;Stopwatch.c: 9: TMR1H=0x0B;
    93  00004C  0E0B               	movlw	11
    94  00004E  6ECF               	movwf	4047,c	;volatile
    95  000050                     
    96                           ;Stopwatch.c: 10: TMR1L=0xDC;
    97  000050  0EDC               	movlw	220
    98  000052  6ECE               	movwf	4046,c	;volatile
    99                           
   100                           ;Stopwatch.c: 11: ++qr;
   101  000054  2A10               	incf	_qr,f,c
   102  000056                     
   103                           ;Stopwatch.c: 12: if(qr >= 4)
   104  000056  0E03               	movlw	3
   105  000058  6410               	cpfsgt	_qr,c
   106  00005A  D001               	goto	i2u2_41
   107  00005C  D001               	goto	i2u2_40
   108  00005E                     i2u2_41:
   109  00005E  D010               	goto	i2l635
   110  000060                     i2u2_40:
   111  000060                     
   112                           ;Stopwatch.c: 13: {
   113                           ;Stopwatch.c: 14: ++sec;
   114  000060  2A11               	incf	_sec,f,c
   115  000062                     
   116                           ;Stopwatch.c: 15: if(sec >= 60)
   117  000062  0E3B               	movlw	59
   118  000064  6411               	cpfsgt	_sec,c
   119  000066  D001               	goto	i2u3_41
   120  000068  D001               	goto	i2u3_40
   121  00006A                     i2u3_41:
   122  00006A  D004               	goto	i2l35
   123  00006C                     i2u3_40:
   124  00006C                     
   125                           ;Stopwatch.c: 16: sec=0;
   126  00006C  6E01               	movwf	??_isr& (0+255),c
   127  00006E  0E00               	movlw	0
   128  000070  6E11               	movwf	_sec,c
   129  000072  5001               	movf	??_isr& (0+255),w,c
   130  000074                     i2l35:
   131                           
   132                           ;Stopwatch.c: 17: qr=0;
   133  000074  6E01               	movwf	??_isr& (0+255),c
   134  000076  0E00               	movlw	0
   135  000078  6E10               	movwf	_qr,c
   136  00007A  5001               	movf	??_isr& (0+255),w,c
   137  00007C  D001               	goto	i2l635
   138  00007E  D000               	goto	i2l635
   139  000080                     i2l635:
   140                           
   141                           ;Stopwatch.c: 18: }
   142                           ;Stopwatch.c: 19: }
   143                           ;Stopwatch.c: 20: if(INTCON3 & 0x01)
   144  000080  A0F0               	btfss	intcon3,0,c	;volatile
   145  000082  D001               	goto	i2u4_41
   146  000084  D001               	goto	i2u4_40
   147  000086                     i2u4_41:
   148  000086  D008               	goto	i2l37
   149  000088                     i2u4_40:
   150  000088                     
   151                           ;Stopwatch.c: 21: {
   152                           ;Stopwatch.c: 22: INTCON3 &= 0xFE;
   153  000088  90F0               	bcf	intcon3,0,c	;volatile
   154  00008A                     
   155                           ;Stopwatch.c: 23: LATD=(~((sec<<2)|qr));
   156  00008A  4411               	rlncf	_sec,w,c
   157  00008C  46E8               	rlncf	wreg,f,c
   158  00008E  0BFC               	andlw	252
   159  000090  1010               	iorwf	_qr,w,c
   160  000092  0AFF               	xorlw	255
   161  000094  6E8C               	movwf	3980,c	;volatile
   162  000096  D000               	goto	i2l37
   163  000098                     i2l37:
   164  000098  C00F  FFF5         	movff	??_isr+14,tablat
   165  00009C  C00E  FFF8         	movff	??_isr+13,tblptru
   166  0000A0  C00D  FFF7         	movff	??_isr+12,tblptrh
   167  0000A4  C00C  FFF6         	movff	??_isr+11,tblptrl
   168  0000A8  C00B  FFF4         	movff	??_isr+10,prodh
   169  0000AC  C00A  FFF3         	movff	??_isr+9,prodl
   170  0000B0  C009  FFDA         	movff	??_isr+8,fsr2h
   171  0000B4  C008  FFD9         	movff	??_isr+7,fsr2l
   172  0000B8  C007  FFE2         	movff	??_isr+6,fsr1h
   173  0000BC  C006  FFE1         	movff	??_isr+5,fsr1l
   174  0000C0  C005  FFEA         	movff	??_isr+4,fsr0h
   175  0000C4  C004  FFE9         	movff	??_isr+3,fsr0l
   176  0000C8  C003  FFFB         	movff	??_isr+2,pclatu
   177  0000CC  C002  FFFA         	movff	??_isr+1,pclath
   178  0000D0  0011               	retfie		f
   179  0000D2  FFFF               	dw	65535	; errata NOP
   180  0000D4                     __end_of_isr:
   181                           	opt stack 0
   182  0000                     pclatu	equ	0xFFB
   183                           pclath	equ	0xFFA
   184                           tblptru	equ	0xFF8
   185                           tblptrh	equ	0xFF7
   186                           tblptrl	equ	0xFF6
   187                           tablat	equ	0xFF5
   188                           prodh	equ	0xFF4
   189                           prodl	equ	0xFF3
   190                           intcon3	equ	0xFF0
   191                           fsr0h	equ	0xFEA
   192                           fsr0l	equ	0xFE9
   193                           wreg	equ	0xFE8
   194                           fsr1h	equ	0xFE2
   195                           fsr1l	equ	0xFE1
   196                           fsr2h	equ	0xFDA
   197                           fsr2l	equ	0xFD9
   198                           
   199                           	psect	cinit
   200  000110                     __pcinit:
   201                           	opt stack 0
   202  000110                     start_initialization:
   203                           	opt stack 0
   204  000110                     __initialization:
   205                           	opt stack 0
   206                           
   207                           ; Clear objects allocated to COMRAM (2 bytes)
   208  000110  6A11               	clrf	(__pbssCOMRAM+1)& (0+255),c
   209  000112  6A10               	clrf	__pbssCOMRAM& (0+255),c
   210  000114                     end_of_initialization:
   211                           	opt stack 0
   212  000114                     __end_of__initialization:
   213                           	opt stack 0
   214  000114  0100               	movlb	0
   215  000116  EF6D  F000         	goto	_main	;jump to C main() function
   216                           pclatu	equ	0xFFB
   217                           pclath	equ	0xFFA
   218                           tblptru	equ	0xFF8
   219                           tblptrh	equ	0xFF7
   220                           tblptrl	equ	0xFF6
   221                           tablat	equ	0xFF5
   222                           prodh	equ	0xFF4
   223                           prodl	equ	0xFF3
   224                           intcon3	equ	0xFF0
   225                           fsr0h	equ	0xFEA
   226                           fsr0l	equ	0xFE9
   227                           wreg	equ	0xFE8
   228                           fsr1h	equ	0xFE2
   229                           fsr1l	equ	0xFE1
   230                           fsr2h	equ	0xFDA
   231                           fsr2l	equ	0xFD9
   232                           
   233                           	psect	bssCOMRAM
   234  000010                     __pbssCOMRAM:
   235                           	opt stack 0
   236  000010                     _qr:
   237                           	opt stack 0
   238  000010                     	ds	1
   239  000011                     _sec:
   240                           	opt stack 0
   241  000011                     	ds	1
   242                           pclatu	equ	0xFFB
   243                           pclath	equ	0xFFA
   244                           tblptru	equ	0xFF8
   245                           tblptrh	equ	0xFF7
   246                           tblptrl	equ	0xFF6
   247                           tablat	equ	0xFF5
   248                           prodh	equ	0xFF4
   249                           prodl	equ	0xFF3
   250                           intcon3	equ	0xFF0
   251                           fsr0h	equ	0xFEA
   252                           fsr0l	equ	0xFE9
   253                           wreg	equ	0xFE8
   254                           fsr1h	equ	0xFE2
   255                           fsr1l	equ	0xFE1
   256                           fsr2h	equ	0xFDA
   257                           fsr2l	equ	0xFD9
   258                           
   259                           	psect	cstackCOMRAM
   260  000001                     __pcstackCOMRAM:
   261                           	opt stack 0
   262  000001                     ??_isr:
   263  000001                     
   264                           ; 0 bytes @ 0x0
   265  000001                     	ds	15
   266  000010                     pclatu	equ	0xFFB
   267                           pclath	equ	0xFFA
   268                           tblptru	equ	0xFF8
   269                           tblptrh	equ	0xFF7
   270                           tblptrl	equ	0xFF6
   271                           tablat	equ	0xFF5
   272                           prodh	equ	0xFF4
   273                           prodl	equ	0xFF3
   274                           intcon3	equ	0xFF0
   275                           fsr0h	equ	0xFEA
   276                           fsr0l	equ	0xFE9
   277                           wreg	equ	0xFE8
   278                           fsr1h	equ	0xFE2
   279                           fsr1l	equ	0xFE1
   280                           fsr2h	equ	0xFDA
   281                           fsr2l	equ	0xFD9
   282                           
   283                           ; 0 bytes @ 0xF
   284 ;;
   285 ;;Main: autosize = 0, tempsize = 0, incstack = 0, save=0
   286 ;;
   287 ;; *************** function _main *****************
   288 ;; Defined at:
   289 ;;		line 27 in file "Stopwatch.c"
   290 ;; Parameters:    Size  Location     Type
   291 ;;		None
   292 ;; Auto vars:     Size  Location     Type
   293 ;;		None
   294 ;; Return value:  Size  Location     Type
   295 ;;		None               void
   296 ;; Registers used:
   297 ;;		wreg, status,2, status,0
   298 ;; Tracked objects:
   299 ;;		On entry : 0/0
   300 ;;		On exit  : 0/0
   301 ;;		Unchanged: 0/0
   302 ;; Data sizes:     COMRAM   BANK0   BANK1   BANK2   BANK3   BANK4   BANK5
   303 ;;      Params:         0       0       0       0       0       0       0
   304 ;;      Locals:         0       0       0       0       0       0       0
   305 ;;      Temps:          0       0       0       0       0       0       0
   306 ;;      Totals:         0       0       0       0       0       0       0
   307 ;;Total ram usage:        0 bytes
   308 ;; Hardware stack levels required when called:    1
   309 ;; This function calls:
   310 ;;		Nothing
   311 ;; This function is called by:
   312 ;;		Startup code after reset
   313 ;; This function uses a non-reentrant model
   314 ;;
   315                           
   316                           	psect	text0
   317  0000D8                     __ptext0:
   318                           	opt stack 0
   319  0000D8  FFFF               	dw	65535	; assembler added errata NOP
   320  0000DA                     _main:
   321                           	opt stack 30
   322                           
   323                           ;incstack = 0
   324  0000DA  FFFF               	dw	65535
   325                           
   326                           ;Stopwatch.c: 28: RCON &= 0x7F;
   327                           
   328                           ;incstack = 0
   329  0000DC  9ED0               	bcf	4048,7,c	;volatile
   330                           
   331                           ;Stopwatch.c: 29: INTCON = 0xC0;
   332  0000DE  0EC0               	movlw	192
   333  0000E0  6EF2               	movwf	intcon,c	;volatile
   334                           
   335                           ;Stopwatch.c: 30: INTCON2 = 0x80;
   336  0000E2  0E80               	movlw	128
   337  0000E4  6EF1               	movwf	intcon2,c	;volatile
   338                           
   339                           ;Stopwatch.c: 31: INTCON3 = 0x48;
   340  0000E6  0E48               	movlw	72
   341  0000E8  6EF0               	movwf	intcon3,c	;volatile
   342                           
   343                           ;Stopwatch.c: 32: PIR1 = 0x00;
   344  0000EA  0E00               	movlw	0
   345  0000EC  6E9E               	movwf	3998,c	;volatile
   346                           
   347                           ;Stopwatch.c: 33: PIE1 = 0x01;
   348  0000EE  0E01               	movlw	1
   349  0000F0  6E9D               	movwf	3997,c	;volatile
   350                           
   351                           ;Stopwatch.c: 34: IPR1 = 0x01;
   352  0000F2  0E01               	movlw	1
   353  0000F4  6E9F               	movwf	3999,c	;volatile
   354                           
   355                           ;Stopwatch.c: 35: T1CON = 0xA5;
   356  0000F6  0EA5               	movlw	165
   357  0000F8  6ECD               	movwf	4045,c	;volatile
   358                           
   359                           ;Stopwatch.c: 36: TMR1H=0x0B;
   360  0000FA  0E0B               	movlw	11
   361  0000FC  6ECF               	movwf	4047,c	;volatile
   362                           
   363                           ;Stopwatch.c: 37: TMR1L=0xDC;
   364  0000FE  0EDC               	movlw	220
   365  000100  6ECE               	movwf	4046,c	;volatile
   366                           
   367                           ;Stopwatch.c: 38: TRISB &= 0xFF;
   368  000102  5093               	movf	3987,w,c	;volatile
   369                           
   370                           ;Stopwatch.c: 39: TRISD = 0x00;
   371  000104  0E00               	movlw	0
   372  000106  6E95               	movwf	3989,c	;volatile
   373                           
   374                           ;Stopwatch.c: 40: LATD=0xFF;
   375  000108  688C               	setf	3980,c	;volatile
   376  00010A                     l40:
   377  00010A  FFFF               	dw	65535	; assembler added errata NOP
   378  00010C  D7FE               	goto	l40
   379  00010E                     __end_of_main:
   380                           	opt stack 0
   381  00010E  FFFF               	dw	65535	; assembler added errata NOP
   382                           pclatu	equ	0xFFB
   383                           pclath	equ	0xFFA
   384                           tblptru	equ	0xFF8
   385                           tblptrh	equ	0xFF7
   386                           tblptrl	equ	0xFF6
   387                           tablat	equ	0xFF5
   388                           prodh	equ	0xFF4
   389                           prodl	equ	0xFF3
   390                           intcon	equ	0xFF2
   391                           intcon2	equ	0xFF1
   392                           intcon3	equ	0xFF0
   393                           fsr0h	equ	0xFEA
   394                           fsr0l	equ	0xFE9
   395                           wreg	equ	0xFE8
   396                           fsr1h	equ	0xFE2
   397                           fsr1l	equ	0xFE1
   398                           fsr2h	equ	0xFDA
   399                           fsr2l	equ	0xFD9
   400                           pclatu	equ	0xFFB
   401                           pclath	equ	0xFFA
   402                           tblptru	equ	0xFF8
   403                           tblptrh	equ	0xFF7
   404                           tblptrl	equ	0xFF6
   405                           tablat	equ	0xFF5
   406                           prodh	equ	0xFF4
   407                           prodl	equ	0xFF3
   408                           intcon	equ	0xFF2
   409                           intcon2	equ	0xFF1
   410                           intcon3	equ	0xFF0
   411                           fsr0h	equ	0xFEA
   412                           fsr0l	equ	0xFE9
   413                           wreg	equ	0xFE8
   414                           fsr1h	equ	0xFE2
   415                           fsr1l	equ	0xFE1
   416                           fsr2h	equ	0xFDA
   417                           fsr2l	equ	0xFD9
   418                           
   419                           	psect	rparam
   420  0000                     pclatu	equ	0xFFB
   421                           pclath	equ	0xFFA
   422                           tblptru	equ	0xFF8
   423                           tblptrh	equ	0xFF7
   424                           tblptrl	equ	0xFF6
   425                           tablat	equ	0xFF5
   426                           prodh	equ	0xFF4
   427                           prodl	equ	0xFF3
   428                           intcon	equ	0xFF2
   429                           intcon2	equ	0xFF1
   430                           intcon3	equ	0xFF0
   431                           fsr0h	equ	0xFEA
   432                           fsr0l	equ	0xFE9
   433                           wreg	equ	0xFE8
   434                           fsr1h	equ	0xFE2
   435                           fsr1l	equ	0xFE1
   436                           fsr2h	equ	0xFDA
   437                           fsr2l	equ	0xFD9


Data Sizes:
    Strings     0
    Constant    0
    Data        0
    BSS         2
    Persistent  0
    Stack       0

Auto Spaces:
    Space          Size  Autos    Used
    COMRAM           95     15      17
    BANK0           160      0       0
    BANK1           256      0       0
    BANK2           256      0       0
    BANK3           256      0       0
    BANK4           256      0       0
    BANK5           256      0       0

Pointer List with Targets:

    None.

Critical Paths under _main in COMRAM

    None.

Critical Paths under _isr in COMRAM

    None.

Critical Paths under _main in BANK0

    None.

Critical Paths under _isr in BANK0

    None.

Critical Paths under _main in BANK1

    None.

Critical Paths under _isr in BANK1

    None.

Critical Paths under _main in BANK2

    None.

Critical Paths under _isr in BANK2

    None.

Critical Paths under _main in BANK3

    None.

Critical Paths under _isr in BANK3

    None.

Critical Paths under _main in BANK4

    None.

Critical Paths under _isr in BANK4

    None.

Critical Paths under _main in BANK5

    None.

Critical Paths under _isr in BANK5

    None.

Call Graph Tables:

 ---------------------------------------------------------------------------------
 (Depth) Function   	        Calls       Base Space   Used Autos Params    Refs
 ---------------------------------------------------------------------------------
 (0) _main                                                 0     0      0       0
 ---------------------------------------------------------------------------------
 Estimated maximum stack depth 0
 ---------------------------------------------------------------------------------
 (Depth) Function   	        Calls       Base Space   Used Autos Params    Refs
 ---------------------------------------------------------------------------------
 (1) _isr                                                 15    15      0       0
                                              0 COMRAM    15    15      0
 ---------------------------------------------------------------------------------
 Estimated maximum stack depth 1
 ---------------------------------------------------------------------------------

 Call Graph Graphs:

 _main (ROOT)

 _isr (ROOT)

 Address spaces:
Name               Size   Autos  Total    Cost      Usage
BIGRAM             5FF      0       0      16        0.0%
EEDATA             100      0       0       0        0.0%
BITBANK5           100      0       0      14        0.0%
BANK5              100      0       0      15        0.0%
BITBANK4           100      0       0      12        0.0%
BANK4              100      0       0      13        0.0%
BITBANK3           100      0       0      10        0.0%
BANK3              100      0       0      11        0.0%
BITBANK2           100      0       0       7        0.0%
BANK2              100      0       0       8        0.0%
BITBANK1           100      0       0       5        0.0%
BANK1              100      0       0       6        0.0%
BITBANK0            A0      0       0       3        0.0%
BANK0               A0      0       0       4        0.0%
BITCOMRAM           5F      0       0       0        0.0%
COMRAM              5F      F      11       1       17.9%
BITSFR_1             0      0       0      40        0.0%
SFR_1                0      0       0      40        0.0%
BITSFR               0      0       0      40        0.0%
SFR                  0      0       0      40        0.0%
STACK                0      0       0       2        0.0%
NULL                 0      0       0       0        0.0%
ABS                  0      0      11       9        0.0%
DATA                 0      0      11      17        0.0%
CODE                 0      0       0       0        0.0%


Microchip Technology PIC18 Macro Assembler V1.21 build 54009 
Symbol Table                                                                                   Wed Jan 01 13:36:20 2014

                                                              l40 010A  
                                                              _qr 0010  
                                                     __CFG_OSC$HS 000000  
                                                             _sec 0011  
                                                             _isr 0008  
                                                             wreg 000FE8  
                                                    __CFG_WDT$OFF 000000  
                                                            ?_isr 0001  
                                                            _LATD 000F8C  
                                                            _IPR1 000F9F  
                                                            _PIE1 000F9D  
                                                            i2l33 0080  
                                                            _PIR1 000F9E  
                                                            i2l34 007E  
                                                            i2l35 0074  
                                                            i2l36 0098  
                                                            i2l37 0098  
                                                            _RCON 000FD0  
                                                            _main 00DA  
                                                            fsr0h 000FEA  
                                                            fsr1h 000FE2  
                                                            fsr0l 000FE9  
                                                            fsr2h 000FDA  
                                                            fsr1l 000FE1  
                                                            fsr2l 000FD9  
                                                            pclat 000FFA  
                                                            prodh 000FF4  
                                                            prodl 000FF3  
                                                            start 00D4  
                                                           ??_isr 0001  
                                                           ?_main 0001  
                                                           _T1CON 000FCD  
                                                           i2l621 004A  
                                                           i2l631 0062  
                                                           i2l623 004C  
                                                           i2l633 006C  
                                                           i2l625 0050  
                                                           i2l627 0056  
                                                           i2l635 0080  
                                                           i2l619 0042  
                                                           i2l637 0088  
                                                           i2l629 0060  
                                                           i2l639 008A  
                                                           _TMR1H 000FCF  
                                                           _TMR1L 000FCE  
                                                           _TRISB 000F93  
                                                           _TRISD 000F95  
                                                           tablat 000FF5  
                                                 __initialization 0110  
                                                    __end_of_main 010E  
                                                          ??_main 0010  
                                                   __activetblptr 000000  
                                                          _INTCON 000FF2  
                                                          i2u1_40 004A  
                                                          i2u1_41 0048  
                                                          i2u2_40 0060  
                                                          i2u2_41 005E  
                                                          i2u3_40 006C  
                                                          i2u3_41 006A  
                                                          i2u4_40 0088  
                                                          i2u4_41 0086  
                                                          tblptrh 000FF7  
                                                          tblptrl 000FF6  
                                                          tblptru 000FF8  
                                                      __accesstop 0060  
                                         __end_of__initialization 0114  
                                                  __pcstackCOMRAM 0001  
                                                         _INTCON2 000FF1  
                                                         _INTCON3 000FF0  
                                                         __Hparam 0000  
                                                         __Lparam 0000  
                                                         __pcinit 0110  
                                                         __ramtop 0600  
                                                         __ptext0 00D8  
                                                    __size_of_isr 00CC  
                                            end_of_initialization 0114  
                                             start_initialization 0110  
                                                     __end_of_isr 00D4  
                                                     __pbssCOMRAM 0010  
                                                       __pintcode 0008  
                                                        __Hrparam 0000  
                                                        __Lrparam 0000  
                                                   __size_of_main 0034  
                                                        intlevel2 011E  
