

Microchip Technology PIC LITE Macro Assembler V1.36 build -262312587 
                                                                                               Fri May 27 16:20:39 2016

Microchip Technology Omniscient Code Generator v1.36 (Free mode) build 201601150325
     1                           	processor	16F688
     2                           	opt	pw 120
     3                           	opt	lm
     4                           	psect	nvBANK0,global,class=BANK0,space=1,delta=1
     5                           	psect	cinit,global,class=CODE,merge=1,delta=2
     6                           	psect	bssBANK0,global,class=BANK0,space=1,delta=1
     7                           	psect	bitbssBANK1,global,bit,class=BANK1,space=1,delta=1
     8                           	psect	cstackCOMMON,global,class=COMMON,space=1,delta=1
     9                           	psect	cstackBANK0,global,class=BANK0,space=1,delta=1
    10                           	psect	maintext,global,class=CODE,split=1,delta=2
    11                           	psect	text1,local,class=CODE,merge=1,delta=2
    12                           	psect	intentry,global,class=CODE,delta=2
    13                           	psect	text2,local,class=CODE,merge=1,delta=2
    14                           	dabs	1,0x7E,2
    15  0000                     	;# 
    16  0001                     	;# 
    17  0002                     	;# 
    18  0003                     	;# 
    19  0004                     	;# 
    20  0005                     	;# 
    21  0007                     	;# 
    22  000A                     	;# 
    23  000B                     	;# 
    24  000C                     	;# 
    25  000E                     	;# 
    26  000E                     	;# 
    27  000F                     	;# 
    28  0010                     	;# 
    29  0011                     	;# 
    30  0012                     	;# 
    31  0013                     	;# 
    32  0014                     	;# 
    33  0015                     	;# 
    34  0016                     	;# 
    35  0017                     	;# 
    36  0018                     	;# 
    37  0019                     	;# 
    38  001A                     	;# 
    39  001E                     	;# 
    40  001F                     	;# 
    41  0081                     	;# 
    42  0085                     	;# 
    43  0087                     	;# 
    44  008C                     	;# 
    45  008E                     	;# 
    46  008F                     	;# 
    47  0090                     	;# 
    48  0091                     	;# 
    49  0095                     	;# 
    50  0095                     	;# 
    51  0096                     	;# 
    52  0096                     	;# 
    53  0097                     	;# 
    54  0098                     	;# 
    55  0099                     	;# 
    56  009A                     	;# 
    57  009A                     	;# 
    58  009B                     	;# 
    59  009C                     	;# 
    60  009D                     	;# 
    61  009E                     	;# 
    62  009F                     	;# 
    63                           
    64                           	psect	nvBANK0
    65  0024                     __pnvBANK0:	
    66  0024                     _mot_time:	
    67  0024                     	ds	1
    68  0019                     _CMCON0	set	25
    69  001A                     _CMCON1	set	26
    70  000B                     _INTCON	set	11
    71  000C                     _PIR1	set	12
    72  0005                     _PORTA	set	5
    73  0010                     _T1CON	set	16
    74  000F                     _TMR1H	set	15
    75  000E                     _TMR1L	set	14
    76  005F                     _GIE	set	95
    77  0028                     _RA0	set	40
    78  0029                     _RA1	set	41
    79  0058                     _RAIF	set	88
    80  0038                     _RC0	set	56
    81  0039                     _RC1	set	57
    82  003A                     _RC2	set	58
    83  003B                     _RC3	set	59
    84  003C                     _RC4	set	60
    85  003D                     _RC5	set	61
    86  0060                     _TMR1IF	set	96
    87  0080                     _TMR1ON	set	128
    88  0091                     _ANSEL	set	145
    89  0096                     _IOCA	set	150
    90  0081                     _OPTION_REG	set	129
    91  008E                     _PCON	set	142
    92  008C                     _PIE1	set	140
    93  0085                     _TRISA	set	133
    94  0087                     _TRISC	set	135
    95  0095                     _WPUA	set	149
    96                           
    97                           ; #config settings
    98  0000                     
    99                           	psect	cinit
   100  0013                     start_initialization:	
   101  0013                     __initialization:	
   102                           
   103                           ; Clear objects allocated to BANK0
   104  0013  01A0               	clrf	__pbssBANK0& (0+127)
   105  0014  01A1               	clrf	(__pbssBANK0+1)& (0+127)
   106  0015  01A2               	clrf	(__pbssBANK0+2)& (0+127)
   107  0016  01A3               	clrf	(__pbssBANK0+3)& (0+127)
   108                           
   109                           ; Clear objects allocated to BITBANK1
   110  0017  1683               	bsf	3,5	;RP0=1, select bank1
   111  0018  1303               	bcf	3,6	;RP1=0, select bank1
   112  0019  01A0               	clrf	(__pbitbssBANK1/(0+8))& (0+127)
   113  001A                     end_of_initialization:	
   114                           ;End of C runtime variable initialization code
   115                           
   116  001A                     __end_of__initialization:	
   117  001A  0183               	clrf	3
   118  001B  118A  28B9         	ljmp	_main	;jump to C main() function
   119                           
   120                           	psect	bssBANK0
   121  0020                     __pbssBANK0:	
   122  0020                     _minutes:	
   123  0020                     	ds	1
   124  0021                     _mode:	
   125  0021                     	ds	1
   126  0022                     _ovf:	
   127  0022                     	ds	1
   128  0023                     _seconds:	
   129  0023                     	ds	1
   130                           
   131                           	psect	bitbssBANK1
   132  0500                     __pbitbssBANK1:	
   133  0500                     _mot_on:	
   134  0500                     	ds	1
   135                           
   136                           	psect	cstackCOMMON
   137  0070                     __pcstackCOMMON:	
   138  0070                     ?_main:	
   139  0070                     ?_isr:	
   140                           ; 1 bytes @ 0x0
   141                           
   142  0070                     ?___lwmod:	
   143                           ; 1 bytes @ 0x0
   144                           
   145  0070                     ___lwmod@divisor:	
   146                           ; 2 bytes @ 0x0
   147                           
   148                           
   149                           ; 2 bytes @ 0x0
   150  0070                     	ds	2
   151  0072                     ___lwmod@dividend:	
   152                           
   153                           ; 2 bytes @ 0x2
   154  0072                     	ds	2
   155  0074                     ??___lwmod:	
   156                           
   157                           ; 1 bytes @ 0x4
   158  0074                     	ds	1
   159  0075                     ___lwmod@counter:	
   160                           
   161                           ; 1 bytes @ 0x5
   162  0075                     	ds	1
   163  0076                     ??_isr:	
   164                           
   165                           ; 1 bytes @ 0x6
   166  0076                     	ds	8
   167                           
   168                           	psect	cstackBANK0
   169  0025                     __pcstackBANK0:	
   170  0025                     ??_main:	
   171                           
   172                           ; 1 bytes @ 0x0
   173  0025                     	ds	1
   174                           
   175                           	psect	maintext
   176  00B9                     __pmaintext:	
   177 ;;
   178 ;;Main: autosize = 0, tempsize = 1, incstack = 0, save=0
   179 ;;
   180 ;; *************** function _main *****************
   181 ;; Defined at:
   182 ;;		line 38 in file "water_pump.c"
   183 ;; Parameters:    Size  Location     Type
   184 ;;		None
   185 ;; Auto vars:     Size  Location     Type
   186 ;;		None
   187 ;; Return value:  Size  Location     Type
   188 ;;                  1    wreg      void 
   189 ;; Registers used:
   190 ;;		wreg, status,2
   191 ;; Tracked objects:
   192 ;;		On entry : B00/0
   193 ;;		On exit  : 0/0
   194 ;;		Unchanged: 0/0
   195 ;; Data sizes:     COMMON   BANK0   BANK1   BANK2
   196 ;;      Params:         0       0       0       0
   197 ;;      Locals:         0       0       0       0
   198 ;;      Temps:          0       1       0       0
   199 ;;      Totals:         0       1       0       0
   200 ;;Total ram usage:        1 bytes
   201 ;; Hardware stack levels required when called:    2
   202 ;; This function calls:
   203 ;;		Nothing
   204 ;; This function is called by:
   205 ;;		Startup code after reset
   206 ;; This function uses a non-reentrant model
   207 ;;
   208                           
   209                           
   210                           ;psect for function _main
   211  00B9                     _main:	
   212                           
   213                           ;water_pump.c: 40: (GIE = 0);
   214                           
   215                           ;incstack = 0
   216                           ; Regs used in _main: [wreg+status,2]
   217  00B9  138B               	bcf	11,7	;volatile
   218                           
   219                           ;water_pump.c: 51: INTCON = 0x48;
   220  00BA  3048               	movlw	72
   221  00BB  008B               	movwf	11	;volatile
   222                           
   223                           ;water_pump.c: 56: PIE1 = 0x01;
   224  00BC  3001               	movlw	1
   225  00BD  1683               	bsf	3,5	;RP0=1, select bank1
   226  00BE  1303               	bcf	3,6	;RP1=0, select bank1
   227  00BF  008C               	movwf	12	;volatile
   228                           
   229                           ;water_pump.c: 60: PIR1 = 0x00;
   230  00C0  1283               	bcf	3,5	;RP0=0, select bank0
   231  00C1  1303               	bcf	3,6	;RP1=0, select bank0
   232  00C2  018C               	clrf	12	;volatile
   233                           
   234                           ;water_pump.c: 64: PCON = 0x10;
   235  00C3  3010               	movlw	16
   236  00C4  1683               	bsf	3,5	;RP0=1, select bank1
   237  00C5  1303               	bcf	3,6	;RP1=0, select bank1
   238  00C6  008E               	movwf	14	;volatile
   239                           
   240                           ;water_pump.c: 72: OPTION_REG = 0x07;
   241  00C7  3007               	movlw	7
   242  00C8  0081               	movwf	1	;volatile
   243                           
   244                           ;water_pump.c: 73: TRISA = 0x3F;
   245  00C9  303F               	movlw	63
   246  00CA  0085               	movwf	5	;volatile
   247                           
   248                           ;water_pump.c: 74: ANSEL = 0x00;
   249  00CB  0191               	clrf	17	;volatile
   250                           
   251                           ;water_pump.c: 75: WPUA = 0x03;
   252  00CC  3003               	movlw	3
   253  00CD  0095               	movwf	21	;volatile
   254                           
   255                           ;water_pump.c: 76: IOCA = 0x03;
   256  00CE  3003               	movlw	3
   257  00CF  0096               	movwf	22	;volatile
   258                           
   259                           ;water_pump.c: 77: CMCON0 = 0x07;
   260  00D0  3007               	movlw	7
   261  00D1  1283               	bcf	3,5	;RP0=0, select bank0
   262  00D2  1303               	bcf	3,6	;RP1=0, select bank0
   263  00D3  0099               	movwf	25	;volatile
   264                           
   265                           ;water_pump.c: 79: TRISC = 0x00;
   266  00D4  1683               	bsf	3,5	;RP0=1, select bank1
   267  00D5  1303               	bcf	3,6	;RP1=0, select bank1
   268  00D6  0187               	clrf	7	;volatile
   269                           
   270                           ;water_pump.c: 89: T1CON = 0x80;
   271  00D7  3080               	movlw	128
   272  00D8  1283               	bcf	3,5	;RP0=0, select bank0
   273  00D9  1303               	bcf	3,6	;RP1=0, select bank0
   274  00DA  0090               	movwf	16	;volatile
   275                           
   276                           ;water_pump.c: 93: CMCON1 = 0x00;
   277  00DB  019A               	clrf	26	;volatile
   278                           
   279                           ;water_pump.c: 95: TMR1H = 0x00;
   280  00DC  018F               	clrf	15	;volatile
   281                           
   282                           ;water_pump.c: 96: TMR1L = 0x00;
   283  00DD  018E               	clrf	14	;volatile
   284                           
   285                           ;water_pump.c: 97: mode = 0;
   286  00DE  01A1               	clrf	_mode	;volatile
   287                           
   288                           ;water_pump.c: 98: mot_time = 1u;
   289  00DF  3001               	movlw	1
   290  00E0  00A5               	movwf	??_main
   291  00E1  0825               	movf	??_main,w
   292  00E2  00A4               	movwf	_mot_time	;volatile
   293                           
   294                           ;water_pump.c: 99: ovf = 0;
   295  00E3  01A2               	clrf	_ovf	;volatile
   296                           
   297                           ;water_pump.c: 100: seconds = 0;
   298  00E4  01A3               	clrf	_seconds	;volatile
   299                           
   300                           ;water_pump.c: 101: minutes = 0;
   301  00E5  01A0               	clrf	_minutes	;volatile
   302                           
   303                           ;water_pump.c: 102: mot_on = 0b0;
   304  00E6  1683               	bsf	3,5	;RP0=1, select bank1
   305  00E7  1303               	bcf	3,6	;RP1=0, select bank1
   306  00E8  1020               	bcf	(_mot_on/(0+8))^(0+128),_mot_on& (0+7)	;volatile
   307                           
   308                           ;water_pump.c: 103: RC0 = !0b1;
   309  00E9  1283               	bcf	3,5	;RP0=0, select bank0
   310  00EA  1303               	bcf	3,6	;RP1=0, select bank0
   311  00EB  1007               	bcf	7,0	;volatile
   312                           
   313                           ;water_pump.c: 104: RC2 = !0b1;
   314  00EC  1107               	bcf	7,2	;volatile
   315                           
   316                           ;water_pump.c: 105: RC3 = 0b1;
   317  00ED  1587               	bsf	7,3	;volatile
   318                           
   319                           ;water_pump.c: 106: RC4 = !0b1;
   320  00EE  1207               	bcf	7,4	;volatile
   321                           
   322                           ;water_pump.c: 107: RC5 = !0b1;
   323  00EF  1287               	bcf	7,5	;volatile
   324                           
   325                           ;water_pump.c: 108: RC1 = 0b1;
   326  00F0  1487               	bsf	7,1	;volatile
   327                           
   328                           ;water_pump.c: 109: (GIE = 1);
   329  00F1  178B               	bsf	11,7	;volatile
   330  00F2                     l73:	
   331                           ;water_pump.c: 110: while(1);
   332                           
   333  00F2  28F2               	goto	l73
   334  00F3                     __end_of_main:	
   335                           
   336                           	psect	text1
   337  001D                     __ptext1:	
   338 ;; *************** function _isr *****************
   339 ;; Defined at:
   340 ;;		line 114 in file "water_pump.c"
   341 ;; Parameters:    Size  Location     Type
   342 ;;		None
   343 ;; Auto vars:     Size  Location     Type
   344 ;;		None
   345 ;; Return value:  Size  Location     Type
   346 ;;                  1    wreg      void 
   347 ;; Registers used:
   348 ;;		wreg, fsr0l, fsr0h, status,2, status,0, pclath, cstack
   349 ;; Tracked objects:
   350 ;;		On entry : 0/0
   351 ;;		On exit  : 0/0
   352 ;;		Unchanged: 0/0
   353 ;; Data sizes:     COMMON   BANK0   BANK1   BANK2
   354 ;;      Params:         0       0       0       0
   355 ;;      Locals:         0       0       0       0
   356 ;;      Temps:          8       0       0       0
   357 ;;      Totals:         8       0       0       0
   358 ;;Total ram usage:        8 bytes
   359 ;; Hardware stack levels used:    1
   360 ;; Hardware stack levels required when called:    1
   361 ;; This function calls:
   362 ;;		___lwmod
   363 ;; This function is called by:
   364 ;;		Interrupt level 1
   365 ;; This function uses a non-reentrant model
   366 ;;
   367                           
   368                           
   369                           ;psect for function _isr
   370  001D                     _isr:	
   371                           
   372                           ;water_pump.c: 117: if(RAIF)
   373  001D  1C0B               	btfss	11,0	;volatile
   374  001E  288D               	goto	i1l834
   375                           
   376                           ;water_pump.c: 118: {
   377                           ;water_pump.c: 119: if(0b0 == RA1)
   378  001F  1885               	btfsc	5,1	;volatile
   379  0020  2862               	goto	i1l80
   380                           
   381                           ;water_pump.c: 120: {
   382                           ;water_pump.c: 121: mode = (++mode) % 3u;
   383  0021  3003               	movlw	3
   384  0022  00F0               	movwf	___lwmod@divisor
   385  0023  3000               	movlw	0
   386  0024  00F1               	movwf	___lwmod@divisor+1
   387  0025  3001               	movlw	1
   388  0026  00F6               	movwf	??_isr
   389  0027  0876               	movf	??_isr,w
   390  0028  07A1               	addwf	_mode,f	;volatile
   391  0029  0821               	movf	_mode,w	;volatile
   392  002A  00F7               	movwf	??_isr+1
   393  002B  01F8               	clrf	??_isr+2
   394  002C  0877               	movf	??_isr+1,w
   395  002D  00F2               	movwf	___lwmod@dividend
   396  002E  0878               	movf	??_isr+2,w
   397  002F  00F3               	movwf	___lwmod@dividend+1
   398  0030  118A  20F3  118A   	fcall	___lwmod
   399  0033  0870               	movf	?___lwmod,w
   400  0034  00F9               	movwf	??_isr+3
   401  0035  0879               	movf	??_isr+3,w
   402  0036  1283               	bcf	3,5	;RP0=0, select bank0
   403  0037  1303               	bcf	3,6	;RP1=0, select bank0
   404  0038  00A1               	movwf	_mode	;volatile
   405                           
   406                           ;water_pump.c: 122: switch(mode)
   407  0039  2857               	goto	i1l812
   408  003A                     i1l780:	
   409                           ;water_pump.c: 123: {
   410                           ;water_pump.c: 124: case 0:
   411                           
   412                           
   413                           ;water_pump.c: 125: mot_time = 1u;
   414  003A  3001               	movlw	1
   415  003B  00F6               	movwf	??_isr
   416  003C  0876               	movf	??_isr,w
   417  003D  00A4               	movwf	_mot_time	;volatile
   418                           
   419                           ;water_pump.c: 126: RC4 = !0b1;
   420  003E  1207               	bcf	7,4	;volatile
   421                           
   422                           ;water_pump.c: 127: RC5 = !0b1;
   423  003F  1287               	bcf	7,5	;volatile
   424                           
   425                           ;water_pump.c: 128: RC3 = 0b1;
   426  0040  1587               	bsf	7,3	;volatile
   427                           
   428                           ;water_pump.c: 129: break;
   429  0041  2862               	goto	i1l80
   430  0042                     i1l788:	
   431                           ;water_pump.c: 130: case 1:
   432                           
   433                           
   434                           ;water_pump.c: 131: mot_time = 10u;
   435  0042  300A               	movlw	10
   436  0043  00F6               	movwf	??_isr
   437  0044  0876               	movf	??_isr,w
   438  0045  00A4               	movwf	_mot_time	;volatile
   439                           
   440                           ;water_pump.c: 132: RC3 = !0b1;
   441  0046  1187               	bcf	7,3	;volatile
   442                           
   443                           ;water_pump.c: 133: RC5 = !0b1;
   444  0047  1287               	bcf	7,5	;volatile
   445                           
   446                           ;water_pump.c: 134: RC4 = 0b1;
   447  0048  1607               	bsf	7,4	;volatile
   448                           
   449                           ;water_pump.c: 135: break;
   450  0049  2862               	goto	i1l80
   451  004A                     i1l796:	
   452                           ;water_pump.c: 136: case 2:
   453                           
   454                           
   455                           ;water_pump.c: 137: mot_time = 20u;
   456  004A  3014               	movlw	20
   457  004B  00F6               	movwf	??_isr
   458  004C  0876               	movf	??_isr,w
   459  004D  00A4               	movwf	_mot_time	;volatile
   460                           
   461                           ;water_pump.c: 138: RC3 = !0b1;
   462  004E  1187               	bcf	7,3	;volatile
   463                           
   464                           ;water_pump.c: 139: RC4 = !0b1;
   465  004F  1207               	bcf	7,4	;volatile
   466                           
   467                           ;water_pump.c: 140: RC5 = 0b1;
   468  0050  1687               	bsf	7,5	;volatile
   469                           
   470                           ;water_pump.c: 141: break;
   471  0051  2862               	goto	i1l80
   472  0052                     i1l804:	
   473                           ;water_pump.c: 142: default:
   474                           
   475                           
   476                           ;water_pump.c: 146: mot_time = 0;
   477  0052  01A4               	clrf	_mot_time	;volatile
   478                           
   479                           ;water_pump.c: 147: RC3 = !0b1;
   480  0053  1187               	bcf	7,3	;volatile
   481                           
   482                           ;water_pump.c: 148: RC4 = !0b1;
   483  0054  1207               	bcf	7,4	;volatile
   484                           
   485                           ;water_pump.c: 149: RC5 = !0b1;
   486  0055  1287               	bcf	7,5	;volatile
   487                           
   488                           ;water_pump.c: 150: }
   489  0056  2862               	goto	i1l80
   490  0057                     i1l812:	
   491  0057  0821               	movf	_mode,w	;volatile
   492                           
   493                           ; Switch size 1, requested type "space"
   494                           ; Number of cases is 3, Range of values is 0 to 2
   495                           ; switch strategies available:
   496                           ; Name         Instructions Cycles
   497                           ; simple_byte           10     6 (average)
   498                           ; direct_byte           13     7 (fixed)
   499                           ; jumptable            260     6 (fixed)
   500                           ;	Chosen strategy is simple_byte
   501  0058  3A00               	xorlw	0	; case 0
   502  0059  1903               	skipnz
   503  005A  283A               	goto	i1l780
   504  005B  3A01               	xorlw	1	; case 1
   505  005C  1903               	skipnz
   506  005D  2842               	goto	i1l788
   507  005E  3A03               	xorlw	3	; case 2
   508  005F  1903               	skipnz
   509  0060  284A               	goto	i1l796
   510  0061  2852               	goto	i1l804
   511  0062                     i1l80:	
   512                           
   513                           ;water_pump.c: 151: }
   514                           ;water_pump.c: 153: if(0b0 == RA0)
   515  0062  1805               	btfsc	5,0	;volatile
   516  0063  2881               	goto	i1l828
   517                           
   518                           ;water_pump.c: 154: {
   519                           ;water_pump.c: 155: if(mot_on)
   520  0064  1683               	bsf	3,5	;RP0=1, select bank1
   521  0065  1303               	bcf	3,6	;RP1=0, select bank1
   522  0066  1C20               	btfss	(_mot_on/(0+8))^(0+128),_mot_on& (0+7)	;volatile
   523  0067  2873               	goto	i1l818
   524                           
   525                           ;water_pump.c: 156: {
   526                           ;water_pump.c: 157: RC0 = !0b1;
   527  0068  1283               	bcf	3,5	;RP0=0, select bank0
   528  0069  1303               	bcf	3,6	;RP1=0, select bank0
   529  006A  1007               	bcf	7,0	;volatile
   530                           
   531                           ;water_pump.c: 158: TMR1ON = 0b0;
   532  006B  1010               	bcf	16,0	;volatile
   533                           
   534                           ;water_pump.c: 159: mot_on = 0b0;
   535  006C  1683               	bsf	3,5	;RP0=1, select bank1
   536  006D  1303               	bcf	3,6	;RP1=0, select bank1
   537  006E  1020               	bcf	(_mot_on/(0+8))^(0+128),_mot_on& (0+7)	;volatile
   538                           
   539                           ;water_pump.c: 160: RC2 = !0b1;
   540  006F  1283               	bcf	3,5	;RP0=0, select bank0
   541  0070  1303               	bcf	3,6	;RP1=0, select bank0
   542  0071  1107               	bcf	7,2	;volatile
   543                           
   544                           ;water_pump.c: 161: }
   545  0072  2881               	goto	i1l828
   546  0073                     i1l818:	
   547                           
   548                           ;water_pump.c: 162: else
   549                           ;water_pump.c: 163: {
   550                           ;water_pump.c: 164: ovf = 0x00;
   551  0073  1283               	bcf	3,5	;RP0=0, select bank0
   552  0074  01A2               	clrf	_ovf	;volatile
   553                           
   554                           ;water_pump.c: 165: seconds = 0x00;
   555  0075  01A3               	clrf	_seconds	;volatile
   556                           
   557                           ;water_pump.c: 166: minutes = 0x00;
   558  0076  01A0               	clrf	_minutes	;volatile
   559                           
   560                           ;water_pump.c: 167: TMR1L = 0x00;
   561  0077  018E               	clrf	14	;volatile
   562                           
   563                           ;water_pump.c: 168: TMR1H = 0x00;
   564  0078  018F               	clrf	15	;volatile
   565                           
   566                           ;water_pump.c: 169: RC0 = 0b1;
   567  0079  1407               	bsf	7,0	;volatile
   568                           
   569                           ;water_pump.c: 170: TMR1ON = 0b1;
   570  007A  1410               	bsf	16,0	;volatile
   571                           
   572                           ;water_pump.c: 171: mot_on = 0b1;
   573  007B  1683               	bsf	3,5	;RP0=1, select bank1
   574  007C  1303               	bcf	3,6	;RP1=0, select bank1
   575  007D  1420               	bsf	(_mot_on/(0+8))^(0+128),_mot_on& (0+7)	;volatile
   576                           
   577                           ;water_pump.c: 172: RC2 = 0b1;
   578  007E  1283               	bcf	3,5	;RP0=0, select bank0
   579  007F  1303               	bcf	3,6	;RP1=0, select bank0
   580  0080  1507               	bsf	7,2	;volatile
   581  0081                     i1l828:	
   582                           
   583                           ;water_pump.c: 173: }
   584                           ;water_pump.c: 174: }
   585                           ;water_pump.c: 175: _delay((unsigned long)((120)*(4000000/4000.0)));
   586  0081  309C               	movlw	156
   587  0082  00F7               	movwf	??_isr+1
   588  0083  30D7               	movlw	215
   589  0084  00F6               	movwf	??_isr
   590  0085                     u29_27:	
   591  0085  0BF6               	decfsz	??_isr,f
   592  0086  2885               	goto	u29_27
   593  0087  0BF7               	decfsz	??_isr+1,f
   594  0088  2885               	goto	u29_27
   595                           
   596                           ;water_pump.c: 176: PORTA;
   597  0089  1283               	bcf	3,5	;RP0=0, select bank0
   598  008A  1303               	bcf	3,6	;RP1=0, select bank0
   599  008B  0805               	movf	5,w	;volatile
   600                           
   601                           ;water_pump.c: 177: RAIF = 0b0;
   602  008C  100B               	bcf	11,0	;volatile
   603  008D                     i1l834:	
   604                           
   605                           ;water_pump.c: 178: }
   606                           ;water_pump.c: 180: if(TMR1IF)
   607  008D  1C0C               	btfss	12,0	;volatile
   608  008E  28AE               	goto	i1l94
   609                           
   610                           ;water_pump.c: 181: {
   611                           ;water_pump.c: 182: ovf++;
   612  008F  3001               	movlw	1
   613  0090  00F6               	movwf	??_isr
   614  0091  0876               	movf	??_isr,w
   615  0092  07A2               	addwf	_ovf,f	;volatile
   616                           
   617                           ;water_pump.c: 183: if(ovf >= 15u)
   618  0093  300F               	movlw	15
   619  0094  0222               	subwf	_ovf,w	;volatile
   620  0095  1C03               	skipc
   621  0096  289B               	goto	i1l842
   622                           
   623                           ;water_pump.c: 184: seconds++;
   624  0097  3001               	movlw	1
   625  0098  00F6               	movwf	??_isr
   626  0099  0876               	movf	??_isr,w
   627  009A  07A3               	addwf	_seconds,f	;volatile
   628  009B                     i1l842:	
   629                           
   630                           ;water_pump.c: 185: if(seconds >= 60u)
   631  009B  303C               	movlw	60
   632  009C  0223               	subwf	_seconds,w	;volatile
   633  009D  1C03               	skipc
   634  009E  28AC               	goto	i1l92
   635                           
   636                           ;water_pump.c: 186: {
   637                           ;water_pump.c: 187: minutes++;
   638  009F  3001               	movlw	1
   639  00A0  00F6               	movwf	??_isr
   640  00A1  0876               	movf	??_isr,w
   641  00A2  07A0               	addwf	_minutes,f	;volatile
   642                           
   643                           ;water_pump.c: 188: if(minutes >= mot_time)
   644  00A3  0824               	movf	_mot_time,w	;volatile
   645  00A4  0220               	subwf	_minutes,w	;volatile
   646  00A5  1C03               	skipc
   647  00A6  28AC               	goto	i1l92
   648                           
   649                           ;water_pump.c: 189: {
   650                           ;water_pump.c: 190: RC0 = !0b1;
   651  00A7  1007               	bcf	7,0	;volatile
   652                           
   653                           ;water_pump.c: 191: RC2 = !0b1;
   654  00A8  1107               	bcf	7,2	;volatile
   655                           
   656                           ;water_pump.c: 192: mot_on = 0b0;
   657  00A9  1683               	bsf	3,5	;RP0=1, select bank1
   658  00AA  1303               	bcf	3,6	;RP1=0, select bank1
   659  00AB  1020               	bcf	(_mot_on/(0+8))^(0+128),_mot_on& (0+7)	;volatile
   660  00AC                     i1l92:	
   661                           
   662                           ;water_pump.c: 193: }
   663                           ;water_pump.c: 194: }
   664                           ;water_pump.c: 195: TMR1IF = 0b0;
   665  00AC  1283               	bcf	3,5	;RP0=0, select bank0
   666  00AD  100C               	bcf	12,0	;volatile
   667  00AE                     i1l94:	
   668  00AE  087D               	movf	??_isr+7,w
   669  00AF  00FF               	movwf	127
   670  00B0  087C               	movf	??_isr+6,w
   671  00B1  008A               	movwf	10
   672  00B2  087B               	movf	??_isr+5,w
   673  00B3  0084               	movwf	4
   674  00B4  0E7A               	swapf	(??_isr+4)^(0+-128),w
   675  00B5  0083               	movwf	3
   676  00B6  0EFE               	swapf	126,f
   677  00B7  0E7E               	swapf	126,w
   678  00B8  0009               	retfie
   679  00B9                     __end_of_isr:	
   680                           
   681                           	psect	intentry
   682  0004                     __pintentry:	
   683                           ;incstack = 0
   684                           ; Regs used in _isr: [wreg-fsr0h+status,2+status,0+pclath+cstack]
   685                           
   686  0004                     interrupt_function:	
   687  007E                     saved_w	set	btemp
   688  0004  00FE               	movwf	btemp
   689  0005  0E03               	swapf	3,w
   690  0006  00FA               	movwf	??_isr+4
   691  0007  0804               	movf	4,w
   692  0008  00FB               	movwf	??_isr+5
   693  0009  080A               	movf	10,w
   694  000A  00FC               	movwf	??_isr+6
   695  000B  1283               	bcf	3,5	;RP0=0, select bank0
   696  000C  1303               	bcf	3,6	;RP1=0, select bank0
   697  000D  087F               	movf	btemp+1,w
   698  000E  00FD               	movwf	??_isr+7
   699  000F  118A  281D         	ljmp	_isr
   700                           
   701                           	psect	text2
   702  00F3                     __ptext2:	
   703 ;; *************** function ___lwmod *****************
   704 ;; Defined at:
   705 ;;		line 6 in file "/opt/microchip/xc8/v1.36/sources/common/lwmod.c"
   706 ;; Parameters:    Size  Location     Type
   707 ;;  divisor         2    0[COMMON] unsigned int 
   708 ;;  dividend        2    2[COMMON] unsigned int 
   709 ;; Auto vars:     Size  Location     Type
   710 ;;  counter         1    5[COMMON] unsigned char 
   711 ;; Return value:  Size  Location     Type
   712 ;;                  2    0[COMMON] unsigned int 
   713 ;; Registers used:
   714 ;;		wreg, status,2, status,0
   715 ;; Tracked objects:
   716 ;;		On entry : 0/0
   717 ;;		On exit  : 0/0
   718 ;;		Unchanged: 0/0
   719 ;; Data sizes:     COMMON   BANK0   BANK1   BANK2
   720 ;;      Params:         4       0       0       0
   721 ;;      Locals:         1       0       0       0
   722 ;;      Temps:          1       0       0       0
   723 ;;      Totals:         6       0       0       0
   724 ;;Total ram usage:        6 bytes
   725 ;; Hardware stack levels used:    1
   726 ;; This function calls:
   727 ;;		Nothing
   728 ;; This function is called by:
   729 ;;		_isr
   730 ;; This function uses a non-reentrant model
   731 ;;
   732                           
   733                           
   734                           ;psect for function ___lwmod
   735  00F3                     ___lwmod:	
   736                           
   737                           ;incstack = 0
   738                           ; Regs used in ___lwmod: [wreg+status,2+status,0]
   739  00F3  0870               	movf	___lwmod@divisor,w
   740  00F4  0471               	iorwf	___lwmod@divisor+1,w
   741  00F5  1903               	btfsc	3,2
   742  00F6  2920               	goto	i1l720
   743  00F7  01F5               	clrf	___lwmod@counter
   744  00F8  0AF5               	incf	___lwmod@counter,f
   745  00F9                     i1l710:	
   746  00F9  1BF1               	btfsc	___lwmod@divisor+1,7
   747  00FA  2907               	goto	i1l712
   748  00FB  3001               	movlw	1
   749  00FC                     u16_25:	
   750  00FC  1003               	clrc
   751  00FD  0DF0               	rlf	___lwmod@divisor,f
   752  00FE  0DF1               	rlf	___lwmod@divisor+1,f
   753  00FF  3EFF               	addlw	-1
   754  0100  1D03               	skipz
   755  0101  28FC               	goto	u16_25
   756  0102  3001               	movlw	1
   757  0103  00F4               	movwf	??___lwmod
   758  0104  0874               	movf	??___lwmod,w
   759  0105  07F5               	addwf	___lwmod@counter,f
   760  0106  28F9               	goto	i1l710
   761  0107                     i1l712:	
   762  0107  0871               	movf	___lwmod@divisor+1,w
   763  0108  0273               	subwf	___lwmod@dividend+1,w
   764  0109  1D03               	skipz
   765  010A  290D               	goto	u18_25
   766  010B  0870               	movf	___lwmod@divisor,w
   767  010C  0272               	subwf	___lwmod@dividend,w
   768  010D                     u18_25:	
   769  010D  1C03               	skipc
   770  010E  2915               	goto	i1l716
   771  010F  0870               	movf	___lwmod@divisor,w
   772  0110  02F2               	subwf	___lwmod@dividend,f
   773  0111  0871               	movf	___lwmod@divisor+1,w
   774  0112  1C03               	skipc
   775  0113  03F3               	decf	___lwmod@dividend+1,f
   776  0114  02F3               	subwf	___lwmod@dividend+1,f
   777  0115                     i1l716:	
   778  0115  3001               	movlw	1
   779  0116                     u19_25:	
   780  0116  1003               	clrc
   781  0117  0CF1               	rrf	___lwmod@divisor+1,f
   782  0118  0CF0               	rrf	___lwmod@divisor,f
   783  0119  3EFF               	addlw	-1
   784  011A  1D03               	skipz
   785  011B  2916               	goto	u19_25
   786  011C  3001               	movlw	1
   787  011D  02F5               	subwf	___lwmod@counter,f
   788  011E  1D03               	btfss	3,2
   789  011F  2907               	goto	i1l712
   790  0120                     i1l720:	
   791  0120  0873               	movf	___lwmod@dividend+1,w
   792  0121  00F1               	movwf	?___lwmod+1
   793  0122  0872               	movf	___lwmod@dividend,w
   794  0123  00F0               	movwf	?___lwmod
   795  0124  0008               	return
   796  0125                     __end_of___lwmod:	
   797  007E                     btemp	set	126	;btemp
   798  007E                     wtemp	set	126
   799  007E                     wtemp0	set	126
   800  0080                     wtemp1	set	128
   801  0082                     wtemp2	set	130
   802  0084                     wtemp3	set	132
   803  0086                     wtemp4	set	134
   804  0088                     wtemp5	set	136
   805  007F                     wtemp6	set	127
   806  007E                     ttemp	set	126
   807  007E                     ttemp0	set	126
   808  0081                     ttemp1	set	129
   809  0084                     ttemp2	set	132
   810  0087                     ttemp3	set	135
   811  007F                     ttemp4	set	127
   812  007E                     ltemp	set	126
   813  007E                     ltemp0	set	126
   814  0082                     ltemp1	set	130
   815  0086                     ltemp2	set	134
   816  0080                     ltemp3	set	128


Data Sizes:
    Strings     0
    Constant    0
    Data        0
    BSS         4
    Persistent  1
    Stack       0

Auto Spaces:
    Space          Size  Autos    Used
    COMMON           14     14      14
    BANK0            80      1       6
    BANK1            80      0       1
    BANK2            80      0       0

Pointer List with Targets:

    None.

Critical Paths under _main in COMMON

    None.

Critical Paths under _isr in COMMON

    _isr->___lwmod

Critical Paths under _main in BANK0

    None.

Critical Paths under _isr in BANK0

    None.

Critical Paths under _main in BANK1

    None.

Critical Paths under _isr in BANK1

    None.

Critical Paths under _main in BANK2

    None.

Critical Paths under _isr in BANK2

    None.

Call Graph Tables:

 ---------------------------------------------------------------------------------
 (Depth) Function   	        Calls       Base Space   Used Autos Params    Refs
 ---------------------------------------------------------------------------------
 (0) _main                                                 1     1      0       0
                                              0 BANK0      1     1      0
 ---------------------------------------------------------------------------------
 Estimated maximum stack depth 0
 ---------------------------------------------------------------------------------
 (Depth) Function   	        Calls       Base Space   Used Autos Params    Refs
 ---------------------------------------------------------------------------------
 (1) _isr                                                  8     8      0     265
                                              6 COMMON     8     8      0
                            ___lwmod
 ---------------------------------------------------------------------------------
 (2) ___lwmod                                              6     2      4     265
                                              0 COMMON     6     2      4
 ---------------------------------------------------------------------------------
 Estimated maximum stack depth 2
 ---------------------------------------------------------------------------------

 Call Graph Graphs:

 _main (ROOT)

 _isr (ROOT)
   ___lwmod

 Address spaces:
Name               Size   Autos  Total    Cost      Usage
BITCOMMON            E      0       0       0        0.0%
EEDATA             100      0       0       0        0.0%
NULL                 0      0       0       0        0.0%
CODE                 0      0       0       0        0.0%
COMMON               E      E       E       1      100.0%
BITSFR0              0      0       0       1        0.0%
SFR0                 0      0       0       1        0.0%
BITSFR1              0      0       0       2        0.0%
SFR1                 0      0       0       2        0.0%
STACK                0      0       0       2        0.0%
BANK0               50      1       6       3        7.5%
BITBANK1            50      0       1       4        1.2%
BITSFR3              0      0       0       4        0.0%
SFR3                 0      0       0       4        0.0%
BANK1               50      0       1       5        1.2%
BITSFR2              0      0       0       5        0.0%
SFR2                 0      0       0       5        0.0%
BITBANK2            50      0       0       6        0.0%
BANK2               50      0       0       7        0.0%
ABS                  0      0      15       8        0.0%
BITBANK0            50      0       0       9        0.0%
DATA                 0      0      15      10        0.0%


Microchip Technology PIC Macro Assembler V1.36 build -262312587 
Symbol Table                                                                                   Fri May 27 16:20:39 2016

            __CFG_CP$OFF 0000                       l73 00F2                      _GIE 005F  
                    _RA0 0028                      _RA1 0029                      _RC0 0038  
                    _RC1 0039                      _RC2 003A                      _RC3 003B  
                    _RC4 003C                      _RC5 003D             __CFG_CPD$OFF 0000  
                    _isr 001D                      _ovf 0022                      fsr0 0004  
                   ?_isr 0070                     _IOCA 0096                     _PIE1 008C  
                   _RAIF 0058                     i1l80 0062                     _PCON 008E  
                   _PIR1 000C                     i1l92 00AC                     i1l94 00AE  
                   _WPUA 0095                     _main 00B9                     _mode 0021  
                   btemp 007E                     ltemp 007E                     start 0011  
                   ttemp 007E                     wtemp 007E            __CFG_IESO$OFF 0000  
          __CFG_MCLRE$ON 0000                    ??_isr 0076                    ?_main 0070  
          __CFG_WDTE$OFF 0000                    _ANSEL 0091                    _T1CON 0010  
        __end_of___lwmod 0125                    i1l710 00F9                    i1l712 0107  
                  i1l720 0120                    i1l716 0115                    i1l804 0052  
                  i1l812 0057                    i1l842 009B                    i1l818 0073  
                  i1l834 008D                    i1l828 0081                    i1l780 003A  
                  i1l796 004A                    i1l788 0042                    u16_25 00FC  
                  _TMR1H 000F                    _TMR1L 000E                    u18_25 010D  
                  _PORTA 0005                    u19_25 0116                    u29_27 0085  
                  _TRISA 0085                    _TRISC 0087            __CFG_PWRTE$ON 0000  
         __CFG_FCMEN$OFF 0000                    pclath 000A                    ltemp0 007E  
                  ltemp1 0082                    ltemp2 0086                    ltemp3 0080  
                  ttemp0 007E                    ttemp1 0081                    ttemp2 0084  
                  ttemp3 0087                    ttemp4 007F                    status 0003  
                  wtemp0 007E                    wtemp1 0080                    wtemp2 0082  
                  wtemp3 0084                    wtemp4 0086                    wtemp5 0088  
                  wtemp6 007F          __initialization 0013             __end_of_main 00F3  
                 ??_main 0025                   _CMCON0 0019                   _CMCON1 001A  
                 _INTCON 000B                   _TMR1IF 0060                   _TMR1ON 0080  
              ??___lwmod 0074                   _mot_on 0500                   saved_w 007E  
__end_of__initialization 001A           __pcstackCOMMON 0070               __pbssBANK0 0020  
             __pmaintext 00B9               __pintentry 0004                  ___lwmod 00F3  
                __ptext1 001D                  __ptext2 00F3             __size_of_isr 009C  
                _minutes 0020                  _seconds 0023     end_of_initialization 001A  
          __pbitbssBANK1 0500      start_initialization 0013              __end_of_isr 00B9  
              ___latbits 0001            __pcstackBANK0 0025                __pnvBANK0 0024  
               ?___lwmod 0070        interrupt_function 0004         __size_of___lwmod 0032  
          __size_of_main 003A                 _mot_time 0024        __CFG_BOREN$NSLEEP 0000  
               intlevel1 0000         ___lwmod@dividend 0072               _OPTION_REG 0081  
        ___lwmod@divisor 0070          ___lwmod@counter 0075       __CFG_FOSC$INTOSCIO 0000  
